23-Apr-2019 07:46:03.846 INFO [main] org.apache.coyote.AbstractProtocol.init Initializing ProtocolHandler ["http-nio-8081"]
23-Apr-2019 07:46:04.062 INFO [main] org.apache.tomcat.util.net.NioSelectorPool.getSharedSelector Using a shared selector for servlet write/read
23-Apr-2019 07:46:04.118 INFO [main] org.apache.coyote.AbstractProtocol.init Initializing ProtocolHandler ["http-nio-8040"]
23-Apr-2019 07:46:04.157 INFO [main] org.apache.tomcat.util.net.NioSelectorPool.getSharedSelector Using a shared selector for servlet write/read
23-Apr-2019 07:46:04.192 INFO [main] org.apache.coyote.AbstractProtocol.init Initializing ProtocolHandler ["ajp-nio-8019"]
23-Apr-2019 07:46:04.235 INFO [main] org.apache.tomcat.util.net.NioSelectorPool.getSharedSelector Using a shared selector for servlet write/read
23-Apr-2019 07:46:04.290 INFO [main] org.apache.catalina.core.StandardService.startInternal Starting service [Catalina]
23-Apr-2019 07:46:04.329 INFO [main] org.apache.catalina.core.StandardEngine.startInternal Starting Servlet Engine: Apache Tomcat/8.5.32
23-Apr-2019 07:46:04.528 INFO [localhost-startStop-2] org.apache.catalina.startup.HostConfig.deployDescriptor Deploying configuration descriptor [/opt/jfrog/artifactory/tomcat/conf/Catalina/localhost/artifactory.xml]
23-Apr-2019 07:46:04.528 INFO [localhost-startStop-1] org.apache.catalina.startup.HostConfig.deployDescriptor Deploying configuration descriptor [/opt/jfrog/artifactory/tomcat/conf/Catalina/localhost/access.xml]
23-Apr-2019 07:46:18.436 INFO [localhost-startStop-2] org.apache.catalina.startup.HostConfig.deployDescriptor Deployment of configuration descriptor [/opt/jfrog/artifactory/tomcat/conf/Catalina/localhost/artifactory.xml] has finished in [13,889] ms
23-Apr-2019 07:46:46.856 INFO [localhost-startStop-1] org.apache.catalina.startup.HostConfig.deployDescriptor Deployment of configuration descriptor [/opt/jfrog/artifactory/tomcat/conf/Catalina/localhost/access.xml] has finished in [42,328] ms
23-Apr-2019 07:46:46.869 INFO [localhost-startStop-3] org.apache.catalina.startup.HostConfig.deployDirectory Deploying web application directory [/opt/jfrog/artifactory/tomcat/webapps/ROOT]
23-Apr-2019 07:46:46.948 INFO [localhost-startStop-3] org.apache.catalina.startup.HostConfig.deployDirectory Deployment of web application directory [/opt/jfrog/artifactory/tomcat/webapps/ROOT] has finished in [79] ms
23-Apr-2019 07:46:46.980 INFO [main] org.apache.coyote.AbstractProtocol.start Starting ProtocolHandler ["http-nio-8081"]
23-Apr-2019 07:46:47.061 INFO [main] org.apache.coyote.AbstractProtocol.start Starting ProtocolHandler ["http-nio-8040"]
23-Apr-2019 07:46:47.148 INFO [main] org.apache.coyote.AbstractProtocol.start Starting ProtocolHandler ["ajp-nio-8019"]
23-Apr-2019 08:28:17.898 INFO [main] org.apache.coyote.AbstractProtocol.init Initializing ProtocolHandler ["http-nio-8081"]
23-Apr-2019 08:28:17.985 INFO [main] org.apache.tomcat.util.net.NioSelectorPool.getSharedSelector Using a shared selector for servlet write/read
23-Apr-2019 08:28:18.041 INFO [main] org.apache.coyote.AbstractProtocol.init Initializing ProtocolHandler ["http-nio-8040"]
23-Apr-2019 08:28:18.045 INFO [main] org.apache.tomcat.util.net.NioSelectorPool.getSharedSelector Using a shared selector for servlet write/read
23-Apr-2019 08:28:18.049 INFO [main] org.apache.coyote.AbstractProtocol.init Initializing ProtocolHandler ["ajp-nio-8019"]
23-Apr-2019 08:28:18.084 INFO [main] org.apache.tomcat.util.net.NioSelectorPool.getSharedSelector Using a shared selector for servlet write/read
23-Apr-2019 08:28:18.141 INFO [main] org.apache.catalina.core.StandardService.startInternal Starting service [Catalina]
23-Apr-2019 08:28:18.147 INFO [main] org.apache.catalina.core.StandardEngine.startInternal Starting Servlet Engine: Apache Tomcat/8.5.32
23-Apr-2019 08:28:18.323 INFO [localhost-startStop-1] org.apache.catalina.startup.HostConfig.deployDescriptor Deploying configuration descriptor [/opt/jfrog/artifactory/tomcat/conf/Catalina/localhost/access.xml]
23-Apr-2019 08:28:18.329 INFO [localhost-startStop-2] org.apache.catalina.startup.HostConfig.deployDescriptor Deploying configuration descriptor [/opt/jfrog/artifactory/tomcat/conf/Catalina/localhost/artifactory.xml]
23-Apr-2019 08:28:30.805 INFO [localhost-startStop-2] org.apache.catalina.startup.HostConfig.deployDescriptor Deployment of configuration descriptor [/opt/jfrog/artifactory/tomcat/conf/Catalina/localhost/artifactory.xml] has finished in [12,475] ms
23-Apr-2019 08:29:00.224 INFO [localhost-startStop-1] org.apache.catalina.startup.HostConfig.deployDescriptor Deployment of configuration descriptor [/opt/jfrog/artifactory/tomcat/conf/Catalina/localhost/access.xml] has finished in [41,900] ms
23-Apr-2019 08:29:00.248 INFO [localhost-startStop-3] org.apache.catalina.startup.HostConfig.deployDirectory Deploying web application directory [/opt/jfrog/artifactory/tomcat/webapps/ROOT]
23-Apr-2019 08:29:00.436 INFO [localhost-startStop-3] org.apache.catalina.startup.HostConfig.deployDirectory Deployment of web application directory [/opt/jfrog/artifactory/tomcat/webapps/ROOT] has finished in [188] ms
23-Apr-2019 08:29:00.451 INFO [main] org.apache.coyote.AbstractProtocol.start Starting ProtocolHandler ["http-nio-8081"]
23-Apr-2019 08:29:00.489 INFO [main] org.apache.coyote.AbstractProtocol.start Starting ProtocolHandler ["http-nio-8040"]
23-Apr-2019 08:29:00.514 INFO [main] org.apache.coyote.AbstractProtocol.start Starting ProtocolHandler ["ajp-nio-8019"]
23-Apr-2019 08:35:51.018 INFO [main] org.apache.coyote.AbstractProtocol.init Initializing ProtocolHandler ["http-nio-8081"]
23-Apr-2019 08:35:51.118 INFO [main] org.apache.tomcat.util.net.NioSelectorPool.getSharedSelector Using a shared selector for servlet write/read
23-Apr-2019 08:35:51.149 INFO [main] org.apache.coyote.AbstractProtocol.init Initializing ProtocolHandler ["http-nio-8040"]
23-Apr-2019 08:35:51.152 INFO [main] org.apache.tomcat.util.net.NioSelectorPool.getSharedSelector Using a shared selector for servlet write/read
23-Apr-2019 08:35:51.156 INFO [main] org.apache.coyote.AbstractProtocol.init Initializing ProtocolHandler ["ajp-nio-8019"]
23-Apr-2019 08:35:51.166 INFO [main] org.apache.tomcat.util.net.NioSelectorPool.getSharedSelector Using a shared selector for servlet write/read
23-Apr-2019 08:35:51.207 INFO [main] org.apache.catalina.core.StandardService.startInternal Starting service [Catalina]
23-Apr-2019 08:35:51.221 INFO [main] org.apache.catalina.core.StandardEngine.startInternal Starting Servlet Engine: Apache Tomcat/8.5.32
23-Apr-2019 08:35:51.309 INFO [localhost-startStop-2] org.apache.catalina.startup.HostConfig.deployDescriptor Deploying configuration descriptor [/opt/jfrog/artifactory/tomcat/conf/Catalina/localhost/artifactory.xml]
23-Apr-2019 08:35:51.309 INFO [localhost-startStop-1] org.apache.catalina.startup.HostConfig.deployDescriptor Deploying configuration descriptor [/opt/jfrog/artifactory/tomcat/conf/Catalina/localhost/access.xml]
23-Apr-2019 08:36:04.390 INFO [localhost-startStop-2] org.apache.catalina.startup.HostConfig.deployDescriptor Deployment of configuration descriptor [/opt/jfrog/artifactory/tomcat/conf/Catalina/localhost/artifactory.xml] has finished in [13,081] ms
23-Apr-2019 08:36:53.895 INFO [localhost-startStop-1] org.apache.catalina.startup.HostConfig.deployDescriptor Deployment of configuration descriptor [/opt/jfrog/artifactory/tomcat/conf/Catalina/localhost/access.xml] has finished in [62,586] ms
23-Apr-2019 08:36:53.928 INFO [localhost-startStop-3] org.apache.catalina.startup.HostConfig.deployDirectory Deploying web application directory [/opt/jfrog/artifactory/tomcat/webapps/ROOT]
23-Apr-2019 08:36:54.048 INFO [localhost-startStop-3] org.apache.catalina.startup.HostConfig.deployDirectory Deployment of web application directory [/opt/jfrog/artifactory/tomcat/webapps/ROOT] has finished in [121] ms
23-Apr-2019 08:36:54.071 INFO [main] org.apache.coyote.AbstractProtocol.start Starting ProtocolHandler ["http-nio-8081"]
23-Apr-2019 08:36:54.120 INFO [main] org.apache.coyote.AbstractProtocol.start Starting ProtocolHandler ["http-nio-8040"]
23-Apr-2019 08:36:54.140 INFO [main] org.apache.coyote.AbstractProtocol.start Starting ProtocolHandler ["ajp-nio-8019"]
