29-Apr-2019 09:33:59.305 INFO [main] org.apache.catalina.core.StandardServer.await A valid shutdown command was received via the shutdown port. Stopping the Server instance.
29-Apr-2019 09:33:59.362 INFO [main] org.apache.coyote.AbstractProtocol.pause Pausing ProtocolHandler ["http-nio-8081"]
29-Apr-2019 09:33:59.405 INFO [main] org.apache.coyote.AbstractProtocol.pause Pausing ProtocolHandler ["http-nio-8040"]
29-Apr-2019 09:33:59.408 INFO [main] org.apache.coyote.AbstractProtocol.pause Pausing ProtocolHandler ["ajp-nio-8019"]
29-Apr-2019 09:33:59.419 INFO [main] org.apache.catalina.core.StandardService.stopInternal Stopping service [Catalina]
29-Apr-2019 09:34:00.525 WARNING [localhost-startStop-5] org.apache.catalina.loader.WebappClassLoaderBase.clearReferencesJdbc The web application [artifactory] registered the JDBC driver [org.postgresql.Driver] but failed to unregister it when the web application was stopped. To prevent a memory leak, the JDBC Driver has been forcibly unregistered.
29-Apr-2019 09:34:00.535 WARNING [localhost-startStop-5] org.apache.catalina.loader.WebappClassLoaderBase.clearReferencesThreads The web application [artifactory] appears to have started a thread named [metadata-operator-status-probe] but has failed to stop it. This is very likely to create a memory leak. Stack trace of thread:
 java.lang.Thread.sleep(Native Method)
 org.artifactory.event.work.StatusProbeServiceImpl.pause(StatusProbeServiceImpl.java:53)
 org.artifactory.event.work.StatusProbeServiceImpl.lambda$null$0(StatusProbeServiceImpl.java:36)
 org.artifactory.event.work.StatusProbeServiceImpl$$Lambda$638/499265684.run(Unknown Source)
 org.artifactory.event.work.StatusProbeServiceImpl.locallyExclusive(StatusProbeServiceImpl.java:66)
 org.artifactory.event.work.StatusProbeServiceImpl.lambda$startProbing$1(StatusProbeServiceImpl.java:27)
 org.artifactory.event.work.StatusProbeServiceImpl$$Lambda$637/1813377607.run(Unknown Source)
 java.util.concurrent.Executors$RunnableAdapter.call(Executors.java:511)
 java.util.concurrent.FutureTask.run(FutureTask.java:266)
 java.util.concurrent.ThreadPoolExecutor.runWorker(ThreadPoolExecutor.java:1149)
 java.util.concurrent.ThreadPoolExecutor$Worker.run(ThreadPoolExecutor.java:624)
 java.lang.Thread.run(Thread.java:748)
29-Apr-2019 09:34:00.544 WARNING [localhost-startStop-5] org.apache.catalina.loader.WebappClassLoaderBase.clearReferencesThreads The web application [artifactory] appears to have started a thread named [migration-event-dispatcher-metadata-operator] but has failed to stop it. This is very likely to create a memory leak. Stack trace of thread:
 java.lang.Object.wait(Native Method)
 org.artifactory.event.work.EventOperatorDispatcher.dispatchLoop(EventOperatorDispatcher.java:72)
 org.artifactory.event.work.EventOperatorDispatcher.run(EventOperatorDispatcher.java:47)
29-Apr-2019 09:34:00.546 SEVERE [localhost-startStop-5] org.apache.catalina.loader.WebappClassLoaderBase.checkThreadLocalMapForLeaks The web application [artifactory] created a ThreadLocal with key of type [java.lang.InheritableThreadLocal] (value [java.lang.InheritableThreadLocal@63781cb7]) and a value of type [org.artifactory.common.ArtifactoryHome] (value [org.artifactory.common.ArtifactoryHome@3d23de7c]) but failed to remove it when the web application was stopped. Threads are going to be renewed over time to try and avoid a probable memory leak.
29-Apr-2019 09:34:00.548 SEVERE [localhost-startStop-5] org.apache.catalina.loader.WebappClassLoaderBase.checkThreadLocalMapForLeaks The web application [artifactory] created a ThreadLocal with key of type [java.lang.ThreadLocal] (value [java.lang.ThreadLocal@353410c2]) and a value of type [org.springframework.security.core.context.SecurityContextImpl] (value [org.springframework.security.core.context.SecurityContextImpl@ffffffff: Null authentication]) but failed to remove it when the web application was stopped. Threads are going to be renewed over time to try and avoid a probable memory leak.
29-Apr-2019 09:34:00.549 SEVERE [localhost-startStop-5] org.apache.catalina.loader.WebappClassLoaderBase.checkThreadLocalMapForLeaks The web application [artifactory] created a ThreadLocal with key of type [java.lang.ThreadLocal] (value [java.lang.ThreadLocal@353410c2]) and a value of type [org.springframework.security.core.context.SecurityContextImpl] (value [org.springframework.security.core.context.SecurityContextImpl@ffffffff: Null authentication]) but failed to remove it when the web application was stopped. Threads are going to be renewed over time to try and avoid a probable memory leak.
29-Apr-2019 09:34:00.551 SEVERE [localhost-startStop-5] org.apache.catalina.loader.WebappClassLoaderBase.checkThreadLocalMapForLeaks The web application [artifactory] created a ThreadLocal with key of type [java.lang.ThreadLocal] (value [java.lang.ThreadLocal@353410c2]) and a value of type [org.springframework.security.core.context.SecurityContextImpl] (value [org.springframework.security.core.context.SecurityContextImpl@ffffffff: Null authentication]) but failed to remove it when the web application was stopped. Threads are going to be renewed over time to try and avoid a probable memory leak.
29-Apr-2019 09:34:00.555 SEVERE [localhost-startStop-5] org.apache.catalina.loader.WebappClassLoaderBase.checkThreadLocalMapForLeaks The web application [artifactory] created a ThreadLocal with key of type [java.lang.ThreadLocal] (value [java.lang.ThreadLocal@353410c2]) and a value of type [org.springframework.security.core.context.SecurityContextImpl] (value [org.springframework.security.core.context.SecurityContextImpl@ffffffff: Null authentication]) but failed to remove it when the web application was stopped. Threads are going to be renewed over time to try and avoid a probable memory leak.
29-Apr-2019 09:34:00.557 SEVERE [localhost-startStop-5] org.apache.catalina.loader.WebappClassLoaderBase.checkThreadLocalMapForLeaks The web application [artifactory] created a ThreadLocal with key of type [java.lang.ThreadLocal] (value [java.lang.ThreadLocal@353410c2]) and a value of type [org.springframework.security.core.context.SecurityContextImpl] (value [org.springframework.security.core.context.SecurityContextImpl@ffffffff: Null authentication]) but failed to remove it when the web application was stopped. Threads are going to be renewed over time to try and avoid a probable memory leak.
29-Apr-2019 09:34:00.559 SEVERE [localhost-startStop-5] org.apache.catalina.loader.WebappClassLoaderBase.checkThreadLocalMapForLeaks The web application [artifactory] created a ThreadLocal with key of type [java.lang.ThreadLocal] (value [java.lang.ThreadLocal@353410c2]) and a value of type [org.springframework.security.core.context.SecurityContextImpl] (value [org.springframework.security.core.context.SecurityContextImpl@ffffffff: Null authentication]) but failed to remove it when the web application was stopped. Threads are going to be renewed over time to try and avoid a probable memory leak.
29-Apr-2019 09:34:00.580 SEVERE [localhost-startStop-5] org.apache.catalina.loader.WebappClassLoaderBase.checkThreadLocalMapForLeaks The web application [artifactory] created a ThreadLocal with key of type [java.lang.ThreadLocal] (value [java.lang.ThreadLocal@353410c2]) and a value of type [org.springframework.security.core.context.SecurityContextImpl] (value [org.springframework.security.core.context.SecurityContextImpl@ffffffff: Null authentication]) but failed to remove it when the web application was stopped. Threads are going to be renewed over time to try and avoid a probable memory leak.
29-Apr-2019 09:34:00.590 SEVERE [localhost-startStop-5] org.apache.catalina.loader.WebappClassLoaderBase.checkThreadLocalMapForLeaks The web application [artifactory] created a ThreadLocal with key of type [java.lang.ThreadLocal] (value [java.lang.ThreadLocal@353410c2]) and a value of type [org.springframework.security.core.context.SecurityContextImpl] (value [org.springframework.security.core.context.SecurityContextImpl@ffffffff: Null authentication]) but failed to remove it when the web application was stopped. Threads are going to be renewed over time to try and avoid a probable memory leak.
29-Apr-2019 09:34:00.610 SEVERE [localhost-startStop-5] org.apache.catalina.loader.WebappClassLoaderBase.checkThreadLocalMapForLeaks The web application [artifactory] created a ThreadLocal with key of type [java.lang.ThreadLocal] (value [java.lang.ThreadLocal@353410c2]) and a value of type [org.springframework.security.core.context.SecurityContextImpl] (value [org.springframework.security.core.context.SecurityContextImpl@ffffffff: Null authentication]) but failed to remove it when the web application was stopped. Threads are going to be renewed over time to try and avoid a probable memory leak.
29-Apr-2019 09:34:00.612 SEVERE [localhost-startStop-5] org.apache.catalina.loader.WebappClassLoaderBase.checkThreadLocalMapForLeaks The web application [artifactory] created a ThreadLocal with key of type [java.lang.ThreadLocal] (value [java.lang.ThreadLocal@353410c2]) and a value of type [org.springframework.security.core.context.SecurityContextImpl] (value [org.springframework.security.core.context.SecurityContextImpl@ffffffff: Null authentication]) but failed to remove it when the web application was stopped. Threads are going to be renewed over time to try and avoid a probable memory leak.
29-Apr-2019 09:34:00.623 SEVERE [localhost-startStop-5] org.apache.catalina.loader.WebappClassLoaderBase.checkThreadLocalMapForLeaks The web application [artifactory] created a ThreadLocal with key of type [java.lang.InheritableThreadLocal] (value [java.lang.InheritableThreadLocal@29414619]) and a value of type [org.artifactory.spring.ArtifactoryApplicationContext] (value [artifactory: startup date [Fri Apr 26 15:24:45 UTC 2019]; root of context hierarchy]) but failed to remove it when the web application was stopped. Threads are going to be renewed over time to try and avoid a probable memory leak.
29-Apr-2019 09:34:00.647 SEVERE [localhost-startStop-5] org.apache.catalina.loader.WebappClassLoaderBase.checkThreadLocalMapForLeaks The web application [artifactory] created a ThreadLocal with key of type [java.lang.InheritableThreadLocal] (value [java.lang.InheritableThreadLocal@63781cb7]) and a value of type [org.artifactory.common.ArtifactoryHome] (value [org.artifactory.common.ArtifactoryHome@3d23de7c]) but failed to remove it when the web application was stopped. Threads are going to be renewed over time to try and avoid a probable memory leak.
29-Apr-2019 09:34:00.665 SEVERE [localhost-startStop-5] org.apache.catalina.loader.WebappClassLoaderBase.checkThreadLocalMapForLeaks The web application [artifactory] created a ThreadLocal with key of type [java.lang.InheritableThreadLocal] (value [java.lang.InheritableThreadLocal@29414619]) and a value of type [org.artifactory.spring.ArtifactoryApplicationContext] (value [artifactory: startup date [Fri Apr 26 15:24:45 UTC 2019]; root of context hierarchy]) but failed to remove it when the web application was stopped. Threads are going to be renewed over time to try and avoid a probable memory leak.
29-Apr-2019 09:34:00.668 SEVERE [localhost-startStop-5] org.apache.catalina.loader.WebappClassLoaderBase.checkThreadLocalMapForLeaks The web application [artifactory] created a ThreadLocal with key of type [java.lang.InheritableThreadLocal] (value [java.lang.InheritableThreadLocal@63781cb7]) and a value of type [org.artifactory.common.ArtifactoryHome] (value [org.artifactory.common.ArtifactoryHome@3d23de7c]) but failed to remove it when the web application was stopped. Threads are going to be renewed over time to try and avoid a probable memory leak.
29-Apr-2019 09:34:00.670 SEVERE [localhost-startStop-5] org.apache.catalina.loader.WebappClassLoaderBase.checkThreadLocalMapForLeaks The web application [artifactory] created a ThreadLocal with key of type [java.lang.InheritableThreadLocal] (value [java.lang.InheritableThreadLocal@63781cb7]) and a value of type [org.artifactory.common.ArtifactoryHome] (value [org.artifactory.common.ArtifactoryHome@3d23de7c]) but failed to remove it when the web application was stopped. Threads are going to be renewed over time to try and avoid a probable memory leak.
29-Apr-2019 09:34:01.661 SEVERE [localhost-startStop-4] org.apache.catalina.loader.WebappClassLoaderBase.checkThreadLocalMapForLeaks The web application [access] created a ThreadLocal with key of type [org.jfrog.access.server.service.auth.AuthenticationServiceImpl$1] (value [org.jfrog.access.server.service.auth.AuthenticationServiceImpl$1@545a1e20]) and a value of type [org.jfrog.access.server.service.auth.model.AnonymousPrincipal] (value [anonymous]) but failed to remove it when the web application was stopped. Threads are going to be renewed over time to try and avoid a probable memory leak.
29-Apr-2019 09:34:01.663 SEVERE [localhost-startStop-4] org.apache.catalina.loader.WebappClassLoaderBase.checkThreadLocalMapForLeaks The web application [access] created a ThreadLocal with key of type [org.jfrog.access.server.service.auth.AuthenticationServiceImpl$1] (value [org.jfrog.access.server.service.auth.AuthenticationServiceImpl$1@545a1e20]) and a value of type [org.jfrog.access.server.service.auth.model.AnonymousPrincipal] (value [anonymous]) but failed to remove it when the web application was stopped. Threads are going to be renewed over time to try and avoid a probable memory leak.
29-Apr-2019 09:34:01.664 SEVERE [localhost-startStop-4] org.apache.catalina.loader.WebappClassLoaderBase.checkThreadLocalMapForLeaks The web application [access] created a ThreadLocal with key of type [org.jfrog.access.server.service.auth.AuthenticationServiceImpl$1] (value [org.jfrog.access.server.service.auth.AuthenticationServiceImpl$1@545a1e20]) and a value of type [org.jfrog.access.server.service.auth.model.AnonymousPrincipal] (value [anonymous]) but failed to remove it when the web application was stopped. Threads are going to be renewed over time to try and avoid a probable memory leak.
29-Apr-2019 09:34:01.666 SEVERE [localhost-startStop-4] org.apache.catalina.loader.WebappClassLoaderBase.checkThreadLocalMapForLeaks The web application [access] created a ThreadLocal with key of type [org.jfrog.access.server.service.auth.AuthenticationServiceImpl$1] (value [org.jfrog.access.server.service.auth.AuthenticationServiceImpl$1@545a1e20]) and a value of type [org.jfrog.access.server.service.auth.model.AnonymousPrincipal] (value [anonymous]) but failed to remove it when the web application was stopped. Threads are going to be renewed over time to try and avoid a probable memory leak.
29-Apr-2019 09:34:01.667 SEVERE [localhost-startStop-4] org.apache.catalina.loader.WebappClassLoaderBase.checkThreadLocalMapForLeaks The web application [access] created a ThreadLocal with key of type [org.jfrog.access.server.service.auth.AuthenticationServiceImpl$1] (value [org.jfrog.access.server.service.auth.AuthenticationServiceImpl$1@545a1e20]) and a value of type [org.jfrog.access.server.service.auth.model.AnonymousPrincipal] (value [anonymous]) but failed to remove it when the web application was stopped. Threads are going to be renewed over time to try and avoid a probable memory leak.
29-Apr-2019 09:34:01.669 SEVERE [localhost-startStop-4] org.apache.catalina.loader.WebappClassLoaderBase.checkThreadLocalMapForLeaks The web application [access] created a ThreadLocal with key of type [org.jfrog.access.server.service.auth.AuthenticationServiceImpl$1] (value [org.jfrog.access.server.service.auth.AuthenticationServiceImpl$1@545a1e20]) and a value of type [org.jfrog.access.server.service.auth.model.AnonymousPrincipal] (value [anonymous]) but failed to remove it when the web application was stopped. Threads are going to be renewed over time to try and avoid a probable memory leak.
29-Apr-2019 09:34:01.693 SEVERE [localhost-startStop-4] org.apache.catalina.loader.WebappClassLoaderBase.checkThreadLocalMapForLeaks The web application [access] created a ThreadLocal with key of type [org.jfrog.access.server.service.auth.AuthenticationServiceImpl$1] (value [org.jfrog.access.server.service.auth.AuthenticationServiceImpl$1@545a1e20]) and a value of type [org.jfrog.access.server.service.auth.model.AnonymousPrincipal] (value [anonymous]) but failed to remove it when the web application was stopped. Threads are going to be renewed over time to try and avoid a probable memory leak.
29-Apr-2019 09:34:01.695 SEVERE [localhost-startStop-4] org.apache.catalina.loader.WebappClassLoaderBase.checkThreadLocalMapForLeaks The web application [access] created a ThreadLocal with key of type [org.jfrog.access.server.service.auth.AuthenticationServiceImpl$1] (value [org.jfrog.access.server.service.auth.AuthenticationServiceImpl$1@545a1e20]) and a value of type [org.jfrog.access.server.service.auth.model.AnonymousPrincipal] (value [anonymous]) but failed to remove it when the web application was stopped. Threads are going to be renewed over time to try and avoid a probable memory leak.
29-Apr-2019 09:34:01.696 SEVERE [localhost-startStop-4] org.apache.catalina.loader.WebappClassLoaderBase.checkThreadLocalMapForLeaks The web application [access] created a ThreadLocal with key of type [org.jfrog.access.server.service.auth.AuthenticationServiceImpl$1] (value [org.jfrog.access.server.service.auth.AuthenticationServiceImpl$1@545a1e20]) and a value of type [org.jfrog.access.server.service.auth.model.AnonymousPrincipal] (value [anonymous]) but failed to remove it when the web application was stopped. Threads are going to be renewed over time to try and avoid a probable memory leak.
29-Apr-2019 09:34:01.697 SEVERE [localhost-startStop-4] org.apache.catalina.loader.WebappClassLoaderBase.checkThreadLocalMapForLeaks The web application [access] created a ThreadLocal with key of type [org.jfrog.access.server.service.auth.AuthenticationServiceImpl$1] (value [org.jfrog.access.server.service.auth.AuthenticationServiceImpl$1@545a1e20]) and a value of type [org.jfrog.access.server.service.auth.model.AnonymousPrincipal] (value [anonymous]) but failed to remove it when the web application was stopped. Threads are going to be renewed over time to try and avoid a probable memory leak.
29-Apr-2019 09:34:01.732 INFO [main] org.apache.coyote.AbstractProtocol.stop Stopping ProtocolHandler ["http-nio-8081"]
29-Apr-2019 09:34:01.742 INFO [main] org.apache.coyote.AbstractProtocol.stop Stopping ProtocolHandler ["http-nio-8040"]
29-Apr-2019 09:34:01.763 INFO [main] org.apache.coyote.AbstractProtocol.stop Stopping ProtocolHandler ["ajp-nio-8019"]
29-Apr-2019 09:34:01.784 INFO [main] org.apache.coyote.AbstractProtocol.destroy Destroying ProtocolHandler ["http-nio-8081"]
29-Apr-2019 09:34:01.797 INFO [main] org.apache.coyote.AbstractProtocol.destroy Destroying ProtocolHandler ["http-nio-8040"]
29-Apr-2019 09:34:01.799 INFO [main] org.apache.coyote.AbstractProtocol.destroy Destroying ProtocolHandler ["ajp-nio-8019"]
29-Apr-2019 09:43:01.311 INFO [main] org.apache.coyote.AbstractProtocol.init Initializing ProtocolHandler ["http-nio-8081"]
29-Apr-2019 09:43:01.458 INFO [main] org.apache.tomcat.util.net.NioSelectorPool.getSharedSelector Using a shared selector for servlet write/read
29-Apr-2019 09:43:01.490 INFO [main] org.apache.coyote.AbstractProtocol.init Initializing ProtocolHandler ["http-nio-8040"]
29-Apr-2019 09:43:01.494 INFO [main] org.apache.tomcat.util.net.NioSelectorPool.getSharedSelector Using a shared selector for servlet write/read
29-Apr-2019 09:43:01.500 INFO [main] org.apache.coyote.AbstractProtocol.init Initializing ProtocolHandler ["ajp-nio-8019"]
29-Apr-2019 09:43:01.517 INFO [main] org.apache.tomcat.util.net.NioSelectorPool.getSharedSelector Using a shared selector for servlet write/read
29-Apr-2019 09:43:01.555 INFO [main] org.apache.catalina.core.StandardService.startInternal Starting service [Catalina]
29-Apr-2019 09:43:01.557 INFO [main] org.apache.catalina.core.StandardEngine.startInternal Starting Servlet Engine: Apache Tomcat/8.5.32
29-Apr-2019 09:43:01.705 INFO [localhost-startStop-1] org.apache.catalina.startup.HostConfig.deployDescriptor Deploying configuration descriptor [/opt/jfrog/artifactory/tomcat/conf/Catalina/localhost/access.xml]
29-Apr-2019 09:43:01.706 INFO [localhost-startStop-2] org.apache.catalina.startup.HostConfig.deployDescriptor Deploying configuration descriptor [/opt/jfrog/artifactory/tomcat/conf/Catalina/localhost/artifactory.xml]
29-Apr-2019 09:43:24.182 INFO [localhost-startStop-2] org.apache.catalina.startup.HostConfig.deployDescriptor Deployment of configuration descriptor [/opt/jfrog/artifactory/tomcat/conf/Catalina/localhost/artifactory.xml] has finished in [22,455] ms
29-Apr-2019 09:44:45.172 INFO [localhost-startStop-1] org.apache.catalina.startup.HostConfig.deployDescriptor Deployment of configuration descriptor [/opt/jfrog/artifactory/tomcat/conf/Catalina/localhost/access.xml] has finished in [103,466] ms
29-Apr-2019 09:44:45.187 INFO [localhost-startStop-3] org.apache.catalina.startup.HostConfig.deployDirectory Deploying web application directory [/opt/jfrog/artifactory/tomcat/webapps/ROOT]
29-Apr-2019 09:44:45.254 INFO [localhost-startStop-3] org.apache.catalina.startup.HostConfig.deployDirectory Deployment of web application directory [/opt/jfrog/artifactory/tomcat/webapps/ROOT] has finished in [67] ms
29-Apr-2019 09:44:45.299 INFO [main] org.apache.coyote.AbstractProtocol.start Starting ProtocolHandler ["http-nio-8081"]
29-Apr-2019 09:44:45.354 INFO [main] org.apache.coyote.AbstractProtocol.start Starting ProtocolHandler ["http-nio-8040"]
29-Apr-2019 09:44:45.389 INFO [main] org.apache.coyote.AbstractProtocol.start Starting ProtocolHandler ["ajp-nio-8019"]
29-Apr-2019 14:29:33.492 INFO [main] org.apache.coyote.AbstractProtocol.init Initializing ProtocolHandler ["http-nio-8081"]
29-Apr-2019 14:29:33.601 INFO [main] org.apache.tomcat.util.net.NioSelectorPool.getSharedSelector Using a shared selector for servlet write/read
29-Apr-2019 14:29:33.650 INFO [main] org.apache.coyote.AbstractProtocol.init Initializing ProtocolHandler ["http-nio-8040"]
29-Apr-2019 14:29:33.667 INFO [main] org.apache.tomcat.util.net.NioSelectorPool.getSharedSelector Using a shared selector for servlet write/read
29-Apr-2019 14:29:33.671 INFO [main] org.apache.coyote.AbstractProtocol.init Initializing ProtocolHandler ["ajp-nio-8019"]
29-Apr-2019 14:29:33.684 INFO [main] org.apache.tomcat.util.net.NioSelectorPool.getSharedSelector Using a shared selector for servlet write/read
29-Apr-2019 14:29:33.735 INFO [main] org.apache.catalina.core.StandardService.startInternal Starting service [Catalina]
29-Apr-2019 14:29:33.738 INFO [main] org.apache.catalina.core.StandardEngine.startInternal Starting Servlet Engine: Apache Tomcat/8.5.32
29-Apr-2019 14:29:33.860 INFO [localhost-startStop-1] org.apache.catalina.startup.HostConfig.deployDescriptor Deploying configuration descriptor [/opt/jfrog/artifactory/tomcat/conf/Catalina/localhost/access.xml]
29-Apr-2019 14:29:33.872 INFO [localhost-startStop-2] org.apache.catalina.startup.HostConfig.deployDescriptor Deploying configuration descriptor [/opt/jfrog/artifactory/tomcat/conf/Catalina/localhost/artifactory.xml]
29-Apr-2019 14:29:48.725 INFO [localhost-startStop-2] org.apache.catalina.startup.HostConfig.deployDescriptor Deployment of configuration descriptor [/opt/jfrog/artifactory/tomcat/conf/Catalina/localhost/artifactory.xml] has finished in [14,852] ms
29-Apr-2019 14:30:30.975 INFO [localhost-startStop-1] org.apache.catalina.startup.HostConfig.deployDescriptor Deployment of configuration descriptor [/opt/jfrog/artifactory/tomcat/conf/Catalina/localhost/access.xml] has finished in [57,114] ms
29-Apr-2019 14:30:30.987 INFO [localhost-startStop-3] org.apache.catalina.startup.HostConfig.deployDirectory Deploying web application directory [/opt/jfrog/artifactory/tomcat/webapps/ROOT]
29-Apr-2019 14:30:31.176 INFO [localhost-startStop-3] org.apache.catalina.startup.HostConfig.deployDirectory Deployment of web application directory [/opt/jfrog/artifactory/tomcat/webapps/ROOT] has finished in [189] ms
29-Apr-2019 14:30:31.205 INFO [main] org.apache.coyote.AbstractProtocol.start Starting ProtocolHandler ["http-nio-8081"]
29-Apr-2019 14:30:31.281 INFO [main] org.apache.coyote.AbstractProtocol.start Starting ProtocolHandler ["http-nio-8040"]
29-Apr-2019 14:30:31.308 INFO [main] org.apache.coyote.AbstractProtocol.start Starting ProtocolHandler ["ajp-nio-8019"]
