21-May-2019 14:13:22.695 INFO [main] org.apache.coyote.AbstractProtocol.init Initializing ProtocolHandler ["http-nio-8081"]
21-May-2019 14:13:22.757 INFO [main] org.apache.tomcat.util.net.NioSelectorPool.getSharedSelector Using a shared selector for servlet write/read
21-May-2019 14:13:22.775 INFO [main] org.apache.coyote.AbstractProtocol.init Initializing ProtocolHandler ["http-nio-8040"]
21-May-2019 14:13:22.780 INFO [main] org.apache.tomcat.util.net.NioSelectorPool.getSharedSelector Using a shared selector for servlet write/read
21-May-2019 14:13:22.790 INFO [main] org.apache.coyote.AbstractProtocol.init Initializing ProtocolHandler ["ajp-nio-8019"]
21-May-2019 14:13:22.798 INFO [main] org.apache.tomcat.util.net.NioSelectorPool.getSharedSelector Using a shared selector for servlet write/read
21-May-2019 14:13:22.816 INFO [main] org.apache.catalina.core.StandardService.startInternal Starting service [Catalina]
21-May-2019 14:13:22.818 INFO [main] org.apache.catalina.core.StandardEngine.startInternal Starting Servlet Engine: Apache Tomcat/8.5.32
21-May-2019 14:13:22.861 INFO [localhost-startStop-1] org.apache.catalina.startup.HostConfig.deployDescriptor Deploying configuration descriptor [/opt/jfrog/artifactory/tomcat/conf/Catalina/localhost/access.xml]
21-May-2019 14:13:22.861 INFO [localhost-startStop-2] org.apache.catalina.startup.HostConfig.deployDescriptor Deploying configuration descriptor [/opt/jfrog/artifactory/tomcat/conf/Catalina/localhost/artifactory.xml]
21-May-2019 14:13:31.959 INFO [localhost-startStop-2] org.apache.catalina.startup.HostConfig.deployDescriptor Deployment of configuration descriptor [/opt/jfrog/artifactory/tomcat/conf/Catalina/localhost/artifactory.xml] has finished in [9,097] ms
21-May-2019 14:14:01.785 INFO [localhost-startStop-1] org.apache.catalina.startup.HostConfig.deployDescriptor Deployment of configuration descriptor [/opt/jfrog/artifactory/tomcat/conf/Catalina/localhost/access.xml] has finished in [38,923] ms
21-May-2019 14:14:01.798 INFO [localhost-startStop-3] org.apache.catalina.startup.HostConfig.deployDirectory Deploying web application directory [/opt/jfrog/artifactory/tomcat/webapps/ROOT]
21-May-2019 14:14:01.873 INFO [localhost-startStop-3] org.apache.catalina.startup.HostConfig.deployDirectory Deployment of web application directory [/opt/jfrog/artifactory/tomcat/webapps/ROOT] has finished in [75] ms
21-May-2019 14:14:01.893 INFO [main] org.apache.coyote.AbstractProtocol.start Starting ProtocolHandler ["http-nio-8081"]
21-May-2019 14:14:01.935 INFO [main] org.apache.coyote.AbstractProtocol.start Starting ProtocolHandler ["http-nio-8040"]
21-May-2019 14:14:01.974 INFO [main] org.apache.coyote.AbstractProtocol.start Starting ProtocolHandler ["ajp-nio-8019"]
21-May-2019 14:14:16.458 INFO [main] org.apache.catalina.core.StandardServer.await A valid shutdown command was received via the shutdown port. Stopping the Server instance.
21-May-2019 14:14:16.460 INFO [main] org.apache.coyote.AbstractProtocol.pause Pausing ProtocolHandler ["http-nio-8081"]
21-May-2019 14:14:16.514 INFO [main] org.apache.coyote.AbstractProtocol.pause Pausing ProtocolHandler ["http-nio-8040"]
21-May-2019 14:14:16.518 INFO [main] org.apache.coyote.AbstractProtocol.pause Pausing ProtocolHandler ["ajp-nio-8019"]
21-May-2019 14:14:16.520 INFO [main] org.apache.catalina.core.StandardService.stopInternal Stopping service [Catalina]
21-May-2019 14:14:16.740 WARNING [localhost-startStop-5] org.apache.catalina.loader.WebappClassLoaderBase.clearReferencesJdbc The web application [artifactory] registered the JDBC driver [org.postgresql.Driver] but failed to unregister it when the web application was stopped. To prevent a memory leak, the JDBC Driver has been forcibly unregistered.
21-May-2019 14:14:16.745 WARNING [localhost-startStop-5] org.apache.catalina.loader.WebappClassLoaderBase.clearReferencesThreads The web application [artifactory] appears to have started a thread named [art-init] but has failed to stop it. This is very likely to create a memory leak. Stack trace of thread:
 java.util.Collections$UnmodifiableCollection.size(Collections.java:1030)
 org.glassfish.jersey.message.internal.MediaTypes$2.getLeastSpecific(MediaTypes.java:120)
 org.glassfish.jersey.message.internal.MediaTypes$2.compare(MediaTypes.java:115)
 org.glassfish.jersey.message.internal.MediaTypes$2.compare(MediaTypes.java:111)
 org.glassfish.jersey.server.internal.routing.MethodSelectingRouter$1.compare(MethodSelectingRouter.java:132)
 org.glassfish.jersey.server.internal.routing.MethodSelectingRouter$1.compare(MethodSelectingRouter.java:108)
 org.glassfish.jersey.server.internal.routing.MethodSelectingRouter$1.compare(MethodSelectingRouter.java:99)
 java.util.TimSort.countRunAndMakeAscending(TimSort.java:355)
 java.util.TimSort.sort(TimSort.java:234)
 java.util.Arrays.sort(Arrays.java:1438)
 java.util.List.sort(List.java:478)
 java.util.Collections.sort(Collections.java:175)
 org.glassfish.jersey.server.internal.routing.MethodSelectingRouter.<init>(MethodSelectingRouter.java:172)
 org.glassfish.jersey.server.internal.routing.RuntimeModelBuilder.buildModel(RuntimeModelBuilder.java:204)
 org.glassfish.jersey.server.internal.routing.Routing$Builder.buildStage(Routing.java:247)
 org.glassfish.jersey.server.ApplicationHandler.initialize(ApplicationHandler.java:422)
 org.glassfish.jersey.server.ApplicationHandler.lambda$initialize$1(ApplicationHandler.java:316)
 org.glassfish.jersey.server.ApplicationHandler$$Lambda$712/62167269.call(Unknown Source)
 org.glassfish.jersey.internal.Errors.process(Errors.java:316)
 org.glassfish.jersey.internal.Errors.process(Errors.java:298)
 org.glassfish.jersey.internal.Errors.processWithException(Errors.java:256)
 org.glassfish.jersey.server.ApplicationHandler.initialize(ApplicationHandler.java:315)
 org.glassfish.jersey.server.ApplicationHandler.<init>(ApplicationHandler.java:282)
 org.glassfish.jersey.servlet.WebComponent.<init>(WebComponent.java:335)
 org.glassfish.jersey.servlet.ServletContainer.init(ServletContainer.java:178)
 org.glassfish.jersey.servlet.ServletContainer.init(ServletContainer.java:370)
 javax.servlet.GenericServlet.init(GenericServlet.java:158)
 org.artifactory.rest.servlet.ArtifactoryRestServlet.delayedInit(ArtifactoryRestServlet.java:72)
 org.artifactory.webapp.servlet.ArtifactoryContextConfigListener$1.run(ArtifactoryContextConfigListener.java:109)
21-May-2019 14:14:16.748 WARNING [localhost-startStop-5] org.apache.catalina.loader.WebappClassLoaderBase.clearReferencesThreads The web application [artifactory] appears to have started a thread named [metadata-operator-status-probe] but has failed to stop it. This is very likely to create a memory leak. Stack trace of thread:
 java.lang.Thread.sleep(Native Method)
 org.artifactory.event.work.StatusProbeServiceImpl.pause(StatusProbeServiceImpl.java:53)
 org.artifactory.event.work.StatusProbeServiceImpl.lambda$null$0(StatusProbeServiceImpl.java:36)
 org.artifactory.event.work.StatusProbeServiceImpl$$Lambda$636/1995310926.run(Unknown Source)
 org.artifactory.event.work.StatusProbeServiceImpl.locallyExclusive(StatusProbeServiceImpl.java:66)
 org.artifactory.event.work.StatusProbeServiceImpl.lambda$startProbing$1(StatusProbeServiceImpl.java:27)
 org.artifactory.event.work.StatusProbeServiceImpl$$Lambda$635/1603391146.run(Unknown Source)
 java.util.concurrent.Executors$RunnableAdapter.call(Executors.java:511)
 java.util.concurrent.FutureTask.run(FutureTask.java:266)
 java.util.concurrent.ThreadPoolExecutor.runWorker(ThreadPoolExecutor.java:1149)
 java.util.concurrent.ThreadPoolExecutor$Worker.run(ThreadPoolExecutor.java:624)
 java.lang.Thread.run(Thread.java:748)
21-May-2019 14:14:16.751 WARNING [localhost-startStop-5] org.apache.catalina.loader.WebappClassLoaderBase.clearReferencesThreads The web application [artifactory] appears to have started a thread named [migration-event-dispatcher-metadata-operator] but has failed to stop it. This is very likely to create a memory leak. Stack trace of thread:
 java.lang.Object.wait(Native Method)
 org.artifactory.event.work.EventOperatorDispatcher.dispatchLoop(EventOperatorDispatcher.java:72)
 org.artifactory.event.work.EventOperatorDispatcher.run(EventOperatorDispatcher.java:47)
21-May-2019 14:14:16.753 SEVERE [localhost-startStop-5] org.apache.catalina.loader.WebappClassLoaderBase.checkThreadLocalMapForLeaks The web application [artifactory] created a ThreadLocal with key of type [java.lang.InheritableThreadLocal] (value [java.lang.InheritableThreadLocal@3eb2276c]) and a value of type [org.artifactory.common.ArtifactoryHome] (value [org.artifactory.common.ArtifactoryHome@2534a826]) but failed to remove it when the web application was stopped. Threads are going to be renewed over time to try and avoid a probable memory leak.
21-May-2019 14:14:16.754 SEVERE [localhost-startStop-5] org.apache.catalina.loader.WebappClassLoaderBase.checkThreadLocalMapForLeaks The web application [artifactory] created a ThreadLocal with key of type [java.lang.ThreadLocal] (value [java.lang.ThreadLocal@c3b9575]) and a value of type [org.glassfish.jersey.internal.Errors] (value [org.glassfish.jersey.internal.Errors@70555fb1]) but failed to remove it when the web application was stopped. Threads are going to be renewed over time to try and avoid a probable memory leak.
21-May-2019 14:14:16.757 SEVERE [localhost-startStop-5] org.apache.catalina.loader.WebappClassLoaderBase.checkThreadLocalMapForLeaks The web application [artifactory] created a ThreadLocal with key of type [java.lang.ThreadLocal] (value [java.lang.ThreadLocal@3dbb1b04]) and a value of type [org.springframework.security.core.context.SecurityContextImpl] (value [org.springframework.security.core.context.SecurityContextImpl@ffffffff: Null authentication]) but failed to remove it when the web application was stopped. Threads are going to be renewed over time to try and avoid a probable memory leak.
21-May-2019 14:14:16.760 SEVERE [localhost-startStop-5] org.apache.catalina.loader.WebappClassLoaderBase.checkThreadLocalMapForLeaks The web application [artifactory] created a ThreadLocal with key of type [java.lang.InheritableThreadLocal] (value [java.lang.InheritableThreadLocal@418df5d3]) and a value of type [org.artifactory.spring.ArtifactoryApplicationContext] (value [artifactory: startup date [Tue May 21 14:13:32 UTC 2019]; root of context hierarchy]) but failed to remove it when the web application was stopped. Threads are going to be renewed over time to try and avoid a probable memory leak.
21-May-2019 14:14:16.763 SEVERE [localhost-startStop-5] org.apache.catalina.loader.WebappClassLoaderBase.checkThreadLocalMapForLeaks The web application [artifactory] created a ThreadLocal with key of type [java.lang.InheritableThreadLocal] (value [java.lang.InheritableThreadLocal@3eb2276c]) and a value of type [org.artifactory.common.ArtifactoryHome] (value [org.artifactory.common.ArtifactoryHome@2534a826]) but failed to remove it when the web application was stopped. Threads are going to be renewed over time to try and avoid a probable memory leak.
21-May-2019 14:14:16.766 SEVERE [localhost-startStop-5] org.apache.catalina.loader.WebappClassLoaderBase.checkThreadLocalMapForLeaks The web application [artifactory] created a ThreadLocal with key of type [java.lang.InheritableThreadLocal] (value [java.lang.InheritableThreadLocal@418df5d3]) and a value of type [org.artifactory.spring.ArtifactoryApplicationContext] (value [artifactory: startup date [Tue May 21 14:13:32 UTC 2019]; root of context hierarchy]) but failed to remove it when the web application was stopped. Threads are going to be renewed over time to try and avoid a probable memory leak.
21-May-2019 14:14:16.775 SEVERE [localhost-startStop-5] org.apache.catalina.loader.WebappClassLoaderBase.checkThreadLocalMapForLeaks The web application [artifactory] created a ThreadLocal with key of type [java.lang.InheritableThreadLocal] (value [java.lang.InheritableThreadLocal@3eb2276c]) and a value of type [org.artifactory.common.ArtifactoryHome] (value [org.artifactory.common.ArtifactoryHome@2534a826]) but failed to remove it when the web application was stopped. Threads are going to be renewed over time to try and avoid a probable memory leak.
21-May-2019 14:14:16.778 SEVERE [localhost-startStop-5] org.apache.catalina.loader.WebappClassLoaderBase.checkThreadLocalMapForLeaks The web application [artifactory] created a ThreadLocal with key of type [java.lang.InheritableThreadLocal] (value [java.lang.InheritableThreadLocal@3eb2276c]) and a value of type [org.artifactory.common.ArtifactoryHome] (value [org.artifactory.common.ArtifactoryHome@2534a826]) but failed to remove it when the web application was stopped. Threads are going to be renewed over time to try and avoid a probable memory leak.
21-May-2019 14:14:16.943 INFO [art-init] org.apache.catalina.loader.WebappClassLoaderBase.checkStateForResourceLoading Illegal access: this web application instance has been stopped already. Could not load [org.glassfish.jersey.server.model.internal.JavaResourceMethodDispatcherProvider$VoidOutInvoker]. The following stack trace is thrown for debugging purposes as well as to attempt to terminate the thread which caused the illegal access.
 java.lang.IllegalStateException: Illegal access: this web application instance has been stopped already. Could not load [org.glassfish.jersey.server.model.internal.JavaResourceMethodDispatcherProvider$VoidOutInvoker]. The following stack trace is thrown for debugging purposes as well as to attempt to terminate the thread which caused the illegal access.
	at org.apache.catalina.loader.WebappClassLoaderBase.checkStateForResourceLoading(WebappClassLoaderBase.java:1329)
	at org.apache.catalina.loader.WebappClassLoaderBase.checkStateForClassLoading(WebappClassLoaderBase.java:1317)
	at org.apache.catalina.loader.WebappClassLoaderBase.loadClass(WebappClassLoaderBase.java:1176)
	at org.apache.catalina.loader.WebappClassLoaderBase.loadClass(WebappClassLoaderBase.java:1137)
	at org.glassfish.jersey.server.model.internal.JavaResourceMethodDispatcherProvider.create(JavaResourceMethodDispatcherProvider.java:112)
	at org.glassfish.jersey.server.model.internal.ResourceMethodDispatcherFactory.create(ResourceMethodDispatcherFactory.java:91)
	at org.glassfish.jersey.server.model.ResourceMethodInvoker.<init>(ResourceMethodInvoker.java:234)
	at org.glassfish.jersey.server.model.ResourceMethodInvoker.<init>(ResourceMethodInvoker.java:104)
	at org.glassfish.jersey.server.model.ResourceMethodInvoker$Builder.build(ResourceMethodInvoker.java:218)
	at org.glassfish.jersey.server.internal.routing.RuntimeModelBuilder.createInflector(RuntimeModelBuilder.java:130)
	at org.glassfish.jersey.server.internal.routing.RuntimeModelBuilder.createMethodRouter(RuntimeModelBuilder.java:117)
	at org.glassfish.jersey.server.internal.routing.RuntimeModelBuilder.createResourceMethodRouters(RuntimeModelBuilder.java:311)
	at org.glassfish.jersey.server.internal.routing.RuntimeModelBuilder.buildModel(RuntimeModelBuilder.java:200)
	at org.glassfish.jersey.server.internal.routing.Routing$Builder.buildStage(Routing.java:247)
	at org.glassfish.jersey.server.ApplicationHandler.initialize(ApplicationHandler.java:422)
	at org.glassfish.jersey.server.ApplicationHandler.lambda$initialize$1(ApplicationHandler.java:316)
	at org.glassfish.jersey.internal.Errors.process(Errors.java:316)
	at org.glassfish.jersey.internal.Errors.process(Errors.java:298)
	at org.glassfish.jersey.internal.Errors.processWithException(Errors.java:256)
	at org.glassfish.jersey.server.ApplicationHandler.initialize(ApplicationHandler.java:315)
	at org.glassfish.jersey.server.ApplicationHandler.<init>(ApplicationHandler.java:282)
	at org.glassfish.jersey.servlet.WebComponent.<init>(WebComponent.java:335)
	at org.glassfish.jersey.servlet.ServletContainer.init(ServletContainer.java:178)
	at org.glassfish.jersey.servlet.ServletContainer.init(ServletContainer.java:370)
	at javax.servlet.GenericServlet.init(GenericServlet.java:158)
	at org.artifactory.rest.servlet.ArtifactoryRestServlet.delayedInit(ArtifactoryRestServlet.java:72)
	at org.artifactory.webapp.servlet.ArtifactoryContextConfigListener$1.run(ArtifactoryContextConfigListener.java:109)

21-May-2019 14:14:17.035 SEVERE [localhost-startStop-4] org.apache.catalina.loader.WebappClassLoaderBase.checkThreadLocalMapForLeaks The web application [access] created a ThreadLocal with key of type [org.jfrog.access.server.service.auth.AuthenticationServiceImpl$1] (value [org.jfrog.access.server.service.auth.AuthenticationServiceImpl$1@4e744a71]) and a value of type [org.jfrog.access.server.service.auth.model.AnonymousPrincipal] (value [anonymous]) but failed to remove it when the web application was stopped. Threads are going to be renewed over time to try and avoid a probable memory leak.
21-May-2019 14:14:17.037 SEVERE [localhost-startStop-4] org.apache.catalina.loader.WebappClassLoaderBase.checkThreadLocalMapForLeaks The web application [access] created a ThreadLocal with key of type [org.jfrog.access.server.service.auth.AuthenticationServiceImpl$1] (value [org.jfrog.access.server.service.auth.AuthenticationServiceImpl$1@4e744a71]) and a value of type [org.jfrog.access.server.service.auth.model.AnonymousPrincipal] (value [anonymous]) but failed to remove it when the web application was stopped. Threads are going to be renewed over time to try and avoid a probable memory leak.
21-May-2019 14:14:17.038 SEVERE [localhost-startStop-4] org.apache.catalina.loader.WebappClassLoaderBase.checkThreadLocalMapForLeaks The web application [access] created a ThreadLocal with key of type [org.jfrog.access.server.service.auth.AuthenticationServiceImpl$1] (value [org.jfrog.access.server.service.auth.AuthenticationServiceImpl$1@4e744a71]) and a value of type [org.jfrog.access.server.service.auth.model.AnonymousPrincipal] (value [anonymous]) but failed to remove it when the web application was stopped. Threads are going to be renewed over time to try and avoid a probable memory leak.
21-May-2019 14:14:17.039 SEVERE [localhost-startStop-4] org.apache.catalina.loader.WebappClassLoaderBase.checkThreadLocalMapForLeaks The web application [access] created a ThreadLocal with key of type [org.jfrog.access.server.service.auth.AuthenticationServiceImpl$1] (value [org.jfrog.access.server.service.auth.AuthenticationServiceImpl$1@4e744a71]) and a value of type [org.jfrog.access.server.service.auth.model.AnonymousPrincipal] (value [anonymous]) but failed to remove it when the web application was stopped. Threads are going to be renewed over time to try and avoid a probable memory leak.
21-May-2019 14:14:17.040 SEVERE [localhost-startStop-4] org.apache.catalina.loader.WebappClassLoaderBase.checkThreadLocalMapForLeaks The web application [access] created a ThreadLocal with key of type [org.jfrog.access.server.service.auth.AuthenticationServiceImpl$1] (value [org.jfrog.access.server.service.auth.AuthenticationServiceImpl$1@4e744a71]) and a value of type [org.jfrog.access.server.service.auth.model.AnonymousPrincipal] (value [anonymous]) but failed to remove it when the web application was stopped. Threads are going to be renewed over time to try and avoid a probable memory leak.
21-May-2019 14:14:17.041 SEVERE [localhost-startStop-4] org.apache.catalina.loader.WebappClassLoaderBase.checkThreadLocalMapForLeaks The web application [access] created a ThreadLocal with key of type [org.jfrog.access.server.service.auth.AuthenticationServiceImpl$1] (value [org.jfrog.access.server.service.auth.AuthenticationServiceImpl$1@4e744a71]) and a value of type [org.jfrog.access.server.service.auth.model.AnonymousPrincipal] (value [anonymous]) but failed to remove it when the web application was stopped. Threads are going to be renewed over time to try and avoid a probable memory leak.
21-May-2019 14:14:17.043 SEVERE [localhost-startStop-4] org.apache.catalina.loader.WebappClassLoaderBase.checkThreadLocalMapForLeaks The web application [access] created a ThreadLocal with key of type [org.jfrog.access.server.service.auth.AuthenticationServiceImpl$1] (value [org.jfrog.access.server.service.auth.AuthenticationServiceImpl$1@4e744a71]) and a value of type [org.jfrog.access.server.service.auth.model.AnonymousPrincipal] (value [anonymous]) but failed to remove it when the web application was stopped. Threads are going to be renewed over time to try and avoid a probable memory leak.
21-May-2019 14:14:17.044 SEVERE [localhost-startStop-4] org.apache.catalina.loader.WebappClassLoaderBase.checkThreadLocalMapForLeaks The web application [access] created a ThreadLocal with key of type [org.jfrog.access.server.service.auth.AuthenticationServiceImpl$1] (value [org.jfrog.access.server.service.auth.AuthenticationServiceImpl$1@4e744a71]) and a value of type [org.jfrog.access.server.service.auth.model.AnonymousPrincipal] (value [anonymous]) but failed to remove it when the web application was stopped. Threads are going to be renewed over time to try and avoid a probable memory leak.
21-May-2019 14:14:17.045 SEVERE [localhost-startStop-4] org.apache.catalina.loader.WebappClassLoaderBase.checkThreadLocalMapForLeaks The web application [access] created a ThreadLocal with key of type [org.jfrog.access.server.service.auth.AuthenticationServiceImpl$1] (value [org.jfrog.access.server.service.auth.AuthenticationServiceImpl$1@4e744a71]) and a value of type [org.jfrog.access.server.service.auth.model.AnonymousPrincipal] (value [anonymous]) but failed to remove it when the web application was stopped. Threads are going to be renewed over time to try and avoid a probable memory leak.
21-May-2019 14:14:17.056 INFO [main] org.apache.coyote.AbstractProtocol.stop Stopping ProtocolHandler ["http-nio-8081"]
21-May-2019 14:14:17.061 INFO [main] org.apache.coyote.AbstractProtocol.stop Stopping ProtocolHandler ["http-nio-8040"]
21-May-2019 14:14:17.068 INFO [main] org.apache.coyote.AbstractProtocol.stop Stopping ProtocolHandler ["ajp-nio-8019"]
21-May-2019 14:14:17.075 INFO [main] org.apache.coyote.AbstractProtocol.destroy Destroying ProtocolHandler ["http-nio-8081"]
21-May-2019 14:14:17.077 INFO [main] org.apache.coyote.AbstractProtocol.destroy Destroying ProtocolHandler ["http-nio-8040"]
21-May-2019 14:14:17.078 INFO [main] org.apache.coyote.AbstractProtocol.destroy Destroying ProtocolHandler ["ajp-nio-8019"]
21-May-2019 14:18:01.999 INFO [main] org.apache.coyote.AbstractProtocol.init Initializing ProtocolHandler ["http-nio-8081"]
21-May-2019 14:18:02.093 INFO [main] org.apache.tomcat.util.net.NioSelectorPool.getSharedSelector Using a shared selector for servlet write/read
21-May-2019 14:18:02.125 INFO [main] org.apache.coyote.AbstractProtocol.init Initializing ProtocolHandler ["http-nio-8040"]
21-May-2019 14:18:02.127 INFO [main] org.apache.tomcat.util.net.NioSelectorPool.getSharedSelector Using a shared selector for servlet write/read
21-May-2019 14:18:02.131 INFO [main] org.apache.coyote.AbstractProtocol.init Initializing ProtocolHandler ["ajp-nio-8019"]
21-May-2019 14:18:02.138 INFO [main] org.apache.tomcat.util.net.NioSelectorPool.getSharedSelector Using a shared selector for servlet write/read
21-May-2019 14:18:02.161 INFO [main] org.apache.catalina.core.StandardService.startInternal Starting service [Catalina]
21-May-2019 14:18:02.166 INFO [main] org.apache.catalina.core.StandardEngine.startInternal Starting Servlet Engine: Apache Tomcat/8.5.32
21-May-2019 14:18:02.224 INFO [localhost-startStop-1] org.apache.catalina.startup.HostConfig.deployDescriptor Deploying configuration descriptor [/opt/jfrog/artifactory/tomcat/conf/Catalina/localhost/access.xml]
21-May-2019 14:18:02.253 INFO [localhost-startStop-2] org.apache.catalina.startup.HostConfig.deployDescriptor Deploying configuration descriptor [/opt/jfrog/artifactory/tomcat/conf/Catalina/localhost/artifactory.xml]
21-May-2019 14:18:12.963 INFO [localhost-startStop-2] org.apache.catalina.startup.HostConfig.deployDescriptor Deployment of configuration descriptor [/opt/jfrog/artifactory/tomcat/conf/Catalina/localhost/artifactory.xml] has finished in [10,707] ms
21-May-2019 14:18:53.386 INFO [main] org.apache.coyote.AbstractProtocol.init Initializing ProtocolHandler ["http-nio-8081"]
21-May-2019 14:18:53.509 INFO [main] org.apache.tomcat.util.net.NioSelectorPool.getSharedSelector Using a shared selector for servlet write/read
21-May-2019 14:18:53.566 INFO [main] org.apache.coyote.AbstractProtocol.init Initializing ProtocolHandler ["http-nio-8040"]
21-May-2019 14:18:53.570 INFO [main] org.apache.tomcat.util.net.NioSelectorPool.getSharedSelector Using a shared selector for servlet write/read
21-May-2019 14:18:53.573 INFO [main] org.apache.coyote.AbstractProtocol.init Initializing ProtocolHandler ["ajp-nio-8019"]
21-May-2019 14:18:53.577 INFO [main] org.apache.tomcat.util.net.NioSelectorPool.getSharedSelector Using a shared selector for servlet write/read
21-May-2019 14:18:53.600 INFO [main] org.apache.catalina.core.StandardService.startInternal Starting service [Catalina]
21-May-2019 14:18:53.602 INFO [main] org.apache.catalina.core.StandardEngine.startInternal Starting Servlet Engine: Apache Tomcat/8.5.32
21-May-2019 14:18:53.662 INFO [localhost-startStop-2] org.apache.catalina.startup.HostConfig.deployDescriptor Deploying configuration descriptor [/opt/jfrog/artifactory/tomcat/conf/Catalina/localhost/artifactory.xml]
21-May-2019 14:18:53.662 INFO [localhost-startStop-1] org.apache.catalina.startup.HostConfig.deployDescriptor Deploying configuration descriptor [/opt/jfrog/artifactory/tomcat/conf/Catalina/localhost/access.xml]
21-May-2019 14:19:08.843 INFO [localhost-startStop-2] org.apache.catalina.startup.HostConfig.deployDescriptor Deployment of configuration descriptor [/opt/jfrog/artifactory/tomcat/conf/Catalina/localhost/artifactory.xml] has finished in [15,180] ms
21-May-2019 14:19:46.641 INFO [localhost-startStop-1] org.apache.catalina.startup.HostConfig.deployDescriptor Deployment of configuration descriptor [/opt/jfrog/artifactory/tomcat/conf/Catalina/localhost/access.xml] has finished in [52,978] ms
21-May-2019 14:19:46.644 INFO [localhost-startStop-3] org.apache.catalina.startup.HostConfig.deployDirectory Deploying web application directory [/opt/jfrog/artifactory/tomcat/webapps/ROOT]
21-May-2019 14:19:46.703 INFO [localhost-startStop-3] org.apache.catalina.startup.HostConfig.deployDirectory Deployment of web application directory [/opt/jfrog/artifactory/tomcat/webapps/ROOT] has finished in [59] ms
21-May-2019 14:19:46.720 INFO [main] org.apache.coyote.AbstractProtocol.start Starting ProtocolHandler ["http-nio-8081"]
21-May-2019 14:19:46.781 INFO [main] org.apache.coyote.AbstractProtocol.start Starting ProtocolHandler ["http-nio-8040"]
21-May-2019 14:19:46.882 INFO [main] org.apache.coyote.AbstractProtocol.start Starting ProtocolHandler ["ajp-nio-8019"]
21-May-2019 14:55:00.300 INFO [main] org.apache.coyote.AbstractProtocol.init Initializing ProtocolHandler ["http-nio-8081"]
21-May-2019 14:55:00.399 INFO [main] org.apache.tomcat.util.net.NioSelectorPool.getSharedSelector Using a shared selector for servlet write/read
21-May-2019 14:55:00.433 INFO [main] org.apache.coyote.AbstractProtocol.init Initializing ProtocolHandler ["http-nio-8040"]
21-May-2019 14:55:00.437 INFO [main] org.apache.tomcat.util.net.NioSelectorPool.getSharedSelector Using a shared selector for servlet write/read
21-May-2019 14:55:00.440 INFO [main] org.apache.coyote.AbstractProtocol.init Initializing ProtocolHandler ["ajp-nio-8019"]
21-May-2019 14:55:00.445 INFO [main] org.apache.tomcat.util.net.NioSelectorPool.getSharedSelector Using a shared selector for servlet write/read
21-May-2019 14:55:00.474 INFO [main] org.apache.catalina.core.StandardService.startInternal Starting service [Catalina]
21-May-2019 14:55:00.477 INFO [main] org.apache.catalina.core.StandardEngine.startInternal Starting Servlet Engine: Apache Tomcat/8.5.32
21-May-2019 14:55:00.541 INFO [localhost-startStop-1] org.apache.catalina.startup.HostConfig.deployDescriptor Deploying configuration descriptor [/opt/jfrog/artifactory/tomcat/conf/Catalina/localhost/access.xml]
21-May-2019 14:55:00.541 INFO [localhost-startStop-2] org.apache.catalina.startup.HostConfig.deployDescriptor Deploying configuration descriptor [/opt/jfrog/artifactory/tomcat/conf/Catalina/localhost/artifactory.xml]
21-May-2019 14:55:15.030 INFO [localhost-startStop-2] org.apache.catalina.startup.HostConfig.deployDescriptor Deployment of configuration descriptor [/opt/jfrog/artifactory/tomcat/conf/Catalina/localhost/artifactory.xml] has finished in [14,484] ms
21-May-2019 14:55:54.378 INFO [localhost-startStop-1] org.apache.catalina.startup.HostConfig.deployDescriptor Deployment of configuration descriptor [/opt/jfrog/artifactory/tomcat/conf/Catalina/localhost/access.xml] has finished in [53,837] ms
21-May-2019 14:55:54.385 INFO [localhost-startStop-3] org.apache.catalina.startup.HostConfig.deployDirectory Deploying web application directory [/opt/jfrog/artifactory/tomcat/webapps/ROOT]
21-May-2019 14:55:54.442 INFO [localhost-startStop-3] org.apache.catalina.startup.HostConfig.deployDirectory Deployment of web application directory [/opt/jfrog/artifactory/tomcat/webapps/ROOT] has finished in [57] ms
21-May-2019 14:55:54.468 INFO [main] org.apache.coyote.AbstractProtocol.start Starting ProtocolHandler ["http-nio-8081"]
21-May-2019 14:55:54.496 INFO [main] org.apache.coyote.AbstractProtocol.start Starting ProtocolHandler ["http-nio-8040"]
21-May-2019 14:55:54.513 INFO [main] org.apache.coyote.AbstractProtocol.start Starting ProtocolHandler ["ajp-nio-8019"]
