19-Apr-2019 08:39:20.387 INFO [localhost-startStop-1] org.apache.catalina.core.ApplicationContext.log 1 Spring WebApplicationInitializers detected on classpath
19-Apr-2019 08:39:21.341 INFO [localhost-startStop-2] org.apache.catalina.core.ApplicationContext.log Using artifactory.home at '/opt/jfrog/artifactory' resolved from: System property
19-Apr-2019 08:39:40.979 INFO [localhost-startStop-1] org.apache.catalina.core.ApplicationContext.log Initializing Spring embedded WebApplicationContext
19-Apr-2019 08:40:00.993 INFO [localhost-startStop-1] org.apache.catalina.core.ApplicationContext.log jolokia: No access restrictor found, access to any MBean is allowed
19-Apr-2019 08:43:26.747 INFO [localhost-startStop-4] org.apache.catalina.core.ApplicationContext.log Closing Spring root WebApplicationContext
19-Apr-2019 08:44:03.333 INFO [localhost-startStop-1] org.apache.catalina.core.ApplicationContext.log 1 Spring WebApplicationInitializers detected on classpath
19-Apr-2019 08:44:03.740 INFO [localhost-startStop-2] org.apache.catalina.core.ApplicationContext.log Using artifactory.home at '/opt/jfrog/artifactory' resolved from: System property
19-Apr-2019 08:44:24.157 INFO [localhost-startStop-1] org.apache.catalina.core.ApplicationContext.log Initializing Spring embedded WebApplicationContext
19-Apr-2019 08:44:42.645 INFO [localhost-startStop-1] org.apache.catalina.core.ApplicationContext.log jolokia: No access restrictor found, access to any MBean is allowed
19-Apr-2019 08:52:52.670 INFO [localhost-startStop-4] org.apache.catalina.core.ApplicationContext.log Closing Spring root WebApplicationContext
19-Apr-2019 08:53:15.063 INFO [localhost-startStop-1] org.apache.catalina.core.ApplicationContext.log 1 Spring WebApplicationInitializers detected on classpath
19-Apr-2019 08:53:15.277 INFO [localhost-startStop-2] org.apache.catalina.core.ApplicationContext.log Using artifactory.home at '/opt/jfrog/artifactory' resolved from: System property
19-Apr-2019 08:53:31.748 INFO [localhost-startStop-1] org.apache.catalina.core.ApplicationContext.log Initializing Spring embedded WebApplicationContext
19-Apr-2019 08:53:51.368 INFO [localhost-startStop-1] org.apache.catalina.core.ApplicationContext.log jolokia: No access restrictor found, access to any MBean is allowed
19-Apr-2019 08:58:31.580 INFO [localhost-startStop-4] org.apache.catalina.core.ApplicationContext.log Closing Spring root WebApplicationContext
19-Apr-2019 09:09:59.349 INFO [localhost-startStop-1] org.apache.catalina.core.ApplicationContext.log 1 Spring WebApplicationInitializers detected on classpath
19-Apr-2019 09:09:59.578 INFO [localhost-startStop-2] org.apache.catalina.core.ApplicationContext.log Using artifactory.home at '/opt/jfrog/artifactory' resolved from: System property
19-Apr-2019 09:10:20.685 INFO [localhost-startStop-1] org.apache.catalina.core.ApplicationContext.log Initializing Spring embedded WebApplicationContext
19-Apr-2019 09:10:41.519 INFO [localhost-startStop-1] org.apache.catalina.core.ApplicationContext.log jolokia: No access restrictor found, access to any MBean is allowed
19-Apr-2019 09:13:36.078 INFO [localhost-startStop-4] org.apache.catalina.core.ApplicationContext.log Closing Spring root WebApplicationContext
19-Apr-2019 09:15:00.018 INFO [localhost-startStop-1] org.apache.catalina.core.ApplicationContext.log 1 Spring WebApplicationInitializers detected on classpath
19-Apr-2019 09:15:00.246 INFO [localhost-startStop-2] org.apache.catalina.core.ApplicationContext.log Using artifactory.home at '/opt/jfrog/artifactory' resolved from: System property
19-Apr-2019 09:15:21.435 INFO [localhost-startStop-1] org.apache.catalina.core.ApplicationContext.log Initializing Spring embedded WebApplicationContext
19-Apr-2019 09:15:46.444 INFO [localhost-startStop-1] org.apache.catalina.core.ApplicationContext.log jolokia: No access restrictor found, access to any MBean is allowed
19-Apr-2019 09:23:23.690 INFO [localhost-startStop-4] org.apache.catalina.core.ApplicationContext.log Closing Spring root WebApplicationContext
19-Apr-2019 09:26:44.554 INFO [localhost-startStop-2] org.apache.catalina.core.ApplicationContext.log Using artifactory.home at '/opt/jfrog/artifactory' resolved from: System property
19-Apr-2019 09:26:44.771 INFO [localhost-startStop-1] org.apache.catalina.core.ApplicationContext.log 1 Spring WebApplicationInitializers detected on classpath
19-Apr-2019 09:27:38.449 INFO [localhost-startStop-1] org.apache.catalina.core.ApplicationContext.log Initializing Spring embedded WebApplicationContext
19-Apr-2019 09:28:12.560 INFO [localhost-startStop-1] org.apache.catalina.core.ApplicationContext.log jolokia: No access restrictor found, access to any MBean is allowed
19-Apr-2019 13:10:02.646 INFO [localhost-startStop-4] org.apache.catalina.core.ApplicationContext.log Closing Spring root WebApplicationContext
19-Apr-2019 13:10:36.407 INFO [localhost-startStop-2] org.apache.catalina.core.ApplicationContext.log Using artifactory.home at '/opt/jfrog/artifactory' resolved from: System property
19-Apr-2019 13:10:36.947 INFO [localhost-startStop-1] org.apache.catalina.core.ApplicationContext.log 1 Spring WebApplicationInitializers detected on classpath
19-Apr-2019 13:11:15.008 INFO [localhost-startStop-1] org.apache.catalina.core.ApplicationContext.log Initializing Spring embedded WebApplicationContext
19-Apr-2019 13:11:36.147 INFO [localhost-startStop-1] org.apache.catalina.core.ApplicationContext.log jolokia: No access restrictor found, access to any MBean is allowed
19-Apr-2019 14:53:15.045 INFO [localhost-startStop-4] org.apache.catalina.core.ApplicationContext.log Closing Spring root WebApplicationContext
19-Apr-2019 15:12:53.141 INFO [localhost-startStop-2] org.apache.catalina.core.ApplicationContext.log Using artifactory.home at '/opt/jfrog/artifactory' resolved from: System property
19-Apr-2019 15:12:53.895 INFO [localhost-startStop-1] org.apache.catalina.core.ApplicationContext.log 1 Spring WebApplicationInitializers detected on classpath
19-Apr-2019 15:13:55.827 INFO [localhost-startStop-2] org.apache.catalina.core.ApplicationContext.log Using artifactory.home at '/opt/jfrog/artifactory' resolved from: System property
19-Apr-2019 15:13:56.203 INFO [localhost-startStop-1] org.apache.catalina.core.ApplicationContext.log 1 Spring WebApplicationInitializers detected on classpath
19-Apr-2019 15:14:32.611 INFO [localhost-startStop-1] org.apache.catalina.core.ApplicationContext.log Initializing Spring embedded WebApplicationContext
19-Apr-2019 15:14:55.772 INFO [localhost-startStop-1] org.apache.catalina.core.ApplicationContext.log jolokia: No access restrictor found, access to any MBean is allowed
