18-Apr-2019 09:02:38.376 INFO [localhost-startStop-2] org.apache.catalina.core.ApplicationContext.log Using artifactory.home at '/opt/jfrog/artifactory' resolved from: System property
18-Apr-2019 09:02:38.451 INFO [localhost-startStop-1] org.apache.catalina.core.ApplicationContext.log 1 Spring WebApplicationInitializers detected on classpath
18-Apr-2019 09:02:50.134 INFO [localhost-startStop-1] org.apache.catalina.core.ApplicationContext.log Initializing Spring embedded WebApplicationContext
18-Apr-2019 09:03:13.068 INFO [localhost-startStop-1] org.apache.catalina.core.ApplicationContext.log jolokia: No access restrictor found, access to any MBean is allowed
18-Apr-2019 09:15:02.625 INFO [localhost-startStop-4] org.apache.catalina.core.ApplicationContext.log Closing Spring root WebApplicationContext
18-Apr-2019 09:15:28.856 INFO [localhost-startStop-1] org.apache.catalina.core.ApplicationContext.log 1 Spring WebApplicationInitializers detected on classpath
18-Apr-2019 09:15:28.890 INFO [localhost-startStop-2] org.apache.catalina.core.ApplicationContext.log Using artifactory.home at '/opt/jfrog/artifactory' resolved from: System property
18-Apr-2019 09:15:40.199 INFO [localhost-startStop-1] org.apache.catalina.core.ApplicationContext.log Initializing Spring embedded WebApplicationContext
18-Apr-2019 09:15:58.143 INFO [localhost-startStop-1] org.apache.catalina.core.ApplicationContext.log jolokia: No access restrictor found, access to any MBean is allowed
18-Apr-2019 09:24:04.349 INFO [localhost-startStop-4] org.apache.catalina.core.ApplicationContext.log Closing Spring root WebApplicationContext
18-Apr-2019 09:24:27.441 INFO [localhost-startStop-1] org.apache.catalina.core.ApplicationContext.log 1 Spring WebApplicationInitializers detected on classpath
18-Apr-2019 09:24:27.673 INFO [localhost-startStop-2] org.apache.catalina.core.ApplicationContext.log Using artifactory.home at '/opt/jfrog/artifactory' resolved from: System property
18-Apr-2019 09:24:37.184 INFO [localhost-startStop-1] org.apache.catalina.core.ApplicationContext.log Initializing Spring embedded WebApplicationContext
18-Apr-2019 09:24:52.721 INFO [localhost-startStop-1] org.apache.catalina.core.ApplicationContext.log jolokia: No access restrictor found, access to any MBean is allowed
18-Apr-2019 09:42:42.558 INFO [localhost-startStop-4] org.apache.catalina.core.ApplicationContext.log Closing Spring root WebApplicationContext
18-Apr-2019 09:44:53.369 INFO [localhost-startStop-2] org.apache.catalina.core.ApplicationContext.log Using artifactory.home at '/opt/jfrog/artifactory' resolved from: System property
18-Apr-2019 09:44:53.419 INFO [localhost-startStop-1] org.apache.catalina.core.ApplicationContext.log 1 Spring WebApplicationInitializers detected on classpath
18-Apr-2019 09:45:08.452 INFO [localhost-startStop-1] org.apache.catalina.core.ApplicationContext.log Initializing Spring embedded WebApplicationContext
18-Apr-2019 09:45:31.595 INFO [localhost-startStop-1] org.apache.catalina.core.ApplicationContext.log jolokia: No access restrictor found, access to any MBean is allowed
18-Apr-2019 10:13:51.136 INFO [localhost-startStop-4] org.apache.catalina.core.ApplicationContext.log Closing Spring root WebApplicationContext
18-Apr-2019 11:35:49.528 INFO [localhost-startStop-2] org.apache.catalina.core.ApplicationContext.log Using artifactory.home at '/opt/jfrog/artifactory' resolved from: System property
18-Apr-2019 11:35:49.638 INFO [localhost-startStop-1] org.apache.catalina.core.ApplicationContext.log 1 Spring WebApplicationInitializers detected on classpath
18-Apr-2019 11:36:17.484 INFO [localhost-startStop-1] org.apache.catalina.core.ApplicationContext.log Initializing Spring embedded WebApplicationContext
18-Apr-2019 11:36:54.125 INFO [localhost-startStop-1] org.apache.catalina.core.ApplicationContext.log jolokia: No access restrictor found, access to any MBean is allowed
18-Apr-2019 11:57:19.570 INFO [localhost-startStop-4] org.apache.catalina.core.ApplicationContext.log Closing Spring root WebApplicationContext
18-Apr-2019 11:58:51.119 INFO [localhost-startStop-2] org.apache.catalina.core.ApplicationContext.log Using artifactory.home at '/opt/jfrog/artifactory' resolved from: System property
18-Apr-2019 11:58:51.381 INFO [localhost-startStop-1] org.apache.catalina.core.ApplicationContext.log 1 Spring WebApplicationInitializers detected on classpath
18-Apr-2019 11:59:04.499 INFO [localhost-startStop-1] org.apache.catalina.core.ApplicationContext.log Initializing Spring embedded WebApplicationContext
18-Apr-2019 11:59:18.747 INFO [localhost-startStop-1] org.apache.catalina.core.ApplicationContext.log jolokia: No access restrictor found, access to any MBean is allowed
18-Apr-2019 12:20:21.568 INFO [localhost-startStop-4] org.apache.catalina.core.ApplicationContext.log Closing Spring root WebApplicationContext
18-Apr-2019 12:20:52.356 INFO [localhost-startStop-1] org.apache.catalina.core.ApplicationContext.log 1 Spring WebApplicationInitializers detected on classpath
18-Apr-2019 12:20:52.417 INFO [localhost-startStop-2] org.apache.catalina.core.ApplicationContext.log Using artifactory.home at '/opt/jfrog/artifactory' resolved from: System property
18-Apr-2019 12:21:08.331 INFO [localhost-startStop-1] org.apache.catalina.core.ApplicationContext.log Initializing Spring embedded WebApplicationContext
18-Apr-2019 12:21:23.160 INFO [localhost-startStop-1] org.apache.catalina.core.ApplicationContext.log jolokia: No access restrictor found, access to any MBean is allowed
18-Apr-2019 12:32:47.750 INFO [localhost-startStop-4] org.apache.catalina.core.ApplicationContext.log Closing Spring root WebApplicationContext
18-Apr-2019 12:33:18.228 INFO [localhost-startStop-2] org.apache.catalina.core.ApplicationContext.log Using artifactory.home at '/opt/jfrog/artifactory' resolved from: System property
18-Apr-2019 12:33:18.253 INFO [localhost-startStop-1] org.apache.catalina.core.ApplicationContext.log 1 Spring WebApplicationInitializers detected on classpath
18-Apr-2019 12:33:27.947 INFO [localhost-startStop-1] org.apache.catalina.core.ApplicationContext.log Initializing Spring embedded WebApplicationContext
18-Apr-2019 12:33:42.226 INFO [localhost-startStop-1] org.apache.catalina.core.ApplicationContext.log jolokia: No access restrictor found, access to any MBean is allowed
18-Apr-2019 13:24:05.247 INFO [localhost-startStop-4] org.apache.catalina.core.ApplicationContext.log Closing Spring root WebApplicationContext
18-Apr-2019 13:24:25.405 INFO [localhost-startStop-2] org.apache.catalina.core.ApplicationContext.log Using artifactory.home at '/opt/jfrog/artifactory' resolved from: System property
18-Apr-2019 13:24:25.456 INFO [localhost-startStop-1] org.apache.catalina.core.ApplicationContext.log 1 Spring WebApplicationInitializers detected on classpath
18-Apr-2019 13:24:36.909 INFO [localhost-startStop-1] org.apache.catalina.core.ApplicationContext.log Initializing Spring embedded WebApplicationContext
18-Apr-2019 13:24:52.357 INFO [localhost-startStop-2] org.apache.catalina.core.ApplicationContext.log Using artifactory.home at '/opt/jfrog/artifactory' resolved from: System property
18-Apr-2019 13:24:52.587 INFO [localhost-startStop-1] org.apache.catalina.core.ApplicationContext.log 1 Spring WebApplicationInitializers detected on classpath
18-Apr-2019 13:25:05.397 INFO [localhost-startStop-1] org.apache.catalina.core.ApplicationContext.log Initializing Spring embedded WebApplicationContext
18-Apr-2019 13:25:19.027 INFO [localhost-startStop-1] org.apache.catalina.core.ApplicationContext.log jolokia: No access restrictor found, access to any MBean is allowed
18-Apr-2019 13:32:16.983 INFO [localhost-startStop-4] org.apache.catalina.core.ApplicationContext.log Closing Spring root WebApplicationContext
18-Apr-2019 13:32:44.502 INFO [localhost-startStop-1] org.apache.catalina.core.ApplicationContext.log 1 Spring WebApplicationInitializers detected on classpath
18-Apr-2019 13:32:44.628 INFO [localhost-startStop-2] org.apache.catalina.core.ApplicationContext.log Using artifactory.home at '/opt/jfrog/artifactory' resolved from: System property
18-Apr-2019 13:32:57.517 INFO [localhost-startStop-1] org.apache.catalina.core.ApplicationContext.log Initializing Spring embedded WebApplicationContext
18-Apr-2019 13:33:17.024 INFO [localhost-startStop-1] org.apache.catalina.core.ApplicationContext.log jolokia: No access restrictor found, access to any MBean is allowed
18-Apr-2019 13:35:00.574 INFO [localhost-startStop-4] org.apache.catalina.core.ApplicationContext.log Closing Spring root WebApplicationContext
18-Apr-2019 13:38:42.586 INFO [localhost-startStop-1] org.apache.catalina.core.ApplicationContext.log 1 Spring WebApplicationInitializers detected on classpath
18-Apr-2019 13:38:42.777 INFO [localhost-startStop-2] org.apache.catalina.core.ApplicationContext.log Using artifactory.home at '/opt/jfrog/artifactory' resolved from: System property
18-Apr-2019 13:38:53.169 INFO [localhost-startStop-1] org.apache.catalina.core.ApplicationContext.log Initializing Spring embedded WebApplicationContext
18-Apr-2019 13:39:11.939 INFO [localhost-startStop-1] org.apache.catalina.core.ApplicationContext.log jolokia: No access restrictor found, access to any MBean is allowed
18-Apr-2019 13:39:52.113 INFO [localhost-startStop-2] org.apache.catalina.core.ApplicationContext.log Using artifactory.home at '/opt/jfrog/artifactory' resolved from: System property
18-Apr-2019 13:39:52.297 INFO [localhost-startStop-1] org.apache.catalina.core.ApplicationContext.log 1 Spring WebApplicationInitializers detected on classpath
18-Apr-2019 13:40:02.519 INFO [localhost-startStop-1] org.apache.catalina.core.ApplicationContext.log Initializing Spring embedded WebApplicationContext
18-Apr-2019 13:40:19.694 INFO [localhost-startStop-1] org.apache.catalina.core.ApplicationContext.log jolokia: No access restrictor found, access to any MBean is allowed
18-Apr-2019 13:41:24.502 INFO [localhost-startStop-4] org.apache.catalina.core.ApplicationContext.log Closing Spring root WebApplicationContext
18-Apr-2019 13:42:51.900 INFO [localhost-startStop-1] org.apache.catalina.core.ApplicationContext.log 1 Spring WebApplicationInitializers detected on classpath
18-Apr-2019 13:42:52.756 INFO [localhost-startStop-2] org.apache.catalina.core.ApplicationContext.log Using artifactory.home at '/opt/jfrog/artifactory' resolved from: System property
18-Apr-2019 13:43:03.167 INFO [localhost-startStop-1] org.apache.catalina.core.ApplicationContext.log Initializing Spring embedded WebApplicationContext
18-Apr-2019 13:43:20.712 INFO [localhost-startStop-1] org.apache.catalina.core.ApplicationContext.log jolokia: No access restrictor found, access to any MBean is allowed
18-Apr-2019 13:47:11.475 INFO [localhost-startStop-4] org.apache.catalina.core.ApplicationContext.log Closing Spring root WebApplicationContext
18-Apr-2019 13:51:00.109 INFO [localhost-startStop-1] org.apache.catalina.core.ApplicationContext.log 1 Spring WebApplicationInitializers detected on classpath
18-Apr-2019 13:51:00.134 INFO [localhost-startStop-2] org.apache.catalina.core.ApplicationContext.log Using artifactory.home at '/opt/jfrog/artifactory' resolved from: System property
18-Apr-2019 13:51:11.610 INFO [localhost-startStop-1] org.apache.catalina.core.ApplicationContext.log Initializing Spring embedded WebApplicationContext
18-Apr-2019 13:51:29.174 INFO [localhost-startStop-1] org.apache.catalina.core.ApplicationContext.log jolokia: No access restrictor found, access to any MBean is allowed
18-Apr-2019 13:52:11.085 INFO [localhost-startStop-2] org.apache.catalina.core.ApplicationContext.log Using artifactory.home at '/opt/jfrog/artifactory' resolved from: System property
18-Apr-2019 13:52:11.327 INFO [localhost-startStop-1] org.apache.catalina.core.ApplicationContext.log 1 Spring WebApplicationInitializers detected on classpath
18-Apr-2019 13:52:21.657 INFO [localhost-startStop-1] org.apache.catalina.core.ApplicationContext.log Initializing Spring embedded WebApplicationContext
18-Apr-2019 13:53:49.563 INFO [localhost-startStop-1] org.apache.catalina.core.ApplicationContext.log 1 Spring WebApplicationInitializers detected on classpath
18-Apr-2019 13:53:50.243 INFO [localhost-startStop-2] org.apache.catalina.core.ApplicationContext.log Using artifactory.home at '/opt/jfrog/artifactory' resolved from: System property
18-Apr-2019 13:54:07.450 INFO [localhost-startStop-1] org.apache.catalina.core.ApplicationContext.log Initializing Spring embedded WebApplicationContext
18-Apr-2019 13:54:28.077 INFO [localhost-startStop-1] org.apache.catalina.core.ApplicationContext.log jolokia: No access restrictor found, access to any MBean is allowed
18-Apr-2019 13:59:19.283 INFO [localhost-startStop-4] org.apache.catalina.core.ApplicationContext.log Closing Spring root WebApplicationContext
18-Apr-2019 14:02:10.436 INFO [localhost-startStop-2] org.apache.catalina.core.ApplicationContext.log Using artifactory.home at '/opt/jfrog/artifactory' resolved from: System property
18-Apr-2019 14:02:10.922 INFO [localhost-startStop-1] org.apache.catalina.core.ApplicationContext.log 1 Spring WebApplicationInitializers detected on classpath
18-Apr-2019 14:02:37.457 INFO [localhost-startStop-1] org.apache.catalina.core.ApplicationContext.log Initializing Spring embedded WebApplicationContext
18-Apr-2019 14:03:01.245 INFO [localhost-startStop-1] org.apache.catalina.core.ApplicationContext.log jolokia: No access restrictor found, access to any MBean is allowed
18-Apr-2019 14:06:17.195 INFO [localhost-startStop-4] org.apache.catalina.core.ApplicationContext.log Closing Spring root WebApplicationContext
18-Apr-2019 14:17:15.150 INFO [localhost-startStop-1] org.apache.catalina.core.ApplicationContext.log 1 Spring WebApplicationInitializers detected on classpath
18-Apr-2019 14:17:15.445 INFO [localhost-startStop-2] org.apache.catalina.core.ApplicationContext.log Using artifactory.home at '/opt/jfrog/artifactory' resolved from: System property
18-Apr-2019 14:17:48.759 INFO [localhost-startStop-1] org.apache.catalina.core.ApplicationContext.log Initializing Spring embedded WebApplicationContext
18-Apr-2019 14:18:09.517 INFO [localhost-startStop-1] org.apache.catalina.core.ApplicationContext.log jolokia: No access restrictor found, access to any MBean is allowed
18-Apr-2019 14:20:29.111 INFO [localhost-startStop-4] org.apache.catalina.core.ApplicationContext.log Closing Spring root WebApplicationContext
18-Apr-2019 14:22:42.974 INFO [localhost-startStop-2] org.apache.catalina.core.ApplicationContext.log Using artifactory.home at '/opt/jfrog/artifactory' resolved from: System property
18-Apr-2019 14:22:43.301 INFO [localhost-startStop-1] org.apache.catalina.core.ApplicationContext.log 1 Spring WebApplicationInitializers detected on classpath
18-Apr-2019 14:23:10.142 INFO [localhost-startStop-1] org.apache.catalina.core.ApplicationContext.log Initializing Spring embedded WebApplicationContext
18-Apr-2019 14:23:33.032 INFO [localhost-startStop-1] org.apache.catalina.core.ApplicationContext.log jolokia: No access restrictor found, access to any MBean is allowed
18-Apr-2019 14:28:24.924 INFO [localhost-startStop-4] org.apache.catalina.core.ApplicationContext.log Closing Spring root WebApplicationContext
18-Apr-2019 14:28:53.400 INFO [localhost-startStop-2] org.apache.catalina.core.ApplicationContext.log Using artifactory.home at '/opt/jfrog/artifactory' resolved from: System property
18-Apr-2019 14:28:53.472 INFO [localhost-startStop-1] org.apache.catalina.core.ApplicationContext.log 1 Spring WebApplicationInitializers detected on classpath
18-Apr-2019 14:29:14.522 INFO [localhost-startStop-1] org.apache.catalina.core.ApplicationContext.log Initializing Spring embedded WebApplicationContext
18-Apr-2019 14:29:35.022 INFO [localhost-startStop-1] org.apache.catalina.core.ApplicationContext.log jolokia: No access restrictor found, access to any MBean is allowed
18-Apr-2019 14:31:32.215 INFO [localhost-startStop-4] org.apache.catalina.core.ApplicationContext.log Closing Spring root WebApplicationContext
18-Apr-2019 14:35:52.407 INFO [localhost-startStop-1] org.apache.catalina.core.ApplicationContext.log 1 Spring WebApplicationInitializers detected on classpath
18-Apr-2019 14:35:52.520 INFO [localhost-startStop-2] org.apache.catalina.core.ApplicationContext.log Using artifactory.home at '/opt/jfrog/artifactory' resolved from: System property
18-Apr-2019 14:36:16.080 INFO [localhost-startStop-1] org.apache.catalina.core.ApplicationContext.log Initializing Spring embedded WebApplicationContext
18-Apr-2019 14:36:38.829 INFO [localhost-startStop-1] org.apache.catalina.core.ApplicationContext.log jolokia: No access restrictor found, access to any MBean is allowed
18-Apr-2019 14:37:24.957 INFO [localhost-startStop-4] org.apache.catalina.core.ApplicationContext.log Closing Spring root WebApplicationContext
18-Apr-2019 14:37:49.124 INFO [localhost-startStop-2] org.apache.catalina.core.ApplicationContext.log Using artifactory.home at '/opt/jfrog/artifactory' resolved from: System property
18-Apr-2019 14:37:49.507 INFO [localhost-startStop-1] org.apache.catalina.core.ApplicationContext.log 1 Spring WebApplicationInitializers detected on classpath
18-Apr-2019 14:38:12.026 INFO [localhost-startStop-1] org.apache.catalina.core.ApplicationContext.log Initializing Spring embedded WebApplicationContext
