26-Apr-2019 07:26:53.359 INFO [localhost-startStop-4] org.apache.catalina.core.ApplicationContext.log Closing Spring root WebApplicationContext
26-Apr-2019 12:11:44.881 INFO [localhost-startStop-2] org.apache.catalina.core.ApplicationContext.log Using artifactory.home at '/opt/jfrog/artifactory' resolved from: System property
26-Apr-2019 12:11:45.242 INFO [localhost-startStop-1] org.apache.catalina.core.ApplicationContext.log 1 Spring WebApplicationInitializers detected on classpath
26-Apr-2019 12:12:16.406 INFO [localhost-startStop-1] org.apache.catalina.core.ApplicationContext.log Initializing Spring embedded WebApplicationContext
26-Apr-2019 12:13:01.661 INFO [localhost-startStop-1] org.apache.catalina.core.ApplicationContext.log jolokia: No access restrictor found, access to any MBean is allowed
26-Apr-2019 12:16:17.495 INFO [localhost-startStop-4] org.apache.catalina.core.ApplicationContext.log Closing Spring root WebApplicationContext
26-Apr-2019 12:17:57.408 INFO [localhost-startStop-1] org.apache.catalina.core.ApplicationContext.log 1 Spring WebApplicationInitializers detected on classpath
26-Apr-2019 12:17:57.648 INFO [localhost-startStop-2] org.apache.catalina.core.ApplicationContext.log Using artifactory.home at '/opt/jfrog/artifactory' resolved from: System property
26-Apr-2019 12:18:10.464 INFO [localhost-startStop-1] org.apache.catalina.core.ApplicationContext.log Initializing Spring embedded WebApplicationContext
26-Apr-2019 12:18:33.154 INFO [localhost-startStop-1] org.apache.catalina.core.ApplicationContext.log jolokia: No access restrictor found, access to any MBean is allowed
26-Apr-2019 12:32:30.758 INFO [localhost-startStop-1] org.apache.catalina.core.ApplicationContext.log 1 Spring WebApplicationInitializers detected on classpath
26-Apr-2019 12:32:30.802 INFO [localhost-startStop-2] org.apache.catalina.core.ApplicationContext.log Using artifactory.home at '/opt/jfrog/artifactory' resolved from: System property
26-Apr-2019 12:32:44.044 INFO [localhost-startStop-1] org.apache.catalina.core.ApplicationContext.log Initializing Spring embedded WebApplicationContext
26-Apr-2019 12:33:04.914 INFO [localhost-startStop-1] org.apache.catalina.core.ApplicationContext.log jolokia: No access restrictor found, access to any MBean is allowed
26-Apr-2019 12:42:27.311 INFO [localhost-startStop-2] org.apache.catalina.core.ApplicationContext.log Using artifactory.home at '/opt/jfrog/artifactory' resolved from: System property
26-Apr-2019 12:42:27.788 INFO [localhost-startStop-1] org.apache.catalina.core.ApplicationContext.log 1 Spring WebApplicationInitializers detected on classpath
26-Apr-2019 12:42:41.381 INFO [localhost-startStop-1] org.apache.catalina.core.ApplicationContext.log Initializing Spring embedded WebApplicationContext
26-Apr-2019 12:43:02.824 INFO [localhost-startStop-1] org.apache.catalina.core.ApplicationContext.log jolokia: No access restrictor found, access to any MBean is allowed
26-Apr-2019 12:47:18.144 INFO [localhost-startStop-4] org.apache.catalina.core.ApplicationContext.log Closing Spring root WebApplicationContext
26-Apr-2019 12:47:54.104 INFO [localhost-startStop-1] org.apache.catalina.core.ApplicationContext.log 1 Spring WebApplicationInitializers detected on classpath
26-Apr-2019 12:47:54.114 INFO [localhost-startStop-2] org.apache.catalina.core.ApplicationContext.log Using artifactory.home at '/opt/jfrog/artifactory' resolved from: System property
26-Apr-2019 12:48:05.757 INFO [localhost-startStop-1] org.apache.catalina.core.ApplicationContext.log Initializing Spring embedded WebApplicationContext
26-Apr-2019 12:48:26.985 INFO [localhost-startStop-1] org.apache.catalina.core.ApplicationContext.log jolokia: No access restrictor found, access to any MBean is allowed
26-Apr-2019 12:56:43.992 INFO [localhost-startStop-2] org.apache.catalina.core.ApplicationContext.log Using artifactory.home at '/opt/jfrog/artifactory' resolved from: System property
26-Apr-2019 12:56:44.124 INFO [localhost-startStop-1] org.apache.catalina.core.ApplicationContext.log 1 Spring WebApplicationInitializers detected on classpath
26-Apr-2019 12:56:56.142 INFO [localhost-startStop-1] org.apache.catalina.core.ApplicationContext.log Initializing Spring embedded WebApplicationContext
26-Apr-2019 12:57:17.230 INFO [localhost-startStop-1] org.apache.catalina.core.ApplicationContext.log jolokia: No access restrictor found, access to any MBean is allowed
26-Apr-2019 13:05:56.717 INFO [localhost-startStop-2] org.apache.catalina.core.ApplicationContext.log Using artifactory.home at '/opt/jfrog/artifactory' resolved from: System property
26-Apr-2019 13:05:56.972 INFO [localhost-startStop-1] org.apache.catalina.core.ApplicationContext.log 1 Spring WebApplicationInitializers detected on classpath
26-Apr-2019 13:06:09.653 INFO [localhost-startStop-1] org.apache.catalina.core.ApplicationContext.log Initializing Spring embedded WebApplicationContext
26-Apr-2019 13:06:29.664 INFO [localhost-startStop-1] org.apache.catalina.core.ApplicationContext.log jolokia: No access restrictor found, access to any MBean is allowed
26-Apr-2019 13:27:43.873 INFO [localhost-startStop-4] org.apache.catalina.core.ApplicationContext.log Closing Spring root WebApplicationContext
26-Apr-2019 13:33:34.995 INFO [localhost-startStop-2] org.apache.catalina.core.ApplicationContext.log Using artifactory.home at '/opt/jfrog/artifactory' resolved from: System property
26-Apr-2019 13:33:35.349 INFO [localhost-startStop-1] org.apache.catalina.core.ApplicationContext.log 1 Spring WebApplicationInitializers detected on classpath
26-Apr-2019 13:33:48.547 INFO [localhost-startStop-1] org.apache.catalina.core.ApplicationContext.log Initializing Spring embedded WebApplicationContext
26-Apr-2019 13:34:08.067 INFO [localhost-startStop-1] org.apache.catalina.core.ApplicationContext.log jolokia: No access restrictor found, access to any MBean is allowed
26-Apr-2019 13:36:25.754 INFO [localhost-startStop-4] org.apache.catalina.core.ApplicationContext.log Closing Spring root WebApplicationContext
26-Apr-2019 14:23:06.007 INFO [localhost-startStop-2] org.apache.catalina.core.ApplicationContext.log Using artifactory.home at '/opt/jfrog/artifactory' resolved from: System property
26-Apr-2019 14:23:06.165 INFO [localhost-startStop-1] org.apache.catalina.core.ApplicationContext.log 1 Spring WebApplicationInitializers detected on classpath
26-Apr-2019 14:23:20.984 INFO [localhost-startStop-1] org.apache.catalina.core.ApplicationContext.log Initializing Spring embedded WebApplicationContext
26-Apr-2019 14:23:43.651 INFO [localhost-startStop-1] org.apache.catalina.core.ApplicationContext.log jolokia: No access restrictor found, access to any MBean is allowed
26-Apr-2019 14:24:28.366 INFO [localhost-startStop-4] org.apache.catalina.core.ApplicationContext.log Closing Spring root WebApplicationContext
26-Apr-2019 14:27:12.575 INFO [localhost-startStop-2] org.apache.catalina.core.ApplicationContext.log Using artifactory.home at '/opt/jfrog/artifactory' resolved from: System property
26-Apr-2019 14:27:12.732 INFO [localhost-startStop-1] org.apache.catalina.core.ApplicationContext.log 1 Spring WebApplicationInitializers detected on classpath
26-Apr-2019 14:27:33.866 INFO [localhost-startStop-1] org.apache.catalina.core.ApplicationContext.log Initializing Spring embedded WebApplicationContext
26-Apr-2019 14:27:52.279 INFO [localhost-startStop-1] org.apache.catalina.core.ApplicationContext.log jolokia: No access restrictor found, access to any MBean is allowed
26-Apr-2019 14:31:29.055 INFO [localhost-startStop-4] org.apache.catalina.core.ApplicationContext.log Closing Spring root WebApplicationContext
26-Apr-2019 14:34:23.480 INFO [localhost-startStop-2] org.apache.catalina.core.ApplicationContext.log Using artifactory.home at '/opt/jfrog/artifactory' resolved from: System property
26-Apr-2019 14:34:23.678 INFO [localhost-startStop-1] org.apache.catalina.core.ApplicationContext.log 1 Spring WebApplicationInitializers detected on classpath
26-Apr-2019 14:34:42.688 INFO [localhost-startStop-1] org.apache.catalina.core.ApplicationContext.log Initializing Spring embedded WebApplicationContext
26-Apr-2019 14:35:02.404 INFO [localhost-startStop-1] org.apache.catalina.core.ApplicationContext.log jolokia: No access restrictor found, access to any MBean is allowed
26-Apr-2019 15:20:11.244 INFO [localhost-startStop-1] org.apache.catalina.core.ApplicationContext.log 1 Spring WebApplicationInitializers detected on classpath
26-Apr-2019 15:20:11.434 INFO [localhost-startStop-2] org.apache.catalina.core.ApplicationContext.log Using artifactory.home at '/opt/jfrog/artifactory' resolved from: System property
26-Apr-2019 15:20:26.249 INFO [localhost-startStop-1] org.apache.catalina.core.ApplicationContext.log Initializing Spring embedded WebApplicationContext
26-Apr-2019 15:20:45.002 INFO [localhost-startStop-1] org.apache.catalina.core.ApplicationContext.log jolokia: No access restrictor found, access to any MBean is allowed
26-Apr-2019 15:24:12.253 INFO [localhost-startStop-4] org.apache.catalina.core.ApplicationContext.log Closing Spring root WebApplicationContext
26-Apr-2019 15:24:35.682 INFO [localhost-startStop-2] org.apache.catalina.core.ApplicationContext.log Using artifactory.home at '/opt/jfrog/artifactory' resolved from: System property
26-Apr-2019 15:24:36.058 INFO [localhost-startStop-1] org.apache.catalina.core.ApplicationContext.log 1 Spring WebApplicationInitializers detected on classpath
26-Apr-2019 15:24:49.184 INFO [localhost-startStop-1] org.apache.catalina.core.ApplicationContext.log Initializing Spring embedded WebApplicationContext
26-Apr-2019 15:25:07.467 INFO [localhost-startStop-1] org.apache.catalina.core.ApplicationContext.log jolokia: No access restrictor found, access to any MBean is allowed
