----------------------------------------------------------------
Fri May 31 08:34:12 UTC 2019:
Booting Derby version The Apache Software Foundation - Apache Derby - 10.14.2.0 - (1828579): instance a816c00e-016b-0d06-67c2-00001a2ff810 
on database directory /var/opt/jfrog/artifactory/data/derby with class loader java.net.URLClassLoader@31befd9f 
Loaded from file:/opt/jfrog/artifactory/tomcat/lib/derby-10.14.2.0.jar
java.vendor=Oracle Corporation
java.runtime.version=1.8.0_181-8u181-b13-2~deb9u1-b13
user.dir=/
os.name=Linux
os.arch=amd64
os.version=4.9.125-linuxkit
derby.system.home=null
derby.stream.error.file=/opt/jfrog/artifactory/logs/derby.log
Database Class Loader started - derby.database.classpath=''
Fri May 31 08:34:41 UTC 2019 Thread[localhost-startStop-1,5,main] (XID = 448707), (SESSIONID = 3), (DATABASE = /opt/jfrog/artifactory/data/derby), (DRDAID = null), Cleanup action starting
Fri May 31 08:34:41 UTC 2019 Thread[localhost-startStop-1,5,main] (XID = 448707), (SESSIONID = 3), (DATABASE = /opt/jfrog/artifactory/data/derby), (DRDAID = null), Failed Statement is: INSERT INTO access_configs (config_name, modified, data) VALUES (?, ?, ?) with 3 parameters begin parameter #1: jfrog.join.key :end parameter begin parameter #2: 1559291681240 :end parameter begin parameter #3: BLOB:Length=93 :end parameter 
ERROR 23505: The statement was aborted because it would have caused a duplicate key value in a unique or primary key constraint or unique index identified by 'ACCESS_CONFIGS_PK' defined on 'ACCESS_CONFIGS'.
	at org.apache.derby.iapi.error.StandardException.newException(Unknown Source)
	at org.apache.derby.iapi.error.StandardException.newException(Unknown Source)
	at org.apache.derby.impl.sql.execute.IndexChanger.insertAndCheckDups(Unknown Source)
	at org.apache.derby.impl.sql.execute.IndexChanger.doInsert(Unknown Source)
	at org.apache.derby.impl.sql.execute.IndexChanger.insert(Unknown Source)
	at org.apache.derby.impl.sql.execute.IndexSetChanger.insert(Unknown Source)
	at org.apache.derby.impl.sql.execute.RowChangerImpl.insertRow(Unknown Source)
	at org.apache.derby.impl.sql.execute.InsertResultSet.normalInsertCore(Unknown Source)
	at org.apache.derby.impl.sql.execute.InsertResultSet.open(Unknown Source)
	at org.apache.derby.impl.sql.GenericPreparedStatement.executeStmt(Unknown Source)
	at org.apache.derby.impl.sql.GenericPreparedStatement.execute(Unknown Source)
	at org.apache.derby.impl.jdbc.EmbedStatement.executeStatement(Unknown Source)
	at org.apache.derby.impl.jdbc.EmbedPreparedStatement.executeStatement(Unknown Source)
	at org.apache.derby.impl.jdbc.EmbedPreparedStatement.executeLargeUpdate(Unknown Source)
	at org.apache.derby.impl.jdbc.EmbedPreparedStatement.executeUpdate(Unknown Source)
	at sun.reflect.NativeMethodAccessorImpl.invoke0(Native Method)
	at sun.reflect.NativeMethodAccessorImpl.invoke(NativeMethodAccessorImpl.java:62)
	at sun.reflect.DelegatingMethodAccessorImpl.invoke(DelegatingMethodAccessorImpl.java:43)
	at java.lang.reflect.Method.invoke(Method.java:498)
	at org.apache.tomcat.jdbc.pool.StatementFacade$StatementProxy.invoke(StatementFacade.java:114)
	at com.sun.proxy.$Proxy78.executeUpdate(Unknown Source)
	at org.jfrog.storage.JdbcHelper.executeUpdate(JdbcHelper.java:229)
	at org.jfrog.access.server.db.util.AccessJdbcHelperImpl.executeUpdate(AccessJdbcHelperImpl.java:98)
	at org.jfrog.access.server.db.dao.AccessConfigsDao.createConfig(AccessConfigsDao.java:48)
	at org.jfrog.access.server.db.dao.AccessConfigsDao$$FastClassBySpringCGLIB$$a31fa086.invoke(<generated>)
	at org.springframework.cglib.proxy.MethodProxy.invoke(MethodProxy.java:204)
	at org.springframework.aop.framework.CglibAopProxy$CglibMethodInvocation.invokeJoinpoint(CglibAopProxy.java:738)
	at org.springframework.aop.framework.ReflectiveMethodInvocation.proceed(ReflectiveMethodInvocation.java:157)
	at org.springframework.dao.support.PersistenceExceptionTranslationInterceptor.invoke(PersistenceExceptionTranslationInterceptor.java:136)
	at org.springframework.aop.framework.ReflectiveMethodInvocation.proceed(ReflectiveMethodInvocation.java:179)
	at org.springframework.aop.framework.CglibAopProxy$DynamicAdvisedInterceptor.intercept(CglibAopProxy.java:673)
	at org.jfrog.access.server.db.dao.AccessConfigsDao$$EnhancerBySpringCGLIB$$b3d1b6b3.createConfig(<generated>)
	at org.jfrog.access.server.startup.JoinKeyAccess.saveJoinKeyToDb(JoinKeyAccess.java:134)
	at org.jfrog.access.server.startup.JoinKeyAccess.init(JoinKeyAccess.java:65)
	at sun.reflect.NativeMethodAccessorImpl.invoke0(Native Method)
	at sun.reflect.NativeMethodAccessorImpl.invoke(NativeMethodAccessorImpl.java:62)
	at sun.reflect.DelegatingMethodAccessorImpl.invoke(DelegatingMethodAccessorImpl.java:43)
	at java.lang.reflect.Method.invoke(Method.java:498)
	at org.springframework.beans.factory.annotation.InitDestroyAnnotationBeanPostProcessor$LifecycleElement.invoke(InitDestroyAnnotationBeanPostProcessor.java:366)
	at org.springframework.beans.factory.annotation.InitDestroyAnnotationBeanPostProcessor$LifecycleMetadata.invokeInitMethods(InitDestroyAnnotationBeanPostProcessor.java:311)
	at org.springframework.beans.factory.annotation.InitDestroyAnnotationBeanPostProcessor.postProcessBeforeInitialization(InitDestroyAnnotationBeanPostProcessor.java:134)
	at org.springframework.beans.factory.support.AbstractAutowireCapableBeanFactory.applyBeanPostProcessorsBeforeInitialization(AbstractAutowireCapableBeanFactory.java:409)
	at org.springframework.beans.factory.support.AbstractAutowireCapableBeanFactory.initializeBean(AbstractAutowireCapableBeanFactory.java:1620)
	at org.springframework.beans.factory.support.AbstractAutowireCapableBeanFactory.doCreateBean(AbstractAutowireCapableBeanFactory.java:555)
	at org.springframework.beans.factory.support.AbstractAutowireCapableBeanFactory.createBean(AbstractAutowireCapableBeanFactory.java:483)
	at org.springframework.beans.factory.support.AbstractBeanFactory$1.getObject(AbstractBeanFactory.java:306)
	at org.springframework.beans.factory.support.DefaultSingletonBeanRegistry.getSingleton(DefaultSingletonBeanRegistry.java:230)
	at org.springframework.beans.factory.support.AbstractBeanFactory.doGetBean(AbstractBeanFactory.java:302)
	at org.springframework.beans.factory.support.AbstractBeanFactory.getBean(AbstractBeanFactory.java:202)
	at org.springframework.beans.factory.config.DependencyDescriptor.resolveCandidate(DependencyDescriptor.java:208)
	at org.springframework.beans.factory.support.DefaultListableBeanFactory.doResolveDependency(DefaultListableBeanFactory.java:1138)
	at org.springframework.beans.factory.support.DefaultListableBeanFactory.resolveDependency(DefaultListableBeanFactory.java:1066)
	at org.springframework.beans.factory.support.ConstructorResolver.resolveAutowiredArgument(ConstructorResolver.java:835)
	at org.springframework.beans.factory.support.ConstructorResolver.createArgumentArray(ConstructorResolver.java:741)
	at org.springframework.beans.factory.support.ConstructorResolver.autowireConstructor(ConstructorResolver.java:189)
	at org.springframework.beans.factory.support.AbstractAutowireCapableBeanFactory.autowireConstructor(AbstractAutowireCapableBeanFactory.java:1193)
	at org.springframework.beans.factory.support.AbstractAutowireCapableBeanFactory.createBeanInstance(AbstractAutowireCapableBeanFactory.java:1095)
	at org.springframework.beans.factory.support.AbstractAutowireCapableBeanFactory.doCreateBean(AbstractAutowireCapableBeanFactory.java:513)
	at org.springframework.beans.factory.support.AbstractAutowireCapableBeanFactory.createBean(AbstractAutowireCapableBeanFactory.java:483)
	at org.springframework.beans.factory.support.AbstractBeanFactory$1.getObject(AbstractBeanFactory.java:306)
	at org.springframework.beans.factory.support.DefaultSingletonBeanRegistry.getSingleton(DefaultSingletonBeanRegistry.java:230)
	at org.springframework.beans.factory.support.AbstractBeanFactory.doGetBean(AbstractBeanFactory.java:302)
	at org.springframework.beans.factory.support.AbstractBeanFactory.getBean(AbstractBeanFactory.java:197)
	at org.springframework.beans.factory.support.DefaultListableBeanFactory.preInstantiateSingletons(DefaultListableBeanFactory.java:761)
	at org.springframework.context.support.AbstractApplicationContext.finishBeanFactoryInitialization(AbstractApplicationContext.java:866)
	at org.springframework.context.support.AbstractApplicationContext.refresh(AbstractApplicationContext.java:542)
	at org.springframework.boot.context.embedded.EmbeddedWebApplicationContext.refresh(EmbeddedWebApplicationContext.java:122)
	at org.springframework.boot.SpringApplication.refresh(SpringApplication.java:693)
	at org.springframework.boot.SpringApplication.refreshContext(SpringApplication.java:360)
	at org.springframework.boot.SpringApplication.run(SpringApplication.java:303)
	at org.springframework.boot.web.support.SpringBootServletInitializer.run(SpringBootServletInitializer.java:151)
	at org.springframework.boot.web.support.SpringBootServletInitializer.createRootApplicationContext(SpringBootServletInitializer.java:131)
	at org.springframework.boot.web.support.SpringBootServletInitializer.onStartup(SpringBootServletInitializer.java:86)
	at org.springframework.web.SpringServletContainerInitializer.onStartup(SpringServletContainerInitializer.java:169)
	at org.apache.catalina.core.StandardContext.startInternal(StandardContext.java:5245)
	at org.apache.catalina.util.LifecycleBase.start(LifecycleBase.java:150)
	at org.apache.catalina.core.ContainerBase.addChildInternal(ContainerBase.java:754)
	at org.apache.catalina.core.ContainerBase.addChild(ContainerBase.java:730)
	at org.apache.catalina.core.StandardHost.addChild(StandardHost.java:734)
	at org.apache.catalina.startup.HostConfig.deployDescriptor(HostConfig.java:629)
	at org.apache.catalina.startup.HostConfig$DeployDescriptor.run(HostConfig.java:1839)
	at java.util.concurrent.Executors$RunnableAdapter.call(Executors.java:511)
	at java.util.concurrent.FutureTask.run(FutureTask.java:266)
	at java.util.concurrent.ThreadPoolExecutor.runWorker(ThreadPoolExecutor.java:1149)
	at java.util.concurrent.ThreadPoolExecutor$Worker.run(ThreadPoolExecutor.java:624)
	at java.lang.Thread.run(Thread.java:748)
Cleanup action completed
