1555578233074|create|jfrog-support-bundle/
1555578233074|create|artifactory-build-info/
1555578233074|create|example-repo-local/
1555590521262|create|ML_models_repo/
1555593647427|create|ML_models_repo/metrics/
1555593647427|create|ML_models_repo/metrics/metrics_data.json
1555593647427|props|ML_models_repo/metrics/metrics_data.json
1555593654053|create|ML_models_repo/test.pkl
1555593654053|props|ML_models_repo/test.pkl
1555665584563|update|ML_models_repo/metrics/metrics_data.json
1555665584563|props|ML_models_repo/metrics/metrics_data.json
1555665590741|update|ML_models_repo/test.pkl
1555665590741|props|ML_models_repo/test.pkl
1556092678387|update|ML_models_repo/metrics/metrics_data.json
1556092678387|props|ML_models_repo/metrics/metrics_data.json
1556093336816|update|ML_models_repo/metrics/metrics_data.json
1556093336816|props|ML_models_repo/metrics/metrics_data.json
1556093342253|update|ML_models_repo/test.pkl
1556093342253|props|ML_models_repo/test.pkl
1556523915007|update|ML_models_repo/metrics/metrics_data.json
1556523915007|props|ML_models_repo/metrics/metrics_data.json
1556526632120|create|trained_models/
1556526916351|update|ML_models_repo/metrics/metrics_data.json
1556526916351|props|ML_models_repo/metrics/metrics_data.json
1556527738035|create|trained_models/test.pkl
1556527738035|props|trained_models/test.pkl
1556529442789|delete|trained_models/test.pkl
1556530003210|create|trained_models/model.pkl
1556530003210|props|trained_models/model.pkl
1556530335549|delete|trained_models/model.pkl
1556532968641|create|trained_models/model.pkl
1556532968641|props|trained_models/model.pkl
1556538765664|update|trained_models/model.pkl
1556538765664|props|trained_models/model.pkl
1556545781268|update|trained_models/model.pkl
1556545781268|props|trained_models/model.pkl
1556545790848|create|trained_models/evaluation_data
1556545790848|props|trained_models/evaluation_data
1556546228583|update|trained_models/model.pkl
1556546228583|props|trained_models/model.pkl
1556546335584|delete|trained_models/evaluation_data
1556546418117|update|trained_models/model.pkl
1556546418117|props|trained_models/model.pkl
1556546425637|create|trained_models/evaluation_data/
1556546425637|create|trained_models/evaluation_data/X_test.txt
1556546425637|props|trained_models/evaluation_data/X_test.txt
1556546427338|create|trained_models/evaluation_data/Y_test.txt
1556546427338|props|trained_models/evaluation_data/Y_test.txt
1556612201897|update|trained_models/model.pkl
1556612201897|props|trained_models/model.pkl
1556612213486|update|trained_models/evaluation_data/X_test.txt
1556612213486|props|trained_models/evaluation_data/X_test.txt
1556612214803|update|trained_models/evaluation_data/Y_test.txt
1556612214803|props|trained_models/evaluation_data/Y_test.txt
1556630624417|create|last_best_model/
1556633905322|create|last_best_model/model.pkl
1556633905322|props|last_best_model/model.pkl
1556782623688|update|trained_models/model.pkl
1556782623688|props|trained_models/model.pkl
1556782637797|update|trained_models/evaluation_data/X_test.txt
1556782637797|props|trained_models/evaluation_data/X_test.txt
1556782639535|update|trained_models/evaluation_data/Y_test.txt
1556782639535|props|trained_models/evaluation_data/Y_test.txt
1556782688013|update|last_best_model/model.pkl
1556782688013|props|last_best_model/model.pkl
1556784179859|update|trained_models/model.pkl
1556784179859|props|trained_models/model.pkl
1556784189318|update|trained_models/evaluation_data/X_test.txt
1556784189318|props|trained_models/evaluation_data/X_test.txt
1556784191064|update|trained_models/evaluation_data/Y_test.txt
1556784191064|props|trained_models/evaluation_data/Y_test.txt
1556784239958|update|last_best_model/model.pkl
1556784239958|props|last_best_model/model.pkl
1556785120834|update|trained_models/model.pkl
1556785120834|props|trained_models/model.pkl
1556785126020|update|trained_models/evaluation_data/X_test.txt
1556785126020|props|trained_models/evaluation_data/X_test.txt
1556785127352|update|trained_models/evaluation_data/Y_test.txt
1556785127352|props|trained_models/evaluation_data/Y_test.txt
1556785336999|update|trained_models/model.pkl
1556785336999|props|trained_models/model.pkl
1556785342106|update|trained_models/evaluation_data/X_test.txt
1556785342106|props|trained_models/evaluation_data/X_test.txt
1556785343365|update|trained_models/evaluation_data/Y_test.txt
1556785343365|props|trained_models/evaluation_data/Y_test.txt
1556786743818|update|trained_models/model.pkl
1556786743818|props|trained_models/model.pkl
1556786747835|update|trained_models/evaluation_data/X_test.txt
1556786747835|props|trained_models/evaluation_data/X_test.txt
1556786748880|update|trained_models/evaluation_data/Y_test.txt
1556786748880|props|trained_models/evaluation_data/Y_test.txt
1556787036359|update|trained_models/evaluation_data/X_test.txt
1556787036359|props|trained_models/evaluation_data/X_test.txt
1556787037529|update|trained_models/evaluation_data/Y_test.txt
1556787037529|props|trained_models/evaluation_data/Y_test.txt
1556787037996|delete|ML_models_repo/test.pkl
1556787042828|delete|ML_models_repo/metrics/metrics_data.json
1556787042854|delete|ML_models_repo/metrics/
1556787049652|delete|trained_models/model.pkl
1556787340207|delete|trained_models/evaluation_data/X_test.txt
1556787340252|delete|trained_models/evaluation_data/Y_test.txt
1556787340268|delete|trained_models/evaluation_data/
1556788657235|create|trained_models/master/
1556788657235|create|trained_models/master/model.pkl
1556788657235|props|trained_models/master/model.pkl
1556788658506|create|trained_models/model_2/
1556788658506|create|trained_models/model_2/model.pkl
1556788658506|props|trained_models/model_2/model.pkl
1556788669279|create|trained_models/evaluation_data/
1556788669279|create|trained_models/evaluation_data/master/
1556788669279|create|trained_models/evaluation_data/master/X_test.txt
1556788669279|props|trained_models/evaluation_data/master/X_test.txt
1556788669532|create|trained_models/evaluation_data/model_2/
1556788669532|create|trained_models/evaluation_data/model_2/X_test.txt
1556788669532|props|trained_models/evaluation_data/model_2/X_test.txt
1556788670773|create|trained_models/evaluation_data/model_2/Y_test.txt
1556788670773|props|trained_models/evaluation_data/model_2/Y_test.txt
1556788671749|create|trained_models/evaluation_data/master/Y_test.txt
1556788671749|props|trained_models/evaluation_data/master/Y_test.txt
1556789341543|delete|trained_models/evaluation_data/master/X_test.txt
1556789341577|delete|trained_models/evaluation_data/master/Y_test.txt
1556789341590|delete|trained_models/evaluation_data/master/
1556789341604|delete|trained_models/evaluation_data/model_2/X_test.txt
1556789341621|delete|trained_models/evaluation_data/model_2/Y_test.txt
1556789341628|delete|trained_models/evaluation_data/model_2/
1556789341640|delete|trained_models/evaluation_data/
1556789346628|delete|trained_models/master/model.pkl
1556789346650|delete|trained_models/master/
1556789351055|delete|trained_models/model_2/model.pkl
1556789351083|delete|trained_models/model_2/
1556789407522|create|trained_models/model_2/
1556789407522|create|trained_models/model_2/model.pkl
1556789407522|props|trained_models/model_2/model.pkl
1556789407768|create|trained_models/master/
1556789407768|create|trained_models/master/model.pkl
1556789407768|props|trained_models/master/model.pkl
1556789418145|create|trained_models/model_2/evaluation_data/
1556789418145|create|trained_models/model_2/evaluation_data/X_test.txt
1556789418145|props|trained_models/model_2/evaluation_data/X_test.txt
1556789418255|create|trained_models/master/evaluation_data/
1556789418255|create|trained_models/master/evaluation_data/X_test.txt
1556789418255|props|trained_models/master/evaluation_data/X_test.txt
1556789419399|create|trained_models/master/evaluation_data/Y_test.txt
1556789419399|props|trained_models/master/evaluation_data/Y_test.txt
1556789420403|create|trained_models/model_2/evaluation_data/Y_test.txt
1556789420403|props|trained_models/model_2/evaluation_data/Y_test.txt
1556809158045|update|last_best_model/model.pkl
1556809158045|props|last_best_model/model.pkl
1556809351752|delete|last_best_model/model.pkl
1556809449988|create|last_best_model/model.pkl
1556809449988|props|last_best_model/model.pkl
1556874494722|update|last_best_model/model.pkl
1556874494722|props|last_best_model/model.pkl
1556886571544|update|last_best_model/model.pkl
1556886571544|props|last_best_model/model.pkl
1556886572305|create|last_best_model/metrics
1556886572305|props|last_best_model/metrics
1556886656177|update|last_best_model/model.pkl
1556886656177|props|last_best_model/model.pkl
1556886740819|delete|last_best_model/metrics
1556886744798|delete|last_best_model/model.pkl
1556886789959|create|last_best_model/model.pkl
1556886789959|props|last_best_model/model.pkl
1556886790750|create|last_best_model/metrics/
1556886790750|create|last_best_model/metrics/metrics_data.json
1556886790750|props|last_best_model/metrics/metrics_data.json
1556887247539|update|last_best_model/model.pkl
1556887247539|props|last_best_model/model.pkl
1556887248201|update|last_best_model/metrics/metrics_data.json
1556887248201|props|last_best_model/metrics/metrics_data.json
1556898243959|create|ML_models_repo/model.pkl
1556898243959|props|ML_models_repo/model.pkl
1556898244627|create|ML_models_repo/metrics/
1556898244627|create|ML_models_repo/metrics/metrics_data.json
1556898244627|props|ML_models_repo/metrics/metrics_data.json
1558944761503|create|prepared_data_repo/
1558944946308|create|prepared_data_repo/dfGlobal.pkl
1558944946308|props|prepared_data_repo/dfGlobal.pkl
1558947574380|update|trained_models/model_2/model.pkl
1558947574380|props|trained_models/model_2/model.pkl
1558947574909|update|trained_models/model_2/evaluation_data/X_test.txt
1558947574909|props|trained_models/model_2/evaluation_data/X_test.txt
1558947575181|update|trained_models/model_2/evaluation_data/Y_test.txt
1558947575181|props|trained_models/model_2/evaluation_data/Y_test.txt
1558947589827|update|trained_models/master/model.pkl
1558947589827|props|trained_models/master/model.pkl
1558947600585|update|trained_models/master/evaluation_data/X_test.txt
1558947600585|props|trained_models/master/evaluation_data/X_test.txt
1558947602569|update|trained_models/master/evaluation_data/Y_test.txt
1558947602569|props|trained_models/master/evaluation_data/Y_test.txt
1558948126874|delete|trained_models/model_2/evaluation_data/X_test.txt
1558948126896|delete|trained_models/model_2/evaluation_data/Y_test.txt
1558948126910|delete|trained_models/model_2/evaluation_data/
1558948126928|delete|trained_models/model_2/model.pkl
1558948126939|delete|trained_models/model_2/
1558948253218|create|trained_models/model_2/
1558948253218|create|trained_models/model_2/model.pkl
1558948253218|props|trained_models/model_2/model.pkl
1558948253690|create|trained_models/model_2/evaluation_data/
1558948253690|create|trained_models/model_2/evaluation_data/X_test.txt
1558948253690|props|trained_models/model_2/evaluation_data/X_test.txt
1558948253926|create|trained_models/model_2/evaluation_data/Y_test.txt
1558948253926|props|trained_models/model_2/evaluation_data/Y_test.txt
1558948579593|update|trained_models/model_2/model.pkl
1558948579593|props|trained_models/model_2/model.pkl
1558948580076|update|trained_models/model_2/evaluation_data/X_test.txt
1558948580076|props|trained_models/model_2/evaluation_data/X_test.txt
1558948580339|update|trained_models/model_2/evaluation_data/Y_test.txt
1558948580339|props|trained_models/model_2/evaluation_data/Y_test.txt
1558948827214|delete|trained_models/model_2/evaluation_data/X_test.txt
1558948827237|delete|trained_models/model_2/evaluation_data/Y_test.txt
1558948827253|delete|trained_models/model_2/evaluation_data/
1558948827264|delete|trained_models/model_2/model.pkl
1558948827273|delete|trained_models/model_2/
1558950703212|create|trained_models/model_2/
1558950703212|create|trained_models/model_2/model.pkl
1558950703212|props|trained_models/model_2/model.pkl
1558950704432|create|trained_models/model_2/evaluation_data/
1558950704432|create|trained_models/model_2/evaluation_data/X_test.txt
1558950704432|props|trained_models/model_2/evaluation_data/X_test.txt
1558950705107|create|trained_models/model_2/evaluation_data/Y_test.txt
1558950705107|props|trained_models/model_2/evaluation_data/Y_test.txt
1558950797308|delete|trained_models/model_2/evaluation_data/X_test.txt
1558950797328|delete|trained_models/model_2/evaluation_data/Y_test.txt
1558950797341|delete|trained_models/model_2/evaluation_data/
1558950797355|delete|trained_models/model_2/model.pkl
1558950797369|delete|trained_models/model_2/
1558950839871|create|trained_models/model_2/
1558950839871|create|trained_models/model_2/model.pkl
1558950839871|props|trained_models/model_2/model.pkl
1558950841086|create|trained_models/model_2/evaluation_data/
1558950841086|create|trained_models/model_2/evaluation_data/X_test.txt
1558950841086|props|trained_models/model_2/evaluation_data/X_test.txt
1558950841745|create|trained_models/model_2/evaluation_data/Y_test.txt
1558950841745|props|trained_models/model_2/evaluation_data/Y_test.txt
1558950960971|update|last_best_model/model.pkl
1558950960971|props|last_best_model/model.pkl
1558950961632|update|last_best_model/metrics/metrics_data.json
1558950961632|props|last_best_model/metrics/metrics_data.json
1558950998872|update|ML_models_repo/model.pkl
1558950998872|props|ML_models_repo/model.pkl
1558950999515|update|ML_models_repo/metrics/metrics_data.json
1558950999515|props|ML_models_repo/metrics/metrics_data.json
1558961074404|update|trained_models/model_2/model.pkl
1558961074404|props|trained_models/model_2/model.pkl
1558961075578|update|trained_models/model_2/evaluation_data/X_test.txt
1558961075578|props|trained_models/model_2/evaluation_data/X_test.txt
1558961076225|update|trained_models/model_2/evaluation_data/Y_test.txt
1558961076225|props|trained_models/model_2/evaluation_data/Y_test.txt
1558961182734|delete|trained_models/master/evaluation_data/X_test.txt
1558961182754|delete|trained_models/master/evaluation_data/Y_test.txt
1558961182766|delete|trained_models/master/evaluation_data/
1558961182791|delete|trained_models/master/model.pkl
1558961182797|delete|trained_models/master/
1558962410172|create|trained_models/model_1/
1558962410172|create|trained_models/model_1/evaluation_data/
1558962410172|create|trained_models/model_1/evaluation_data/X_test.txt
1558962410172|props|trained_models/model_1/evaluation_data/X_test.txt
1558962492659|update|trained_models/model_1/evaluation_data/X_test.txt
1558962492659|props|trained_models/model_1/evaluation_data/X_test.txt
1558962493314|create|trained_models/model_1/evaluation_data/Y_test.txt
1558962493314|props|trained_models/model_1/evaluation_data/Y_test.txt
1558962614396|create|trained_models/model_1/model.pkl
1558962614396|props|trained_models/model_1/model.pkl
1558962615897|update|trained_models/model_1/evaluation_data/X_test.txt
1558962615897|props|trained_models/model_1/evaluation_data/X_test.txt
1558962616626|update|trained_models/model_1/evaluation_data/Y_test.txt
1558962616626|props|trained_models/model_1/evaluation_data/Y_test.txt
1558963238368|update|trained_models/model_1/model.pkl
1558963238368|props|trained_models/model_1/model.pkl
1558963239873|update|trained_models/model_2/model.pkl
1558963239873|props|trained_models/model_2/model.pkl
1558963241164|update|trained_models/model_2/evaluation_data/X_test.txt
1558963241164|props|trained_models/model_2/evaluation_data/X_test.txt
1558963241551|update|trained_models/model_1/evaluation_data/X_test.txt
1558963241551|props|trained_models/model_1/evaluation_data/X_test.txt
1558963241966|update|trained_models/model_2/evaluation_data/Y_test.txt
1558963241966|props|trained_models/model_2/evaluation_data/Y_test.txt
1558963242267|update|trained_models/model_1/evaluation_data/Y_test.txt
1558963242267|props|trained_models/model_1/evaluation_data/Y_test.txt
1558963518880|update|last_best_model/model.pkl
1558963518880|props|last_best_model/model.pkl
1558963519534|update|last_best_model/metrics/metrics_data.json
1558963519534|props|last_best_model/metrics/metrics_data.json
1558963555703|update|ML_models_repo/model.pkl
1558963555703|props|ML_models_repo/model.pkl
1558963556362|update|ML_models_repo/metrics/metrics_data.json
1558963556362|props|ML_models_repo/metrics/metrics_data.json
1558964148046|update|last_best_model/model.pkl
1558964148046|props|last_best_model/model.pkl
1558964148799|update|last_best_model/metrics/metrics_data.json
1558964148799|props|last_best_model/metrics/metrics_data.json
1558964186840|update|ML_models_repo/model.pkl
1558964186840|props|ML_models_repo/model.pkl
1558964187475|update|ML_models_repo/metrics/metrics_data.json
1558964187475|props|ML_models_repo/metrics/metrics_data.json
1558966455387|update|last_best_model/model.pkl
1558966455387|props|last_best_model/model.pkl
1558966456090|update|last_best_model/metrics/metrics_data.json
1558966456090|props|last_best_model/metrics/metrics_data.json
1558966494164|update|ML_models_repo/model.pkl
1558966494164|props|ML_models_repo/model.pkl
1558966494857|update|ML_models_repo/metrics/metrics_data.json
1558966494857|props|ML_models_repo/metrics/metrics_data.json
1558966965249|update|prepared_data_repo/dfGlobal.pkl
1558966965249|props|prepared_data_repo/dfGlobal.pkl
1558967032561|update|trained_models/model_1/evaluation_data/X_test.txt
1558967032561|props|trained_models/model_1/evaluation_data/X_test.txt
1558967033539|update|trained_models/model_1/evaluation_data/Y_test.txt
1558967033539|props|trained_models/model_1/evaluation_data/Y_test.txt
1558967606853|update|trained_models/model_1/model.pkl
1558967606853|props|trained_models/model_1/model.pkl
1558967615797|update|trained_models/model_1/evaluation_data/X_test.txt
1558967615797|props|trained_models/model_1/evaluation_data/X_test.txt
1558967616759|update|trained_models/model_1/evaluation_data/Y_test.txt
1558967616759|props|trained_models/model_1/evaluation_data/Y_test.txt
1558968803017|update|last_best_model/model.pkl
1558968803017|props|last_best_model/model.pkl
1558968803674|update|last_best_model/metrics/metrics_data.json
1558968803674|props|last_best_model/metrics/metrics_data.json
1558968842986|update|ML_models_repo/model.pkl
1558968842986|props|ML_models_repo/model.pkl
1558968843619|update|ML_models_repo/metrics/metrics_data.json
1558968843619|props|ML_models_repo/metrics/metrics_data.json
1558969038504|update|trained_models/model_2/model.pkl
1558969038504|props|trained_models/model_2/model.pkl
1558969040314|update|trained_models/model_2/evaluation_data/X_test.txt
1558969040314|props|trained_models/model_2/evaluation_data/X_test.txt
1558969041088|update|trained_models/model_2/evaluation_data/Y_test.txt
1558969041088|props|trained_models/model_2/evaluation_data/Y_test.txt
1559028776211|update|prepared_data_repo/dfGlobal.pkl
1559028776211|props|prepared_data_repo/dfGlobal.pkl
1559029162882|update|trained_models/model_1/model.pkl
1559029162882|props|trained_models/model_1/model.pkl
1559029175596|update|trained_models/model_1/evaluation_data/X_test.txt
1559029175596|props|trained_models/model_1/evaluation_data/X_test.txt
1559029177484|update|trained_models/model_1/evaluation_data/Y_test.txt
1559029177484|props|trained_models/model_1/evaluation_data/Y_test.txt
1559029187085|update|trained_models/model_2/model.pkl
1559029187085|props|trained_models/model_2/model.pkl
1559029191474|update|trained_models/model_2/evaluation_data/X_test.txt
1559029191474|props|trained_models/model_2/evaluation_data/X_test.txt
1559029192564|update|trained_models/model_2/evaluation_data/Y_test.txt
1559029192564|props|trained_models/model_2/evaluation_data/Y_test.txt
1559029629318|update|last_best_model/model.pkl
1559029629318|props|last_best_model/model.pkl
1559029629995|update|last_best_model/metrics/metrics_data.json
1559029629995|props|last_best_model/metrics/metrics_data.json
1559029667633|update|ML_models_repo/model.pkl
1559029667633|props|ML_models_repo/model.pkl
1559029668286|update|ML_models_repo/metrics/metrics_data.json
1559029668286|props|ML_models_repo/metrics/metrics_data.json
1559030654655|update|ML_models_repo/model.pkl
1559030654655|props|ML_models_repo/model.pkl
1559030655351|update|ML_models_repo/metrics/metrics_data.json
1559030655351|props|ML_models_repo/metrics/metrics_data.json
1559031866140|update|last_best_model/model.pkl
1559031866140|props|last_best_model/model.pkl
1559031866607|update|last_best_model/metrics/metrics_data.json
1559031866607|props|last_best_model/metrics/metrics_data.json
1559031932272|update|ML_models_repo/model.pkl
1559031932272|props|ML_models_repo/model.pkl
1559031932731|update|ML_models_repo/metrics/metrics_data.json
1559031932731|props|ML_models_repo/metrics/metrics_data.json
1559048045592|update|trained_models/model_1/model.pkl
1559048045592|props|trained_models/model_1/model.pkl
1559048056662|update|trained_models/model_1/evaluation_data/X_test.txt
1559048056662|props|trained_models/model_1/evaluation_data/X_test.txt
1559048057771|update|trained_models/model_1/evaluation_data/Y_test.txt
1559048057771|props|trained_models/model_1/evaluation_data/Y_test.txt
1559051698575|update|last_best_model/model.pkl
1559051698575|props|last_best_model/model.pkl
1559051699022|update|last_best_model/metrics/metrics_data.json
1559051699022|props|last_best_model/metrics/metrics_data.json
1559051754345|update|ML_models_repo/model.pkl
1559051754345|props|ML_models_repo/model.pkl
1559051754808|update|ML_models_repo/metrics/metrics_data.json
1559051754808|props|ML_models_repo/metrics/metrics_data.json
1559056624033|update|trained_models/model_1/model.pkl
1559056624033|props|trained_models/model_1/model.pkl
1559056637372|update|trained_models/model_1/evaluation_data/X_test.txt
1559056637372|props|trained_models/model_1/evaluation_data/X_test.txt
1559056639562|update|trained_models/model_1/evaluation_data/Y_test.txt
1559056639562|props|trained_models/model_1/evaluation_data/Y_test.txt
1559056647898|update|trained_models/model_2/model.pkl
1559056647898|props|trained_models/model_2/model.pkl
1559056652750|update|trained_models/model_2/evaluation_data/X_test.txt
1559056652750|props|trained_models/model_2/evaluation_data/X_test.txt
1559056654423|update|trained_models/model_2/evaluation_data/Y_test.txt
1559056654423|props|trained_models/model_2/evaluation_data/Y_test.txt
1559113905579|delete|trained_models/model_1/evaluation_data/X_test.txt
1559113905593|delete|trained_models/model_1/evaluation_data/Y_test.txt
1559113905599|delete|trained_models/model_1/evaluation_data/
1559113905610|delete|trained_models/model_1/model.pkl
1559113905617|delete|trained_models/model_1/
1559113910239|delete|trained_models/model_2/evaluation_data/X_test.txt
1559113910248|delete|trained_models/model_2/evaluation_data/Y_test.txt
1559113910253|delete|trained_models/model_2/evaluation_data/
1559113910261|delete|trained_models/model_2/model.pkl
1559113910266|delete|trained_models/model_2/
1559114039707|delete|prepared_data_repo/dfGlobal.pkl
1559114057095|delete|last_best_model/metrics/metrics_data.json
1559114057102|delete|last_best_model/metrics/
1559114061731|delete|last_best_model/model.pkl
1559117805046|create|prepared_data_repo/dfGlobal.pkl
1559117805046|props|prepared_data_repo/dfGlobal.pkl
1559121392757|update|prepared_data_repo/dfGlobal.pkl
1559121392757|props|prepared_data_repo/dfGlobal.pkl
1559124989410|update|prepared_data_repo/dfGlobal.pkl
1559124989410|props|prepared_data_repo/dfGlobal.pkl
1559128587659|update|prepared_data_repo/dfGlobal.pkl
1559128587659|props|prepared_data_repo/dfGlobal.pkl
1559129517181|update|prepared_data_repo/dfGlobal.pkl
1559129517181|props|prepared_data_repo/dfGlobal.pkl
1559130781170|create|trained_models/model_1/
1559130781170|create|trained_models/model_1/model.pkl
1559130781170|props|trained_models/model_1/model.pkl
1559130796686|create|trained_models/model_1/evaluation_data/
1559130796686|create|trained_models/model_1/evaluation_data/X_test.txt
1559130796686|props|trained_models/model_1/evaluation_data/X_test.txt
1559130798601|create|trained_models/model_1/evaluation_data/Y_test.txt
1559130798601|props|trained_models/model_1/evaluation_data/Y_test.txt
1559130818561|create|trained_models/model_2/
1559130818561|create|trained_models/model_2/model.pkl
1559130818561|props|trained_models/model_2/model.pkl
1559130824721|create|trained_models/model_2/evaluation_data/
1559130824721|create|trained_models/model_2/evaluation_data/X_test.txt
1559130824721|props|trained_models/model_2/evaluation_data/X_test.txt
1559130826145|create|trained_models/model_2/evaluation_data/Y_test.txt
1559130826145|props|trained_models/model_2/evaluation_data/Y_test.txt
1559131155872|create|last_best_model/model.pkl
1559131155872|props|last_best_model/model.pkl
1559131156320|create|last_best_model/metrics/
1559131156320|create|last_best_model/metrics/metrics_data.json
1559131156320|props|last_best_model/metrics/metrics_data.json
1559131557020|update|trained_models/model_1/model.pkl
1559131557020|props|trained_models/model_1/model.pkl
1559131589018|update|trained_models/model_1/evaluation_data/X_test.txt
1559131589018|props|trained_models/model_1/evaluation_data/X_test.txt
1559131592473|update|trained_models/model_1/evaluation_data/Y_test.txt
1559131592473|props|trained_models/model_1/evaluation_data/Y_test.txt
1559131628889|update|last_best_model/model.pkl
1559131628889|props|last_best_model/model.pkl
1559131630149|update|last_best_model/metrics/metrics_data.json
1559131630149|props|last_best_model/metrics/metrics_data.json
1559131653790|update|trained_models/model_2/model.pkl
1559131653790|props|trained_models/model_2/model.pkl
1559131660439|update|trained_models/model_2/evaluation_data/X_test.txt
1559131660439|props|trained_models/model_2/evaluation_data/X_test.txt
1559131661899|update|trained_models/model_2/evaluation_data/Y_test.txt
1559131661899|props|trained_models/model_2/evaluation_data/Y_test.txt
1559131735124|update|trained_models/model_1/model.pkl
1559131735124|props|trained_models/model_1/model.pkl
1559131763194|update|trained_models/model_1/evaluation_data/X_test.txt
1559131763194|props|trained_models/model_1/evaluation_data/X_test.txt
1559131770892|update|trained_models/model_1/evaluation_data/Y_test.txt
1559131770892|props|trained_models/model_1/evaluation_data/Y_test.txt
1559131799154|update|trained_models/model_1/model.pkl
1559131799154|props|trained_models/model_1/model.pkl
1559131816199|update|trained_models/model_1/evaluation_data/X_test.txt
1559131816199|props|trained_models/model_1/evaluation_data/X_test.txt
1559131818342|update|trained_models/model_1/evaluation_data/Y_test.txt
1559131818342|props|trained_models/model_1/evaluation_data/Y_test.txt
1559131839618|update|trained_models/model_2/model.pkl
1559131839618|props|trained_models/model_2/model.pkl
1559131845663|update|trained_models/model_2/evaluation_data/X_test.txt
1559131845663|props|trained_models/model_2/evaluation_data/X_test.txt
1559131847117|update|trained_models/model_2/evaluation_data/Y_test.txt
1559131847117|props|trained_models/model_2/evaluation_data/Y_test.txt
1559132105576|update|trained_models/model_1/model.pkl
1559132105576|props|trained_models/model_1/model.pkl
1559132134259|update|trained_models/model_1/evaluation_data/X_test.txt
1559132134259|props|trained_models/model_1/evaluation_data/X_test.txt
1559132137530|update|trained_models/model_1/evaluation_data/Y_test.txt
1559132137530|props|trained_models/model_1/evaluation_data/Y_test.txt
1559132174464|update|last_best_model/model.pkl
1559132174464|props|last_best_model/model.pkl
1559132175223|update|last_best_model/metrics/metrics_data.json
1559132175223|props|last_best_model/metrics/metrics_data.json
1559132199960|update|trained_models/model_2/model.pkl
1559132199960|props|trained_models/model_2/model.pkl
1559132205914|update|trained_models/model_2/evaluation_data/X_test.txt
1559132205914|props|trained_models/model_2/evaluation_data/X_test.txt
1559132207310|update|trained_models/model_2/evaluation_data/Y_test.txt
1559132207310|props|trained_models/model_2/evaluation_data/Y_test.txt
1559132283770|update|prepared_data_repo/dfGlobal.pkl
1559132283770|props|prepared_data_repo/dfGlobal.pkl
1559132351489|update|trained_models/model_1/model.pkl
1559132351489|props|trained_models/model_1/model.pkl
1559132371120|update|trained_models/model_1/evaluation_data/X_test.txt
1559132371120|props|trained_models/model_1/evaluation_data/X_test.txt
1559132372938|update|trained_models/model_1/evaluation_data/Y_test.txt
1559132372938|props|trained_models/model_1/evaluation_data/Y_test.txt
1559132389873|update|trained_models/model_2/model.pkl
1559132389873|props|trained_models/model_2/model.pkl
1559132396565|update|trained_models/model_2/evaluation_data/X_test.txt
1559132396565|props|trained_models/model_2/evaluation_data/X_test.txt
1559132397961|update|trained_models/model_2/evaluation_data/Y_test.txt
1559132397961|props|trained_models/model_2/evaluation_data/Y_test.txt
1559132473750|update|trained_models/model_1/model.pkl
1559132473750|props|trained_models/model_1/model.pkl
1559132487154|update|trained_models/model_1/evaluation_data/X_test.txt
1559132487154|props|trained_models/model_1/evaluation_data/X_test.txt
1559132489792|update|trained_models/model_1/evaluation_data/Y_test.txt
1559132489792|props|trained_models/model_1/evaluation_data/Y_test.txt
1559132509949|update|trained_models/model_2/model.pkl
1559132509949|props|trained_models/model_2/model.pkl
1559132516603|update|trained_models/model_2/evaluation_data/X_test.txt
1559132516603|props|trained_models/model_2/evaluation_data/X_test.txt
1559132517980|update|trained_models/model_2/evaluation_data/Y_test.txt
1559132517980|props|trained_models/model_2/evaluation_data/Y_test.txt
1559133609564|update|trained_models/model_1/model.pkl
1559133609564|props|trained_models/model_1/model.pkl
1559133628758|update|trained_models/model_1/evaluation_data/X_test.txt
1559133628758|props|trained_models/model_1/evaluation_data/X_test.txt
1559133631089|update|trained_models/model_1/evaluation_data/Y_test.txt
1559133631089|props|trained_models/model_1/evaluation_data/Y_test.txt
1559133646416|update|trained_models/model_2/model.pkl
1559133646416|props|trained_models/model_2/model.pkl
1559133655028|update|trained_models/model_2/evaluation_data/X_test.txt
1559133655028|props|trained_models/model_2/evaluation_data/X_test.txt
1559133656773|update|trained_models/model_2/evaluation_data/Y_test.txt
1559133656773|props|trained_models/model_2/evaluation_data/Y_test.txt
1559133817696|update|trained_models/model_1/model.pkl
1559133817696|props|trained_models/model_1/model.pkl
1559133833272|update|trained_models/model_1/evaluation_data/X_test.txt
1559133833272|props|trained_models/model_1/evaluation_data/X_test.txt
1559133836203|update|trained_models/model_1/evaluation_data/Y_test.txt
1559133836203|props|trained_models/model_1/evaluation_data/Y_test.txt
1559133883149|update|trained_models/model_2/model.pkl
1559133883149|props|trained_models/model_2/model.pkl
1559133889810|update|trained_models/model_2/evaluation_data/X_test.txt
1559133889810|props|trained_models/model_2/evaluation_data/X_test.txt
1559133891279|update|trained_models/model_2/evaluation_data/Y_test.txt
1559133891279|props|trained_models/model_2/evaluation_data/Y_test.txt
1559134355641|update|trained_models/model_1/model.pkl
1559134355641|props|trained_models/model_1/model.pkl
1559134365040|update|trained_models/model_1/evaluation_data/X_test.txt
1559134365040|props|trained_models/model_1/evaluation_data/X_test.txt
1559134366616|update|trained_models/model_1/evaluation_data/Y_test.txt
1559134366616|props|trained_models/model_1/evaluation_data/Y_test.txt
1559134518420|update|trained_models/model_1/model.pkl
1559134518420|props|trained_models/model_1/model.pkl
1559134531307|update|trained_models/model_1/evaluation_data/X_test.txt
1559134531307|props|trained_models/model_1/evaluation_data/X_test.txt
1559134534598|update|trained_models/model_1/evaluation_data/Y_test.txt
1559134534598|props|trained_models/model_1/evaluation_data/Y_test.txt
1559134555115|update|trained_models/model_2/model.pkl
1559134555115|props|trained_models/model_2/model.pkl
1559134561436|update|trained_models/model_2/evaluation_data/X_test.txt
1559134561436|props|trained_models/model_2/evaluation_data/X_test.txt
1559134562815|update|trained_models/model_2/evaluation_data/Y_test.txt
1559134562815|props|trained_models/model_2/evaluation_data/Y_test.txt
1559135681737|update|trained_models/model_1/model.pkl
1559135681737|props|trained_models/model_1/model.pkl
1559135697862|update|trained_models/model_1/evaluation_data/X_test.txt
1559135697862|props|trained_models/model_1/evaluation_data/X_test.txt
1559135700145|update|trained_models/model_1/evaluation_data/Y_test.txt
1559135700145|props|trained_models/model_1/evaluation_data/Y_test.txt
1559135722384|update|trained_models/model_2/model.pkl
1559135722384|props|trained_models/model_2/model.pkl
1559135730058|update|trained_models/model_2/evaluation_data/X_test.txt
1559135730058|props|trained_models/model_2/evaluation_data/X_test.txt
1559135731144|update|trained_models/model_1/model.pkl
1559135731144|props|trained_models/model_1/model.pkl
1559135731536|update|trained_models/model_2/evaluation_data/Y_test.txt
1559135731536|props|trained_models/model_2/evaluation_data/Y_test.txt
1559135739480|update|trained_models/model_1/evaluation_data/X_test.txt
1559135739480|props|trained_models/model_1/evaluation_data/X_test.txt
1559135741052|update|trained_models/model_1/evaluation_data/Y_test.txt
1559135741052|props|trained_models/model_1/evaluation_data/Y_test.txt
1559135818484|update|prepared_data_repo/dfGlobal.pkl
1559135818484|props|prepared_data_repo/dfGlobal.pkl
1559135862010|update|trained_models/model_1/model.pkl
1559135862010|props|trained_models/model_1/model.pkl
1559135880023|update|trained_models/model_1/evaluation_data/X_test.txt
1559135880023|props|trained_models/model_1/evaluation_data/X_test.txt
1559135885159|update|trained_models/model_1/evaluation_data/Y_test.txt
1559135885159|props|trained_models/model_1/evaluation_data/Y_test.txt
1559135900780|update|trained_models/model_2/model.pkl
1559135900780|props|trained_models/model_2/model.pkl
1559135907909|update|trained_models/model_2/evaluation_data/X_test.txt
1559135907909|props|trained_models/model_2/evaluation_data/X_test.txt
1559135909352|update|trained_models/model_2/evaluation_data/Y_test.txt
1559135909352|props|trained_models/model_2/evaluation_data/Y_test.txt
1559136100370|update|trained_models/model_1/model.pkl
1559136100370|props|trained_models/model_1/model.pkl
1559136109715|update|trained_models/model_1/evaluation_data/X_test.txt
1559136109715|props|trained_models/model_1/evaluation_data/X_test.txt
1559136111893|update|trained_models/model_1/evaluation_data/Y_test.txt
1559136111893|props|trained_models/model_1/evaluation_data/Y_test.txt
1559136139165|update|trained_models/model_2/model.pkl
1559136139165|props|trained_models/model_2/model.pkl
1559136152966|update|trained_models/model_2/evaluation_data/X_test.txt
1559136152966|props|trained_models/model_2/evaluation_data/X_test.txt
1559136154515|update|trained_models/model_2/evaluation_data/Y_test.txt
1559136154515|props|trained_models/model_2/evaluation_data/Y_test.txt
1559136370699|update|trained_models/model_1/model.pkl
1559136370699|props|trained_models/model_1/model.pkl
1559136394246|update|trained_models/model_1/evaluation_data/X_test.txt
1559136394246|props|trained_models/model_1/evaluation_data/X_test.txt
1559136397379|update|trained_models/model_1/evaluation_data/Y_test.txt
1559136397379|props|trained_models/model_1/evaluation_data/Y_test.txt
1559136420807|update|trained_models/model_2/model.pkl
1559136420807|props|trained_models/model_2/model.pkl
1559136429540|update|trained_models/model_2/evaluation_data/X_test.txt
1559136429540|props|trained_models/model_2/evaluation_data/X_test.txt
1559136431139|update|trained_models/model_2/evaluation_data/Y_test.txt
1559136431139|props|trained_models/model_2/evaluation_data/Y_test.txt
1559136867636|update|trained_models/model_1/model.pkl
1559136867636|props|trained_models/model_1/model.pkl
1559136881410|update|trained_models/model_1/evaluation_data/X_test.txt
1559136881410|props|trained_models/model_1/evaluation_data/X_test.txt
1559136884144|update|trained_models/model_1/evaluation_data/Y_test.txt
1559136884144|props|trained_models/model_1/evaluation_data/Y_test.txt
1559136903516|update|trained_models/model_2/model.pkl
1559136903516|props|trained_models/model_2/model.pkl
1559136909590|update|trained_models/model_2/evaluation_data/X_test.txt
1559136909590|props|trained_models/model_2/evaluation_data/X_test.txt
1559136911013|update|trained_models/model_2/evaluation_data/Y_test.txt
1559136911013|props|trained_models/model_2/evaluation_data/Y_test.txt
1559137901611|update|trained_models/model_1/model.pkl
1559137901611|props|trained_models/model_1/model.pkl
1559137920749|update|trained_models/model_1/evaluation_data/X_test.txt
1559137920749|props|trained_models/model_1/evaluation_data/X_test.txt
1559137923414|update|trained_models/model_1/evaluation_data/Y_test.txt
1559137923414|props|trained_models/model_1/evaluation_data/Y_test.txt
1559137940760|update|trained_models/model_2/model.pkl
1559137940760|props|trained_models/model_2/model.pkl
1559137949667|update|trained_models/model_2/evaluation_data/X_test.txt
1559137949667|props|trained_models/model_2/evaluation_data/X_test.txt
1559137951384|update|trained_models/model_2/evaluation_data/Y_test.txt
1559137951384|props|trained_models/model_2/evaluation_data/Y_test.txt
1559138119884|update|trained_models/model_1/model.pkl
1559138119884|props|trained_models/model_1/model.pkl
1559138133864|update|trained_models/model_1/evaluation_data/X_test.txt
1559138133864|props|trained_models/model_1/evaluation_data/X_test.txt
1559138136191|update|trained_models/model_1/evaluation_data/Y_test.txt
1559138136191|props|trained_models/model_1/evaluation_data/Y_test.txt
1559138195772|update|trained_models/model_1/model.pkl
1559138195772|props|trained_models/model_1/model.pkl
1559138206126|update|trained_models/model_1/evaluation_data/X_test.txt
1559138206126|props|trained_models/model_1/evaluation_data/X_test.txt
1559138208625|update|trained_models/model_1/evaluation_data/Y_test.txt
1559138208625|props|trained_models/model_1/evaluation_data/Y_test.txt
1559138227649|update|trained_models/model_2/model.pkl
1559138227649|props|trained_models/model_2/model.pkl
1559138234474|update|trained_models/model_2/evaluation_data/X_test.txt
1559138234474|props|trained_models/model_2/evaluation_data/X_test.txt
1559138235862|update|trained_models/model_2/evaluation_data/Y_test.txt
1559138235862|props|trained_models/model_2/evaluation_data/Y_test.txt
1559138298065|update|trained_models/model_1/model.pkl
1559138298065|props|trained_models/model_1/model.pkl
1559138314235|update|trained_models/model_1/evaluation_data/X_test.txt
1559138314235|props|trained_models/model_1/evaluation_data/X_test.txt
1559138317455|update|trained_models/model_1/evaluation_data/Y_test.txt
1559138317455|props|trained_models/model_1/evaluation_data/Y_test.txt
1559138330343|update|trained_models/model_2/model.pkl
1559138330343|props|trained_models/model_2/model.pkl
1559138336479|update|trained_models/model_2/evaluation_data/X_test.txt
1559138336479|props|trained_models/model_2/evaluation_data/X_test.txt
1559138338747|update|trained_models/model_2/evaluation_data/Y_test.txt
1559138338747|props|trained_models/model_2/evaluation_data/Y_test.txt
1559138441609|update|trained_models/model_1/model.pkl
1559138441609|props|trained_models/model_1/model.pkl
1559138451313|update|trained_models/model_1/evaluation_data/X_test.txt
1559138451313|props|trained_models/model_1/evaluation_data/X_test.txt
1559138453755|update|trained_models/model_1/evaluation_data/Y_test.txt
1559138453755|props|trained_models/model_1/evaluation_data/Y_test.txt
1559138485300|update|trained_models/model_2/model.pkl
1559138485300|props|trained_models/model_2/model.pkl
1559138492285|update|trained_models/model_2/evaluation_data/X_test.txt
1559138492285|props|trained_models/model_2/evaluation_data/X_test.txt
1559138493724|update|trained_models/model_2/evaluation_data/Y_test.txt
1559138493724|props|trained_models/model_2/evaluation_data/Y_test.txt
1559138634563|update|trained_models/model_1/model.pkl
1559138634563|props|trained_models/model_1/model.pkl
1559138650909|update|trained_models/model_1/evaluation_data/X_test.txt
1559138650909|props|trained_models/model_1/evaluation_data/X_test.txt
1559138653868|update|trained_models/model_1/evaluation_data/Y_test.txt
1559138653868|props|trained_models/model_1/evaluation_data/Y_test.txt
1559138671373|update|trained_models/model_2/model.pkl
1559138671373|props|trained_models/model_2/model.pkl
1559138677606|update|trained_models/model_2/evaluation_data/X_test.txt
1559138677606|props|trained_models/model_2/evaluation_data/X_test.txt
1559138679039|update|trained_models/model_2/evaluation_data/Y_test.txt
1559138679039|props|trained_models/model_2/evaluation_data/Y_test.txt
1559138889915|update|trained_models/model_1/model.pkl
1559138889915|props|trained_models/model_1/model.pkl
1559138902873|update|trained_models/model_1/evaluation_data/X_test.txt
1559138902873|props|trained_models/model_1/evaluation_data/X_test.txt
1559138905521|update|trained_models/model_1/evaluation_data/Y_test.txt
1559138905521|props|trained_models/model_1/evaluation_data/Y_test.txt
1559138926107|update|trained_models/model_2/model.pkl
1559138926107|props|trained_models/model_2/model.pkl
1559138933111|update|trained_models/model_2/evaluation_data/X_test.txt
1559138933111|props|trained_models/model_2/evaluation_data/X_test.txt
1559138934611|update|trained_models/model_2/evaluation_data/Y_test.txt
1559138934611|props|trained_models/model_2/evaluation_data/Y_test.txt
1559139176746|update|trained_models/model_1/model.pkl
1559139176746|props|trained_models/model_1/model.pkl
1559139197672|update|trained_models/model_1/evaluation_data/X_test.txt
1559139197672|props|trained_models/model_1/evaluation_data/X_test.txt
1559139200339|update|trained_models/model_1/evaluation_data/Y_test.txt
1559139200339|props|trained_models/model_1/evaluation_data/Y_test.txt
1559139220211|update|trained_models/model_2/model.pkl
1559139220211|props|trained_models/model_2/model.pkl
1559139229644|update|trained_models/model_2/evaluation_data/X_test.txt
1559139229644|props|trained_models/model_2/evaluation_data/X_test.txt
1559139231363|update|trained_models/model_2/evaluation_data/Y_test.txt
1559139231363|props|trained_models/model_2/evaluation_data/Y_test.txt
1559139382939|update|prepared_data_repo/dfGlobal.pkl
1559139382939|props|prepared_data_repo/dfGlobal.pkl
1559139457761|update|trained_models/model_1/model.pkl
1559139457761|props|trained_models/model_1/model.pkl
1559139476563|update|trained_models/model_1/evaluation_data/X_test.txt
1559139476563|props|trained_models/model_1/evaluation_data/X_test.txt
1559139478715|update|trained_models/model_1/evaluation_data/Y_test.txt
1559139478715|props|trained_models/model_1/evaluation_data/Y_test.txt
1559139536252|update|trained_models/model_1/model.pkl
1559139536252|props|trained_models/model_1/model.pkl
1559139555794|update|trained_models/model_1/evaluation_data/X_test.txt
1559139555794|props|trained_models/model_1/evaluation_data/X_test.txt
1559139558109|update|trained_models/model_1/evaluation_data/Y_test.txt
1559139558109|props|trained_models/model_1/evaluation_data/Y_test.txt
1559139582212|update|trained_models/model_2/model.pkl
1559139582212|props|trained_models/model_2/model.pkl
1559139592313|update|trained_models/model_2/evaluation_data/X_test.txt
1559139592313|props|trained_models/model_2/evaluation_data/X_test.txt
1559139594209|update|trained_models/model_2/evaluation_data/Y_test.txt
1559139594209|props|trained_models/model_2/evaluation_data/Y_test.txt
1559139683496|update|trained_models/model_1/model.pkl
1559139683496|props|trained_models/model_1/model.pkl
1559139700826|update|trained_models/model_1/evaluation_data/X_test.txt
1559139700826|props|trained_models/model_1/evaluation_data/X_test.txt
1559139702543|update|trained_models/model_1/evaluation_data/Y_test.txt
1559139702543|props|trained_models/model_1/evaluation_data/Y_test.txt
1559139714129|update|trained_models/model_2/model.pkl
1559139714129|props|trained_models/model_2/model.pkl
1559139722769|update|trained_models/model_2/evaluation_data/X_test.txt
1559139722769|props|trained_models/model_2/evaluation_data/X_test.txt
1559139724297|update|trained_models/model_2/evaluation_data/Y_test.txt
1559139724297|props|trained_models/model_2/evaluation_data/Y_test.txt
1559140628194|update|trained_models/model_1/model.pkl
1559140628194|props|trained_models/model_1/model.pkl
1559140646363|update|trained_models/model_1/evaluation_data/X_test.txt
1559140646363|props|trained_models/model_1/evaluation_data/X_test.txt
1559140649390|update|trained_models/model_1/evaluation_data/Y_test.txt
1559140649390|props|trained_models/model_1/evaluation_data/Y_test.txt
1559141798431|update|trained_models/model_1/model.pkl
1559141798431|props|trained_models/model_1/model.pkl
1559141823325|update|trained_models/model_1/evaluation_data/X_test.txt
1559141823325|props|trained_models/model_1/evaluation_data/X_test.txt
1559141826543|update|trained_models/model_1/evaluation_data/Y_test.txt
1559141826543|props|trained_models/model_1/evaluation_data/Y_test.txt
1559141846959|update|trained_models/model_2/model.pkl
1559141846959|props|trained_models/model_2/model.pkl
1559141855843|update|trained_models/model_2/evaluation_data/X_test.txt
1559141855843|props|trained_models/model_2/evaluation_data/X_test.txt
1559141857425|update|trained_models/model_2/evaluation_data/Y_test.txt
1559141857425|props|trained_models/model_2/evaluation_data/Y_test.txt
1559142004441|update|trained_models/model_1/model.pkl
1559142004441|props|trained_models/model_1/model.pkl
1559142013837|update|trained_models/model_1/evaluation_data/X_test.txt
1559142013837|props|trained_models/model_1/evaluation_data/X_test.txt
1559142016347|update|trained_models/model_1/evaluation_data/Y_test.txt
1559142016347|props|trained_models/model_1/evaluation_data/Y_test.txt
1559142042062|update|trained_models/model_2/model.pkl
1559142042062|props|trained_models/model_2/model.pkl
1559142048207|update|trained_models/model_2/evaluation_data/X_test.txt
1559142048207|props|trained_models/model_2/evaluation_data/X_test.txt
1559142049760|update|trained_models/model_2/evaluation_data/Y_test.txt
1559142049760|props|trained_models/model_2/evaluation_data/Y_test.txt
1559142117092|update|trained_models/model_1/model.pkl
1559142117092|props|trained_models/model_1/model.pkl
1559142132375|update|trained_models/model_1/evaluation_data/X_test.txt
1559142132375|props|trained_models/model_1/evaluation_data/X_test.txt
1559142135128|update|trained_models/model_1/evaluation_data/Y_test.txt
1559142135128|props|trained_models/model_1/evaluation_data/Y_test.txt
1559142151593|update|trained_models/model_2/model.pkl
1559142151593|props|trained_models/model_2/model.pkl
1559142158423|update|trained_models/model_2/evaluation_data/X_test.txt
1559142158423|props|trained_models/model_2/evaluation_data/X_test.txt
1559142159893|update|trained_models/model_2/evaluation_data/Y_test.txt
1559142159893|props|trained_models/model_2/evaluation_data/Y_test.txt
1559142251007|update|trained_models/model_1/model.pkl
1559142251007|props|trained_models/model_1/model.pkl
1559142288697|update|trained_models/model_1/evaluation_data/X_test.txt
1559142288697|props|trained_models/model_1/evaluation_data/X_test.txt
1559142291779|update|trained_models/model_1/evaluation_data/Y_test.txt
1559142291779|props|trained_models/model_1/evaluation_data/Y_test.txt
1559142309501|update|trained_models/model_2/model.pkl
1559142309501|props|trained_models/model_2/model.pkl
1559142316700|update|trained_models/model_2/evaluation_data/X_test.txt
1559142316700|props|trained_models/model_2/evaluation_data/X_test.txt
1559142318286|update|trained_models/model_2/evaluation_data/Y_test.txt
1559142318286|props|trained_models/model_2/evaluation_data/Y_test.txt
1559142320829|update|trained_models/model_1/model.pkl
1559142320829|props|trained_models/model_1/model.pkl
1559142329295|update|trained_models/model_1/evaluation_data/X_test.txt
1559142329295|props|trained_models/model_1/evaluation_data/X_test.txt
1559142331360|update|trained_models/model_1/evaluation_data/Y_test.txt
1559142331360|props|trained_models/model_1/evaluation_data/Y_test.txt
1559142377584|update|trained_models/model_2/model.pkl
1559142377584|props|trained_models/model_2/model.pkl
1559142387487|update|trained_models/model_2/evaluation_data/X_test.txt
1559142387487|props|trained_models/model_2/evaluation_data/X_test.txt
1559142389278|update|trained_models/model_2/evaluation_data/Y_test.txt
1559142389278|props|trained_models/model_2/evaluation_data/Y_test.txt
1559142558594|update|trained_models/model_1/model.pkl
1559142558594|props|trained_models/model_1/model.pkl
1559142582653|update|trained_models/model_1/evaluation_data/X_test.txt
1559142582653|props|trained_models/model_1/evaluation_data/X_test.txt
1559142584948|update|trained_models/model_1/evaluation_data/Y_test.txt
1559142584948|props|trained_models/model_1/evaluation_data/Y_test.txt
1559142601831|update|trained_models/model_2/model.pkl
1559142601831|props|trained_models/model_2/model.pkl
1559142608537|update|trained_models/model_2/evaluation_data/X_test.txt
1559142608537|props|trained_models/model_2/evaluation_data/X_test.txt
1559142610077|update|trained_models/model_2/evaluation_data/Y_test.txt
1559142610077|props|trained_models/model_2/evaluation_data/Y_test.txt
1559142646503|update|trained_models/model_1/model.pkl
1559142646503|props|trained_models/model_1/model.pkl
1559142669736|update|trained_models/model_1/evaluation_data/X_test.txt
1559142669736|props|trained_models/model_1/evaluation_data/X_test.txt
1559142672360|update|trained_models/model_1/evaluation_data/Y_test.txt
1559142672360|props|trained_models/model_1/evaluation_data/Y_test.txt
1559142694579|update|trained_models/model_2/model.pkl
1559142694579|props|trained_models/model_2/model.pkl
1559142701544|update|trained_models/model_2/evaluation_data/X_test.txt
1559142701544|props|trained_models/model_2/evaluation_data/X_test.txt
1559142703136|update|trained_models/model_2/evaluation_data/Y_test.txt
1559142703136|props|trained_models/model_2/evaluation_data/Y_test.txt
1559142704131|update|trained_models/model_1/model.pkl
1559142704131|props|trained_models/model_1/model.pkl
1559142715574|update|trained_models/model_1/evaluation_data/X_test.txt
1559142715574|props|trained_models/model_1/evaluation_data/X_test.txt
1559142717883|update|trained_models/model_1/evaluation_data/Y_test.txt
1559142717883|props|trained_models/model_1/evaluation_data/Y_test.txt
1559142890823|update|trained_models/model_1/model.pkl
1559142890823|props|trained_models/model_1/model.pkl
1559142918162|update|trained_models/model_1/evaluation_data/X_test.txt
1559142918162|props|trained_models/model_1/evaluation_data/X_test.txt
1559142923538|update|trained_models/model_1/evaluation_data/Y_test.txt
1559142923538|props|trained_models/model_1/evaluation_data/Y_test.txt
1559142946912|update|trained_models/model_2/model.pkl
1559142946912|props|trained_models/model_2/model.pkl
1559142954999|update|trained_models/model_2/evaluation_data/X_test.txt
1559142954999|props|trained_models/model_2/evaluation_data/X_test.txt
1559142956587|update|trained_models/model_2/evaluation_data/Y_test.txt
1559142956587|props|trained_models/model_2/evaluation_data/Y_test.txt
1559143000075|update|prepared_data_repo/dfGlobal.pkl
1559143000075|props|prepared_data_repo/dfGlobal.pkl
1559143059331|update|trained_models/model_1/model.pkl
1559143059331|props|trained_models/model_1/model.pkl
1559143075261|update|trained_models/model_1/evaluation_data/X_test.txt
1559143075261|props|trained_models/model_1/evaluation_data/X_test.txt
1559143077897|update|trained_models/model_1/evaluation_data/Y_test.txt
1559143077897|props|trained_models/model_1/evaluation_data/Y_test.txt
1559143094379|update|trained_models/model_2/model.pkl
1559143094379|props|trained_models/model_2/model.pkl
1559143103616|update|trained_models/model_2/evaluation_data/X_test.txt
1559143103616|props|trained_models/model_2/evaluation_data/X_test.txt
1559143105348|update|trained_models/model_2/evaluation_data/Y_test.txt
1559143105348|props|trained_models/model_2/evaluation_data/Y_test.txt
1559143253468|update|trained_models/model_1/model.pkl
1559143253468|props|trained_models/model_1/model.pkl
1559143502829|update|trained_models/model_1/model.pkl
1559143502829|props|trained_models/model_1/model.pkl
1559143518545|update|trained_models/model_1/evaluation_data/X_test.txt
1559143518545|props|trained_models/model_1/evaluation_data/X_test.txt
1559143521858|update|trained_models/model_1/evaluation_data/Y_test.txt
1559143521858|props|trained_models/model_1/evaluation_data/Y_test.txt
1559143538695|update|trained_models/model_2/model.pkl
1559143538695|props|trained_models/model_2/model.pkl
1559143546540|update|trained_models/model_2/evaluation_data/X_test.txt
1559143546540|props|trained_models/model_2/evaluation_data/X_test.txt
1559143548607|update|trained_models/model_2/evaluation_data/Y_test.txt
1559143548607|props|trained_models/model_2/evaluation_data/Y_test.txt
1559143611135|update|trained_models/model_1/model.pkl
1559143611135|props|trained_models/model_1/model.pkl
1559143628465|update|trained_models/model_1/evaluation_data/X_test.txt
1559143628465|props|trained_models/model_1/evaluation_data/X_test.txt
1559143631631|update|trained_models/model_1/evaluation_data/Y_test.txt
1559143631631|props|trained_models/model_1/evaluation_data/Y_test.txt
1559143668058|update|trained_models/model_2/model.pkl
1559143668058|props|trained_models/model_2/model.pkl
1559143678286|update|trained_models/model_2/evaluation_data/X_test.txt
1559143678286|props|trained_models/model_2/evaluation_data/X_test.txt
1559143679697|update|trained_models/model_2/evaluation_data/Y_test.txt
1559143679697|props|trained_models/model_2/evaluation_data/Y_test.txt
1559144045015|update|trained_models/model_1/model.pkl
1559144045015|props|trained_models/model_1/model.pkl
1559144067447|update|trained_models/model_1/evaluation_data/X_test.txt
1559144067447|props|trained_models/model_1/evaluation_data/X_test.txt
1559144069841|update|trained_models/model_1/evaluation_data/Y_test.txt
1559144069841|props|trained_models/model_1/evaluation_data/Y_test.txt
1559144086843|update|trained_models/model_2/model.pkl
1559144086843|props|trained_models/model_2/model.pkl
1559144093172|update|trained_models/model_2/evaluation_data/X_test.txt
1559144093172|props|trained_models/model_2/evaluation_data/X_test.txt
1559144094607|update|trained_models/model_2/evaluation_data/Y_test.txt
1559144094607|props|trained_models/model_2/evaluation_data/Y_test.txt
1559144206710|update|trained_models/model_1/model.pkl
1559144206710|props|trained_models/model_1/model.pkl
1559144224716|update|trained_models/model_1/evaluation_data/X_test.txt
1559144224716|props|trained_models/model_1/evaluation_data/X_test.txt
1559144228357|update|trained_models/model_1/evaluation_data/Y_test.txt
1559144228357|props|trained_models/model_1/evaluation_data/Y_test.txt
1559144254015|update|trained_models/model_2/model.pkl
1559144254015|props|trained_models/model_2/model.pkl
1559144270895|update|trained_models/model_2/evaluation_data/X_test.txt
1559144270895|props|trained_models/model_2/evaluation_data/X_test.txt
1559144272561|update|trained_models/model_2/evaluation_data/Y_test.txt
1559144272561|props|trained_models/model_2/evaluation_data/Y_test.txt
1559144303409|update|trained_models/model_1/model.pkl
1559144303409|props|trained_models/model_1/model.pkl
1559144320797|update|trained_models/model_1/evaluation_data/X_test.txt
1559144320797|props|trained_models/model_1/evaluation_data/X_test.txt
1559144323582|update|trained_models/model_1/evaluation_data/Y_test.txt
1559144323582|props|trained_models/model_1/evaluation_data/Y_test.txt
1559144378203|update|trained_models/model_1/model.pkl
1559144378203|props|trained_models/model_1/model.pkl
1559144392897|update|trained_models/model_1/evaluation_data/X_test.txt
1559144392897|props|trained_models/model_1/evaluation_data/X_test.txt
1559144396066|update|trained_models/model_1/evaluation_data/Y_test.txt
1559144396066|props|trained_models/model_1/evaluation_data/Y_test.txt
1559144417564|update|trained_models/model_2/model.pkl
1559144417564|props|trained_models/model_2/model.pkl
1559144425048|update|trained_models/model_2/evaluation_data/X_test.txt
1559144425048|props|trained_models/model_2/evaluation_data/X_test.txt
1559144426469|update|trained_models/model_2/evaluation_data/Y_test.txt
1559144426469|props|trained_models/model_2/evaluation_data/Y_test.txt
1559144492073|update|last_best_model/model.pkl
1559144492073|props|last_best_model/model.pkl
1559144492508|update|last_best_model/metrics/metrics_data.json
1559144492508|props|last_best_model/metrics/metrics_data.json
1559146498662|update|trained_models/model_1/model.pkl
1559146498662|props|trained_models/model_1/model.pkl
1559146519016|update|trained_models/model_1/evaluation_data/X_test.txt
1559146519016|props|trained_models/model_1/evaluation_data/X_test.txt
1559146522012|update|trained_models/model_1/evaluation_data/Y_test.txt
1559146522012|props|trained_models/model_1/evaluation_data/Y_test.txt
1559146539867|update|trained_models/model_2/model.pkl
1559146539867|props|trained_models/model_2/model.pkl
1559146546528|update|trained_models/model_2/evaluation_data/X_test.txt
1559146546528|props|trained_models/model_2/evaluation_data/X_test.txt
1559146548004|update|trained_models/model_2/evaluation_data/Y_test.txt
1559146548004|props|trained_models/model_2/evaluation_data/Y_test.txt
1559146635760|update|prepared_data_repo/dfGlobal.pkl
1559146635760|props|prepared_data_repo/dfGlobal.pkl
1559146660076|update|last_best_model/model.pkl
1559146660076|props|last_best_model/model.pkl
1559146660792|update|last_best_model/metrics/metrics_data.json
1559146660792|props|last_best_model/metrics/metrics_data.json
1559150118896|update|trained_models/model_1/model.pkl
1559150118896|props|trained_models/model_1/model.pkl
1559150139662|update|trained_models/model_1/evaluation_data/X_test.txt
1559150139662|props|trained_models/model_1/evaluation_data/X_test.txt
1559150142083|update|trained_models/model_1/evaluation_data/Y_test.txt
1559150142083|props|trained_models/model_1/evaluation_data/Y_test.txt
1559150159474|update|trained_models/model_2/model.pkl
1559150159474|props|trained_models/model_2/model.pkl
1559150169866|update|trained_models/model_2/evaluation_data/X_test.txt
1559150169866|props|trained_models/model_2/evaluation_data/X_test.txt
1559150171872|update|trained_models/model_2/evaluation_data/Y_test.txt
1559150171872|props|trained_models/model_2/evaluation_data/Y_test.txt
1559150236374|update|prepared_data_repo/dfGlobal.pkl
1559150236374|props|prepared_data_repo/dfGlobal.pkl
1559150267936|update|last_best_model/model.pkl
1559150267936|props|last_best_model/model.pkl
1559150268361|update|last_best_model/metrics/metrics_data.json
1559150268361|props|last_best_model/metrics/metrics_data.json
1559153768783|update|trained_models/model_1/model.pkl
1559153768783|props|trained_models/model_1/model.pkl
1559153785527|update|trained_models/model_1/evaluation_data/X_test.txt
1559153785527|props|trained_models/model_1/evaluation_data/X_test.txt
1559153788375|update|trained_models/model_1/evaluation_data/Y_test.txt
1559153788375|props|trained_models/model_1/evaluation_data/Y_test.txt
1559153809078|update|trained_models/model_2/model.pkl
1559153809078|props|trained_models/model_2/model.pkl
1559153815738|update|trained_models/model_2/evaluation_data/X_test.txt
1559153815738|props|trained_models/model_2/evaluation_data/X_test.txt
1559153817869|update|trained_models/model_2/evaluation_data/Y_test.txt
1559153817869|props|trained_models/model_2/evaluation_data/Y_test.txt
1559153885181|update|prepared_data_repo/dfGlobal.pkl
1559153885181|props|prepared_data_repo/dfGlobal.pkl
1559153915873|update|last_best_model/model.pkl
1559153915873|props|last_best_model/model.pkl
1559153916337|update|last_best_model/metrics/metrics_data.json
1559153916337|props|last_best_model/metrics/metrics_data.json
1559157368103|update|trained_models/model_1/model.pkl
1559157368103|props|trained_models/model_1/model.pkl
1559157389287|update|trained_models/model_1/evaluation_data/X_test.txt
1559157389287|props|trained_models/model_1/evaluation_data/X_test.txt
1559157392402|update|trained_models/model_1/evaluation_data/Y_test.txt
1559157392402|props|trained_models/model_1/evaluation_data/Y_test.txt
1559157412711|update|trained_models/model_2/model.pkl
1559157412711|props|trained_models/model_2/model.pkl
1559157419624|update|trained_models/model_2/evaluation_data/X_test.txt
1559157419624|props|trained_models/model_2/evaluation_data/X_test.txt
1559157421082|update|trained_models/model_2/evaluation_data/Y_test.txt
1559157421082|props|trained_models/model_2/evaluation_data/Y_test.txt
1559157495345|update|prepared_data_repo/dfGlobal.pkl
1559157495345|props|prepared_data_repo/dfGlobal.pkl
1559157526152|update|last_best_model/model.pkl
1559157526152|props|last_best_model/model.pkl
1559157526601|update|last_best_model/metrics/metrics_data.json
1559157526601|props|last_best_model/metrics/metrics_data.json
1559160966557|update|trained_models/model_1/model.pkl
1559160966557|props|trained_models/model_1/model.pkl
1559160986588|update|trained_models/model_1/evaluation_data/X_test.txt
1559160986588|props|trained_models/model_1/evaluation_data/X_test.txt
1559160990863|update|trained_models/model_1/evaluation_data/Y_test.txt
1559160990863|props|trained_models/model_1/evaluation_data/Y_test.txt
1559161010759|update|trained_models/model_2/model.pkl
1559161010759|props|trained_models/model_2/model.pkl
1559161018118|update|trained_models/model_2/evaluation_data/X_test.txt
1559161018118|props|trained_models/model_2/evaluation_data/X_test.txt
1559161019594|update|trained_models/model_2/evaluation_data/Y_test.txt
1559161019594|props|trained_models/model_2/evaluation_data/Y_test.txt
1559161105610|update|prepared_data_repo/dfGlobal.pkl
1559161105610|props|prepared_data_repo/dfGlobal.pkl
1559161132602|update|last_best_model/model.pkl
1559161132602|props|last_best_model/model.pkl
1559161133058|update|last_best_model/metrics/metrics_data.json
1559161133058|props|last_best_model/metrics/metrics_data.json
1559164557630|update|trained_models/model_1/model.pkl
1559164557630|props|trained_models/model_1/model.pkl
1559164578559|update|trained_models/model_1/evaluation_data/X_test.txt
1559164578559|props|trained_models/model_1/evaluation_data/X_test.txt
1559164581324|update|trained_models/model_1/evaluation_data/Y_test.txt
1559164581324|props|trained_models/model_1/evaluation_data/Y_test.txt
1559164600371|update|trained_models/model_2/model.pkl
1559164600371|props|trained_models/model_2/model.pkl
1559164609042|update|trained_models/model_2/evaluation_data/X_test.txt
1559164609042|props|trained_models/model_2/evaluation_data/X_test.txt
1559164610842|update|trained_models/model_2/evaluation_data/Y_test.txt
1559164610842|props|trained_models/model_2/evaluation_data/Y_test.txt
1559164691717|update|prepared_data_repo/dfGlobal.pkl
1559164691717|props|prepared_data_repo/dfGlobal.pkl
1559164717316|update|last_best_model/model.pkl
1559164717316|props|last_best_model/model.pkl
1559164717766|update|last_best_model/metrics/metrics_data.json
1559164717766|props|last_best_model/metrics/metrics_data.json
1559168153808|update|trained_models/model_1/model.pkl
1559168153808|props|trained_models/model_1/model.pkl
1559168172203|update|trained_models/model_1/evaluation_data/X_test.txt
1559168172203|props|trained_models/model_1/evaluation_data/X_test.txt
1559168175876|update|trained_models/model_1/evaluation_data/Y_test.txt
1559168175876|props|trained_models/model_1/evaluation_data/Y_test.txt
1559168200572|update|trained_models/model_2/model.pkl
1559168200572|props|trained_models/model_2/model.pkl
1559168208327|update|trained_models/model_2/evaluation_data/X_test.txt
1559168208327|props|trained_models/model_2/evaluation_data/X_test.txt
1559168209881|update|trained_models/model_2/evaluation_data/Y_test.txt
1559168209881|props|trained_models/model_2/evaluation_data/Y_test.txt
1559168279681|update|prepared_data_repo/dfGlobal.pkl
1559168279681|props|prepared_data_repo/dfGlobal.pkl
1559168316071|update|last_best_model/model.pkl
1559168316071|props|last_best_model/model.pkl
1559168316506|update|last_best_model/metrics/metrics_data.json
1559168316506|props|last_best_model/metrics/metrics_data.json
1559171756033|update|trained_models/model_1/model.pkl
1559171756033|props|trained_models/model_1/model.pkl
1559171774809|update|trained_models/model_1/evaluation_data/X_test.txt
1559171774809|props|trained_models/model_1/evaluation_data/X_test.txt
1559171778124|update|trained_models/model_1/evaluation_data/Y_test.txt
1559171778124|props|trained_models/model_1/evaluation_data/Y_test.txt
1559171798766|update|trained_models/model_2/model.pkl
1559171798766|props|trained_models/model_2/model.pkl
1559171805950|update|trained_models/model_2/evaluation_data/X_test.txt
1559171805950|props|trained_models/model_2/evaluation_data/X_test.txt
1559171807515|update|trained_models/model_2/evaluation_data/Y_test.txt
1559171807515|props|trained_models/model_2/evaluation_data/Y_test.txt
1559171884101|update|prepared_data_repo/dfGlobal.pkl
1559171884101|props|prepared_data_repo/dfGlobal.pkl
1559171911328|update|last_best_model/model.pkl
1559171911328|props|last_best_model/model.pkl
1559171911760|update|last_best_model/metrics/metrics_data.json
1559171911760|props|last_best_model/metrics/metrics_data.json
1559175348902|update|trained_models/model_1/model.pkl
1559175348902|props|trained_models/model_1/model.pkl
1559175369221|update|trained_models/model_1/evaluation_data/X_test.txt
1559175369221|props|trained_models/model_1/evaluation_data/X_test.txt
1559175371892|update|trained_models/model_1/evaluation_data/Y_test.txt
1559175371892|props|trained_models/model_1/evaluation_data/Y_test.txt
1559175394040|update|trained_models/model_2/model.pkl
1559175394040|props|trained_models/model_2/model.pkl
1559175403642|update|trained_models/model_2/evaluation_data/X_test.txt
1559175403642|props|trained_models/model_2/evaluation_data/X_test.txt
1559175405268|update|trained_models/model_2/evaluation_data/Y_test.txt
1559175405268|props|trained_models/model_2/evaluation_data/Y_test.txt
1559175471858|update|prepared_data_repo/dfGlobal.pkl
1559175471858|props|prepared_data_repo/dfGlobal.pkl
1559175507622|update|last_best_model/model.pkl
1559175507622|props|last_best_model/model.pkl
1559175508072|update|last_best_model/metrics/metrics_data.json
1559175508072|props|last_best_model/metrics/metrics_data.json
1559178947752|update|trained_models/model_1/model.pkl
1559178947752|props|trained_models/model_1/model.pkl
1559178970261|update|trained_models/model_1/evaluation_data/X_test.txt
1559178970261|props|trained_models/model_1/evaluation_data/X_test.txt
1559178973371|update|trained_models/model_1/evaluation_data/Y_test.txt
1559178973371|props|trained_models/model_1/evaluation_data/Y_test.txt
1559178995386|update|trained_models/model_2/model.pkl
1559178995386|props|trained_models/model_2/model.pkl
1559179005498|update|trained_models/model_2/evaluation_data/X_test.txt
1559179005498|props|trained_models/model_2/evaluation_data/X_test.txt
1559179007933|update|trained_models/model_2/evaluation_data/Y_test.txt
1559179007933|props|trained_models/model_2/evaluation_data/Y_test.txt
1559179082011|update|prepared_data_repo/dfGlobal.pkl
1559179082011|props|prepared_data_repo/dfGlobal.pkl
1559179114543|update|last_best_model/model.pkl
1559179114543|props|last_best_model/model.pkl
1559179114986|update|last_best_model/metrics/metrics_data.json
1559179114986|props|last_best_model/metrics/metrics_data.json
1559182546704|update|trained_models/model_1/model.pkl
1559182546704|props|trained_models/model_1/model.pkl
1559182571683|update|trained_models/model_1/evaluation_data/X_test.txt
1559182571683|props|trained_models/model_1/evaluation_data/X_test.txt
1559182575606|update|trained_models/model_1/evaluation_data/Y_test.txt
1559182575606|props|trained_models/model_1/evaluation_data/Y_test.txt
1559182599454|update|trained_models/model_2/model.pkl
1559182599454|props|trained_models/model_2/model.pkl
1559182608179|update|trained_models/model_2/evaluation_data/X_test.txt
1559182608179|props|trained_models/model_2/evaluation_data/X_test.txt
1559182609938|update|trained_models/model_2/evaluation_data/Y_test.txt
1559182609938|props|trained_models/model_2/evaluation_data/Y_test.txt
1559182682216|update|prepared_data_repo/dfGlobal.pkl
1559182682216|props|prepared_data_repo/dfGlobal.pkl
1559182721563|update|last_best_model/model.pkl
1559182721563|props|last_best_model/model.pkl
1559182722211|update|last_best_model/metrics/metrics_data.json
1559182722211|props|last_best_model/metrics/metrics_data.json
1559186142027|update|trained_models/model_1/model.pkl
1559186142027|props|trained_models/model_1/model.pkl
1559186162780|update|trained_models/model_1/evaluation_data/X_test.txt
1559186162780|props|trained_models/model_1/evaluation_data/X_test.txt
1559186165745|update|trained_models/model_1/evaluation_data/Y_test.txt
1559186165745|props|trained_models/model_1/evaluation_data/Y_test.txt
1559186195041|update|trained_models/model_2/model.pkl
1559186195041|props|trained_models/model_2/model.pkl
1559186205205|update|trained_models/model_2/evaluation_data/X_test.txt
1559186205205|props|trained_models/model_2/evaluation_data/X_test.txt
1559186207002|update|trained_models/model_2/evaluation_data/Y_test.txt
1559186207002|props|trained_models/model_2/evaluation_data/Y_test.txt
1559186287992|update|prepared_data_repo/dfGlobal.pkl
1559186287992|props|prepared_data_repo/dfGlobal.pkl
1559186341258|update|last_best_model/model.pkl
1559186341258|props|last_best_model/model.pkl
1559186341736|update|last_best_model/metrics/metrics_data.json
1559186341736|props|last_best_model/metrics/metrics_data.json
1559189724462|update|trained_models/model_1/model.pkl
1559189724462|props|trained_models/model_1/model.pkl
1559189735019|update|trained_models/model_1/evaluation_data/X_test.txt
1559189735019|props|trained_models/model_1/evaluation_data/X_test.txt
1559189736899|update|trained_models/model_1/evaluation_data/Y_test.txt
1559189736899|props|trained_models/model_1/evaluation_data/Y_test.txt
1559189774556|update|trained_models/model_2/model.pkl
1559189774556|props|trained_models/model_2/model.pkl
1559189782712|update|trained_models/model_2/evaluation_data/X_test.txt
1559189782712|props|trained_models/model_2/evaluation_data/X_test.txt
1559189784373|update|trained_models/model_2/evaluation_data/Y_test.txt
1559189784373|props|trained_models/model_2/evaluation_data/Y_test.txt
1559189839941|update|prepared_data_repo/dfGlobal.pkl
1559189839941|props|prepared_data_repo/dfGlobal.pkl
1559189884907|update|last_best_model/model.pkl
1559189884907|props|last_best_model/model.pkl
1559189885374|update|last_best_model/metrics/metrics_data.json
1559189885374|props|last_best_model/metrics/metrics_data.json
1559193332126|update|trained_models/model_1/model.pkl
1559193332126|props|trained_models/model_1/model.pkl
1559193353485|update|trained_models/model_1/evaluation_data/X_test.txt
1559193353485|props|trained_models/model_1/evaluation_data/X_test.txt
1559193356375|update|trained_models/model_1/evaluation_data/Y_test.txt
1559193356375|props|trained_models/model_1/evaluation_data/Y_test.txt
1559193385915|update|trained_models/model_2/model.pkl
1559193385915|props|trained_models/model_2/model.pkl
1559193394695|update|trained_models/model_2/evaluation_data/X_test.txt
1559193394695|props|trained_models/model_2/evaluation_data/X_test.txt
1559193396326|update|trained_models/model_2/evaluation_data/Y_test.txt
1559193396326|props|trained_models/model_2/evaluation_data/Y_test.txt
1559193460322|update|prepared_data_repo/dfGlobal.pkl
1559193460322|props|prepared_data_repo/dfGlobal.pkl
1559193496966|update|last_best_model/model.pkl
1559193496966|props|last_best_model/model.pkl
1559193497407|update|last_best_model/metrics/metrics_data.json
1559193497407|props|last_best_model/metrics/metrics_data.json
1559196928881|update|trained_models/model_1/model.pkl
1559196928881|props|trained_models/model_1/model.pkl
1559196945064|update|trained_models/model_1/evaluation_data/X_test.txt
1559196945064|props|trained_models/model_1/evaluation_data/X_test.txt
1559196948016|update|trained_models/model_1/evaluation_data/Y_test.txt
1559196948016|props|trained_models/model_1/evaluation_data/Y_test.txt
1559196970156|update|trained_models/model_2/model.pkl
1559196970156|props|trained_models/model_2/model.pkl
1559196983748|update|trained_models/model_2/evaluation_data/X_test.txt
1559196983748|props|trained_models/model_2/evaluation_data/X_test.txt
1559196985367|update|trained_models/model_2/evaluation_data/Y_test.txt
1559196985367|props|trained_models/model_2/evaluation_data/Y_test.txt
1559197061402|update|prepared_data_repo/dfGlobal.pkl
1559197061402|props|prepared_data_repo/dfGlobal.pkl
1559197088283|update|last_best_model/model.pkl
1559197088283|props|last_best_model/model.pkl
1559197088734|update|last_best_model/metrics/metrics_data.json
1559197088734|props|last_best_model/metrics/metrics_data.json
1559200529770|update|trained_models/model_1/model.pkl
1559200529770|props|trained_models/model_1/model.pkl
1559200544393|update|trained_models/model_1/evaluation_data/X_test.txt
1559200544393|props|trained_models/model_1/evaluation_data/X_test.txt
1559200547660|update|trained_models/model_1/evaluation_data/Y_test.txt
1559200547660|props|trained_models/model_1/evaluation_data/Y_test.txt
1559200575519|update|trained_models/model_2/model.pkl
1559200575519|props|trained_models/model_2/model.pkl
1559200586510|update|trained_models/model_2/evaluation_data/X_test.txt
1559200586510|props|trained_models/model_2/evaluation_data/X_test.txt
1559200589126|update|trained_models/model_2/evaluation_data/Y_test.txt
1559200589126|props|trained_models/model_2/evaluation_data/Y_test.txt
1559200666506|update|prepared_data_repo/dfGlobal.pkl
1559200666506|props|prepared_data_repo/dfGlobal.pkl
1559200696117|update|last_best_model/model.pkl
1559200696117|props|last_best_model/model.pkl
1559200696558|update|last_best_model/metrics/metrics_data.json
1559200696558|props|last_best_model/metrics/metrics_data.json
1559204187381|update|trained_models/model_1/model.pkl
1559204187381|props|trained_models/model_1/model.pkl
1559204213058|update|trained_models/model_1/evaluation_data/X_test.txt
1559204213058|props|trained_models/model_1/evaluation_data/X_test.txt
1559204216161|update|trained_models/model_1/evaluation_data/Y_test.txt
1559204216161|props|trained_models/model_1/evaluation_data/Y_test.txt
1559204244876|update|trained_models/model_2/model.pkl
1559204244876|props|trained_models/model_2/model.pkl
1559204254592|update|trained_models/model_2/evaluation_data/X_test.txt
1559204254592|props|trained_models/model_2/evaluation_data/X_test.txt
1559204256330|update|trained_models/model_2/evaluation_data/Y_test.txt
1559204256330|props|trained_models/model_2/evaluation_data/Y_test.txt
1559204320290|update|prepared_data_repo/dfGlobal.pkl
1559204320290|props|prepared_data_repo/dfGlobal.pkl
1559204360828|update|last_best_model/model.pkl
1559204360828|props|last_best_model/model.pkl
1559204361290|update|last_best_model/metrics/metrics_data.json
1559204361290|props|last_best_model/metrics/metrics_data.json
1559207782371|update|trained_models/model_1/model.pkl
1559207782371|props|trained_models/model_1/model.pkl
1559207805794|update|trained_models/model_1/evaluation_data/X_test.txt
1559207805794|props|trained_models/model_1/evaluation_data/X_test.txt
1559207809572|update|trained_models/model_1/evaluation_data/Y_test.txt
1559207809572|props|trained_models/model_1/evaluation_data/Y_test.txt
1559207831869|update|trained_models/model_2/model.pkl
1559207831869|props|trained_models/model_2/model.pkl
1559207841462|update|trained_models/model_2/evaluation_data/X_test.txt
1559207841462|props|trained_models/model_2/evaluation_data/X_test.txt
1559207843202|update|trained_models/model_2/evaluation_data/Y_test.txt
1559207843202|props|trained_models/model_2/evaluation_data/Y_test.txt
1559207951913|update|prepared_data_repo/dfGlobal.pkl
1559207951913|props|prepared_data_repo/dfGlobal.pkl
1559207990325|update|last_best_model/model.pkl
1559207990325|props|last_best_model/model.pkl
1559207990805|update|last_best_model/metrics/metrics_data.json
1559207990805|props|last_best_model/metrics/metrics_data.json
1559288739118|update|trained_models/model_1/model.pkl
1559288739118|props|trained_models/model_1/model.pkl
1559288758588|update|trained_models/model_1/evaluation_data/X_test.txt
1559288758588|props|trained_models/model_1/evaluation_data/X_test.txt
1559288762285|update|trained_models/model_1/evaluation_data/Y_test.txt
1559288762285|props|trained_models/model_1/evaluation_data/Y_test.txt
1559288791885|update|trained_models/model_2/model.pkl
1559288791885|props|trained_models/model_2/model.pkl
1559288805330|update|trained_models/model_2/evaluation_data/X_test.txt
1559288805330|props|trained_models/model_2/evaluation_data/X_test.txt
1559288812633|update|trained_models/model_2/evaluation_data/Y_test.txt
1559288812633|props|trained_models/model_2/evaluation_data/Y_test.txt
1559288890856|update|last_best_model/model.pkl
1559288890856|props|last_best_model/model.pkl
1559288891313|update|last_best_model/metrics/metrics_data.json
1559288891313|props|last_best_model/metrics/metrics_data.json
1559289037329|update|trained_models/model_1/model.pkl
1559289037329|props|trained_models/model_1/model.pkl
1559289058061|update|trained_models/model_1/evaluation_data/X_test.txt
1559289058061|props|trained_models/model_1/evaluation_data/X_test.txt
1559289061711|update|trained_models/model_1/evaluation_data/Y_test.txt
1559289061711|props|trained_models/model_1/evaluation_data/Y_test.txt
1559289140111|update|trained_models/model_1/model.pkl
1559289140111|props|trained_models/model_1/model.pkl
1559289159744|update|trained_models/model_1/evaluation_data/X_test.txt
1559289159744|props|trained_models/model_1/evaluation_data/X_test.txt
1559289163229|update|trained_models/model_1/evaluation_data/Y_test.txt
1559289163229|props|trained_models/model_1/evaluation_data/Y_test.txt
1559289194681|update|trained_models/model_2/model.pkl
1559289194681|props|trained_models/model_2/model.pkl
1559289224272|update|trained_models/model_2/evaluation_data/X_test.txt
1559289224272|props|trained_models/model_2/evaluation_data/X_test.txt
1559289351846|update|trained_models/model_1/model.pkl
1559289351846|props|trained_models/model_1/model.pkl
1559289364833|update|trained_models/model_1/evaluation_data/X_test.txt
1559289364833|props|trained_models/model_1/evaluation_data/X_test.txt
1559289366804|update|trained_models/model_1/evaluation_data/Y_test.txt
1559289366804|props|trained_models/model_1/evaluation_data/Y_test.txt
1559289624998|update|trained_models/model_1/model.pkl
1559289624998|props|trained_models/model_1/model.pkl
1559289650254|update|trained_models/model_1/evaluation_data/X_test.txt
1559289650254|props|trained_models/model_1/evaluation_data/X_test.txt
1559289653191|update|trained_models/model_1/evaluation_data/Y_test.txt
1559289653191|props|trained_models/model_1/evaluation_data/Y_test.txt
1559289677942|update|trained_models/model_2/model.pkl
1559289677942|props|trained_models/model_2/model.pkl
1559289692958|update|trained_models/model_2/evaluation_data/X_test.txt
1559289692958|props|trained_models/model_2/evaluation_data/X_test.txt
1559289698204|update|trained_models/model_2/evaluation_data/Y_test.txt
1559289698204|props|trained_models/model_2/evaluation_data/Y_test.txt
1559289776395|update|last_best_model/model.pkl
1559289776395|props|last_best_model/model.pkl
1559289777051|update|last_best_model/metrics/metrics_data.json
1559289777051|props|last_best_model/metrics/metrics_data.json
1559289835352|update|trained_models/model_1/model.pkl
1559289835352|props|trained_models/model_1/model.pkl
1559289851956|update|trained_models/model_1/evaluation_data/X_test.txt
1559289851956|props|trained_models/model_1/evaluation_data/X_test.txt
1559289854233|update|trained_models/model_1/evaluation_data/Y_test.txt
1559289854233|props|trained_models/model_1/evaluation_data/Y_test.txt
1559289895085|update|trained_models/model_2/model.pkl
1559289895085|props|trained_models/model_2/model.pkl
1559289903524|update|trained_models/model_2/evaluation_data/X_test.txt
1559289903524|props|trained_models/model_2/evaluation_data/X_test.txt
1559289905289|update|trained_models/model_2/evaluation_data/Y_test.txt
1559289905289|props|trained_models/model_2/evaluation_data/Y_test.txt
1559290098078|update|trained_models/model_1/model.pkl
1559290098078|props|trained_models/model_1/model.pkl
1559290123346|update|trained_models/model_1/evaluation_data/X_test.txt
1559290123346|props|trained_models/model_1/evaluation_data/X_test.txt
1559290127460|update|trained_models/model_1/evaluation_data/Y_test.txt
1559290127460|props|trained_models/model_1/evaluation_data/Y_test.txt
1559290235668|update|last_best_model/model.pkl
1559290235668|props|last_best_model/model.pkl
1559290236122|update|last_best_model/metrics/metrics_data.json
1559290236122|props|last_best_model/metrics/metrics_data.json
1559290332375|update|trained_models/model_1/model.pkl
1559290332375|props|trained_models/model_1/model.pkl
1559290348164|update|trained_models/model_1/evaluation_data/X_test.txt
1559290348164|props|trained_models/model_1/evaluation_data/X_test.txt
1559290350790|update|trained_models/model_1/evaluation_data/Y_test.txt
1559290350790|props|trained_models/model_1/evaluation_data/Y_test.txt
1559290450636|update|trained_models/model_2/model.pkl
1559290450636|props|trained_models/model_2/model.pkl
1559290465241|update|trained_models/model_2/evaluation_data/X_test.txt
1559290465241|props|trained_models/model_2/evaluation_data/X_test.txt
1559290472583|update|trained_models/model_2/evaluation_data/Y_test.txt
1559290472583|props|trained_models/model_2/evaluation_data/Y_test.txt
1559290512499|update|trained_models/model_1/model.pkl
1559290512499|props|trained_models/model_1/model.pkl
1559290530568|update|trained_models/model_1/evaluation_data/X_test.txt
1559290530568|props|trained_models/model_1/evaluation_data/X_test.txt
1559290536442|update|trained_models/model_1/evaluation_data/Y_test.txt
1559290536442|props|trained_models/model_1/evaluation_data/Y_test.txt
1559290570775|update|trained_models/model_2/model.pkl
1559290570775|props|trained_models/model_2/model.pkl
1559290580325|update|trained_models/model_2/evaluation_data/X_test.txt
1559290580325|props|trained_models/model_2/evaluation_data/X_test.txt
1559290582086|update|trained_models/model_2/evaluation_data/Y_test.txt
1559290582086|props|trained_models/model_2/evaluation_data/Y_test.txt
