--- Copying files at Thu Mar 21 10:19:32 UTC 2019
INSTALLED init.groovy.d/tcp-slave-agent-port.groovy
--- Copying files at Fri Mar 22 08:45:24 UTC 2019
--- Copying files at Mon Mar 25 14:37:15 UTC 2019
--- Copying files at Tue Mar 26 10:06:32 UTC 2019
--- Copying files at Tue Mar 26 10:43:29 UTC 2019
--- Copying files at Wed Apr  3 13:36:59 UTC 2019
--- Copying files at Thu Apr  4 15:29:37 UTC 2019
--- Copying files at Mon Apr  8 14:16:03 UTC 2019
--- Copying files at Mon Apr  8 15:07:10 UTC 2019
--- Copying files at Tue Apr  9 07:39:13 UTC 2019
--- Copying files at Tue Apr  9 14:51:47 UTC 2019
--- Copying files at Thu Apr 18 07:37:30 UTC 2019
--- Copying files at Thu Apr 18 09:02:32 UTC 2019
--- Copying files at Thu Apr 18 09:15:25 UTC 2019
--- Copying files at Thu Apr 18 09:24:24 UTC 2019
--- Copying files at Thu Apr 18 09:44:49 UTC 2019
--- Copying files at Thu Apr 18 11:35:45 UTC 2019
--- Copying files at Thu Apr 18 11:58:46 UTC 2019
--- Copying files at Thu Apr 18 12:20:48 UTC 2019
--- Copying files at Thu Apr 18 12:33:15 UTC 2019
--- Copying files at Thu Apr 18 13:24:22 UTC 2019
--- Copying files at Thu Apr 18 13:24:49 UTC 2019
--- Copying files at Thu Apr 18 13:32:41 UTC 2019
--- Copying files at Thu Apr 18 13:38:38 UTC 2019
--- Copying files at Thu Apr 18 13:39:49 UTC 2019
--- Copying files at Thu Apr 18 13:42:46 UTC 2019
--- Copying files at Thu Apr 18 13:50:54 UTC 2019
--- Copying files at Thu Apr 18 13:52:06 UTC 2019
--- Copying files at Thu Apr 18 13:53:44 UTC 2019
--- Copying files at Thu Apr 18 14:02:05 UTC 2019
--- Copying files at Thu Apr 18 14:17:08 UTC 2019
--- Copying files at Thu Apr 18 14:22:36 UTC 2019
--- Copying files at Thu Apr 18 14:28:50 UTC 2019
--- Copying files at Thu Apr 18 14:35:46 UTC 2019
--- Copying files at Thu Apr 18 14:37:43 UTC 2019
--- Copying files at Fri Apr 19 08:39:15 UTC 2019
--- Copying files at Fri Apr 19 08:43:57 UTC 2019
--- Copying files at Fri Apr 19 08:53:09 UTC 2019
--- Copying files at Fri Apr 19 09:09:53 UTC 2019
--- Copying files at Fri Apr 19 09:14:54 UTC 2019
--- Copying files at Fri Apr 19 09:26:36 UTC 2019
--- Copying files at Fri Apr 19 13:10:29 UTC 2019
--- Copying files at Fri Apr 19 15:12:47 UTC 2019
--- Copying files at Fri Apr 19 15:13:49 UTC 2019
--- Copying files at Tue Apr 23 07:46:01 UTC 2019
--- Copying files at Tue Apr 23 08:28:16 UTC 2019
--- Copying files at Tue Apr 23 08:35:49 UTC 2019
--- Copying files at Wed Apr 24 07:50:59 UTC 2019
--- Copying files at Wed Apr 24 07:51:30 UTC 2019
--- Copying files at Fri Apr 26 12:11:35 UTC 2019
--- Copying files at Fri Apr 26 12:17:51 UTC 2019
--- Copying files at Fri Apr 26 12:32:25 UTC 2019
--- Copying files at Fri Apr 26 12:42:22 UTC 2019
--- Copying files at Fri Apr 26 12:47:48 UTC 2019
--- Copying files at Fri Apr 26 12:56:38 UTC 2019
--- Copying files at Fri Apr 26 13:05:52 UTC 2019
--- Copying files at Fri Apr 26 13:33:30 UTC 2019
--- Copying files at Fri Apr 26 14:23:01 UTC 2019
--- Copying files at Fri Apr 26 14:27:07 UTC 2019
--- Copying files at Fri Apr 26 14:34:18 UTC 2019
--- Copying files at Fri Apr 26 15:20:05 UTC 2019
--- Copying files at Fri Apr 26 15:24:31 UTC 2019
--- Copying files at Mon Apr 29 09:42:58 UTC 2019
--- Copying files at Mon Apr 29 14:29:31 UTC 2019
--- Copying files at Tue Apr 30 09:25:08 UTC 2019
--- Copying files at Tue Apr 30 12:02:10 UTC 2019
--- Copying files at Thu May  2 07:19:52 UTC 2019
--- Copying files at Fri May  3 08:45:03 UTC 2019
--- Copying files at Fri May  3 09:01:01 UTC 2019
--- Copying files at Mon May  6 13:27:05 UTC 2019
--- Copying files at Mon May  6 13:38:07 UTC 2019
--- Copying files at Mon May  6 13:42:49 UTC 2019
--- Copying files at Mon May  6 13:47:27 UTC 2019
--- Copying files at Mon May  6 14:16:16 UTC 2019
--- Copying files at Mon May  6 14:23:15 UTC 2019
--- Copying files at Mon May  6 14:28:33 UTC 2019
--- Copying files at Mon May  6 14:31:11 UTC 2019
--- Copying files at Mon May  6 14:33:28 UTC 2019
--- Copying files at Mon May  6 14:48:49 UTC 2019
--- Copying files at Mon May  6 14:51:40 UTC 2019
--- Copying files at Mon May  6 14:56:40 UTC 2019
--- Copying files at Mon May  6 15:04:19 UTC 2019
--- Copying files at Mon May  6 15:26:04 UTC 2019
--- Copying files at Mon May  6 15:29:46 UTC 2019
--- Copying files at Tue May  7 08:09:04 UTC 2019
--- Copying files at Tue May  7 08:18:18 UTC 2019
--- Copying files at Tue May  7 08:29:06 UTC 2019
--- Copying files at Tue May  7 08:33:41 UTC 2019
--- Copying files at Tue May  7 08:45:09 UTC 2019
--- Copying files at Tue May  7 08:57:34 UTC 2019
--- Copying files at Tue May  7 09:10:06 UTC 2019
--- Copying files at Tue May  7 09:23:55 UTC 2019
--- Copying files at Tue May  7 09:29:18 UTC 2019
--- Copying files at Mon May 20 08:44:25 UTC 2019
--- Copying files at Mon May 20 09:22:34 UTC 2019
--- Copying files at Mon May 20 09:35:30 UTC 2019
--- Copying files at Mon May 20 09:56:44 UTC 2019
--- Copying files at Mon May 20 12:33:18 UTC 2019
--- Copying files at Mon May 20 13:46:05 UTC 2019
--- Copying files at Tue May 21 14:13:21 UTC 2019
--- Copying files at Tue May 21 14:18:00 UTC 2019
--- Copying files at Tue May 21 14:18:52 UTC 2019
--- Copying files at Tue May 21 14:54:58 UTC 2019
--- Copying files at Wed May 22 08:24:36 UTC 2019
--- Copying files at Wed May 22 13:04:35 UTC 2019
--- Copying files at Wed May 22 13:10:15 UTC 2019
--- Copying files at Mon May 27 07:28:31 UTC 2019
--- Copying files at Mon May 27 07:58:04 UTC 2019
--- Copying files at Mon May 27 09:27:59 UTC 2019
--- Copying files at Fri May 31 08:26:15 UTC 2019
--- Copying files at Fri May 31 08:34:04 UTC 2019
