2019-04-18T09:03:46.896+0000|UNKNOWN|UNKNOWN|anonymous|jfrt@01d8qtzt523pjz1zsnh74b0bqb|C|TKN|{"added":{"owner":"jfrt@01d8qtzt523pjz1zsnh74b0bqb","created":"1555578226767","subject":"jfrt@01d8qtzt523pjz1zsnh74b0bqb","scope":"admin","id":"ca0c3409-9e8a-4dfd-887f-606a68e643ee"}}
2019-04-18T09:03:51.522+0000|UNKNOWN|_system_|jfrt@01d8qtzt523pjz1zsnh74b0bqb|admin|C|USR|{"added":{"customData.updatable_profile":"true","password":"*","allowedIps":"[*]","realm":"internal","customData.artifactory_admin":"true","email":"","status":"enabled","username":"admin"}}
2019-04-18T09:03:51.566+0000|UNKNOWN|_system_|jfrt@01d8qtzt523pjz1zsnh74b0bqb|anonymous|C|USR|{"added":{"allowedIps":"[*]","realm":"internal","status":"enabled","username":"anonymous"}}
2019-04-18T09:03:51.697+0000|UNKNOWN|_system_|jfrt@01d8qtzt523pjz1zsnh74b0bqb|readers|C|GRP|{"added":{"autoJoin":"true","name":"readers","description":"A group for read-only users","realm":"internal"}}
2019-04-18T09:03:51.912+0000|UNKNOWN|_system_|jfrt@01d8qtzt523pjz1zsnh74b0bqb|jfrt@01d8qtzt523pjz1zsnh74b0bqb:08dbb59b-2f25-4222-af37-8697427a56f6|C|PRM|{"added":{"actions.readers(GROUP):r":"readers(GROUP):r","customData.includePattern":"**","customData.updatedBy":"_system_","displayName":"Anything","customData.repoKeys":"[ANY]","name":"jfrt@01d8qtzt523pjz1zsnh74b0bqb:08dbb59b-2f25-4222-af37-8697427a56f6","customData.excludePattern":"","actions.anonymous(USER):r":"anonymous(USER):r","serviceId":"jfrt@01d8qtzt523pjz1zsnh74b0bqb","resourceType":"repo"}}
2019-04-18T09:03:51.983+0000|UNKNOWN|_system_|jfrt@01d8qtzt523pjz1zsnh74b0bqb|jfrt@01d8qtzt523pjz1zsnh74b0bqb:d3881292-d589-4f30-a697-7e30cb232dce|C|PRM|{"added":{"actions.readers(GROUP):r":"readers(GROUP):r","customData.includePattern":"**","customData.updatedBy":"_system_","displayName":"Anything","customData.repoKeys":"[artifactory-build-info]","name":"jfrt@01d8qtzt523pjz1zsnh74b0bqb:d3881292-d589-4f30-a697-7e30cb232dce","customData.excludePattern":"","actions.anonymous(USER):r":"anonymous(USER):r","serviceId":"jfrt@01d8qtzt523pjz1zsnh74b0bqb","resourceType":"build"}}
2019-04-18T09:03:52.037+0000|UNKNOWN|_system_|jfrt@01d8qtzt523pjz1zsnh74b0bqb|jfrt@01d8qtzt523pjz1zsnh74b0bqb:05aae2d5-bb26-421a-b6eb-7485c50e4e93|C|PRM|{"added":{"customData.includePattern":"**","customData.updatedBy":"_system_","displayName":"Any Remote","customData.repoKeys":"[ANY REMOTE]","name":"jfrt@01d8qtzt523pjz1zsnh74b0bqb:05aae2d5-bb26-421a-b6eb-7485c50e4e93","customData.excludePattern":"","actions.anonymous(USER):r":"anonymous(USER):r","serviceId":"jfrt@01d8qtzt523pjz1zsnh74b0bqb","actions.anonymous(USER):w":"anonymous(USER):w","resourceType":"repo"}}
2019-04-18T09:16:13.868+0000|UNKNOWN|UNKNOWN|anonymous|jfrt@01d8qtzt523pjz1zsnh74b0bqb|C|TKN|{"added":{"owner":"jfrt@01d8qtzt523pjz1zsnh74b0bqb","created":"1555578973552","subject":"jfrt@01d8qtzt523pjz1zsnh74b0bqb","scope":"admin","id":"8baea2f8-1762-4cc9-864d-9b44a7551ed8"}}
2019-04-18T09:25:05.048+0000|UNKNOWN|UNKNOWN|anonymous|jfrt@01d8qtzt523pjz1zsnh74b0bqb|C|TKN|{"added":{"owner":"jfrt@01d8qtzt523pjz1zsnh74b0bqb","created":"1555579504941","subject":"jfrt@01d8qtzt523pjz1zsnh74b0bqb","scope":"admin","id":"5f8ed621-e255-44f1-aa5f-9ec377f42cb2"}}
2019-04-18T09:45:46.118+0000|UNKNOWN|UNKNOWN|anonymous|jfrt@01d8qtzt523pjz1zsnh74b0bqb|C|TKN|{"added":{"owner":"jfrt@01d8qtzt523pjz1zsnh74b0bqb","created":"1555580745904","subject":"jfrt@01d8qtzt523pjz1zsnh74b0bqb","scope":"admin","id":"3f3627dc-c2f9-4d18-ad88-d320a979da96"}}
2019-04-18T11:37:17.594+0000|UNKNOWN|UNKNOWN|anonymous|jfrt@01d8qtzt523pjz1zsnh74b0bqb|C|TKN|{"added":{"owner":"jfrt@01d8qtzt523pjz1zsnh74b0bqb","created":"1555587437368","subject":"jfrt@01d8qtzt523pjz1zsnh74b0bqb","scope":"admin","id":"0d624dc2-7f9e-4835-88b2-716f875937dc"}}
2019-04-18T11:59:31.439+0000|UNKNOWN|UNKNOWN|anonymous|jfrt@01d8qtzt523pjz1zsnh74b0bqb|C|TKN|{"added":{"owner":"jfrt@01d8qtzt523pjz1zsnh74b0bqb","created":"1555588771277","subject":"jfrt@01d8qtzt523pjz1zsnh74b0bqb","scope":"admin","id":"8e607b7a-36df-44dc-9b9b-b85a2938f843"}}
2019-04-18T12:21:35.251+0000|UNKNOWN|UNKNOWN|anonymous|jfrt@01d8qtzt523pjz1zsnh74b0bqb|C|TKN|{"added":{"owner":"jfrt@01d8qtzt523pjz1zsnh74b0bqb","created":"1555590095118","subject":"jfrt@01d8qtzt523pjz1zsnh74b0bqb","scope":"admin","id":"91aab937-6912-426a-ab2a-6370b5d04649"}}
2019-04-18T12:33:52.077+0000|UNKNOWN|UNKNOWN|anonymous|jfrt@01d8qtzt523pjz1zsnh74b0bqb|C|TKN|{"added":{"owner":"jfrt@01d8qtzt523pjz1zsnh74b0bqb","created":"1555590831897","subject":"jfrt@01d8qtzt523pjz1zsnh74b0bqb","scope":"admin","id":"1774289d-3d7e-4fa3-b63a-1275ffce3cb4"}}
2019-04-18T13:25:29.575+0000|UNKNOWN|UNKNOWN|anonymous|jfrt@01d8qtzt523pjz1zsnh74b0bqb|C|TKN|{"added":{"owner":"jfrt@01d8qtzt523pjz1zsnh74b0bqb","created":"1555593929420","subject":"jfrt@01d8qtzt523pjz1zsnh74b0bqb","scope":"admin","id":"5b4235c0-b8a7-4232-9b3f-77141fa7f44f"}}
2019-04-18T13:33:28.441+0000|UNKNOWN|UNKNOWN|anonymous|jfrt@01d8qtzt523pjz1zsnh74b0bqb|C|TKN|{"added":{"owner":"jfrt@01d8qtzt523pjz1zsnh74b0bqb","created":"1555594408284","subject":"jfrt@01d8qtzt523pjz1zsnh74b0bqb","scope":"admin","id":"4eb0bdd1-191f-426f-b8a6-1a80a6fb3616"}}
2019-04-18T13:40:31.848+0000|UNKNOWN|UNKNOWN|anonymous|jfrt@01d8qtzt523pjz1zsnh74b0bqb|C|TKN|{"added":{"owner":"jfrt@01d8qtzt523pjz1zsnh74b0bqb","created":"1555594831639","subject":"jfrt@01d8qtzt523pjz1zsnh74b0bqb","scope":"admin","id":"3286bcc8-56a5-4375-9918-8992dfc7e573"}}
2019-04-18T13:43:33.573+0000|UNKNOWN|UNKNOWN|anonymous|jfrt@01d8qtzt523pjz1zsnh74b0bqb|C|TKN|{"added":{"owner":"jfrt@01d8qtzt523pjz1zsnh74b0bqb","created":"1555595013240","subject":"jfrt@01d8qtzt523pjz1zsnh74b0bqb","scope":"admin","id":"748db8a8-d8e2-44b9-9f93-f01a816c490c"}}
2019-04-18T13:54:40.541+0000|UNKNOWN|UNKNOWN|anonymous|jfrt@01d8qtzt523pjz1zsnh74b0bqb|C|TKN|{"added":{"owner":"jfrt@01d8qtzt523pjz1zsnh74b0bqb","created":"1555595680299","subject":"jfrt@01d8qtzt523pjz1zsnh74b0bqb","scope":"admin","id":"b1015e92-5ca6-46f3-ba66-8db16353e917"}}
2019-04-18T14:03:13.511+0000|UNKNOWN|UNKNOWN|anonymous|jfrt@01d8qtzt523pjz1zsnh74b0bqb|C|TKN|{"added":{"owner":"jfrt@01d8qtzt523pjz1zsnh74b0bqb","created":"1555596193372","subject":"jfrt@01d8qtzt523pjz1zsnh74b0bqb","scope":"admin","id":"163c78b0-bcde-4c94-b036-cd550137d512"}}
2019-04-18T14:18:22.410+0000|UNKNOWN|UNKNOWN|anonymous|jfrt@01d8qtzt523pjz1zsnh74b0bqb|C|TKN|{"added":{"owner":"jfrt@01d8qtzt523pjz1zsnh74b0bqb","created":"1555597102257","subject":"jfrt@01d8qtzt523pjz1zsnh74b0bqb","scope":"admin","id":"bcc2fbb6-060a-41f4-abde-1583bacd1810"}}
2019-04-18T14:23:47.826+0000|UNKNOWN|UNKNOWN|anonymous|jfrt@01d8qtzt523pjz1zsnh74b0bqb|C|TKN|{"added":{"owner":"jfrt@01d8qtzt523pjz1zsnh74b0bqb","created":"1555597427526","subject":"jfrt@01d8qtzt523pjz1zsnh74b0bqb","scope":"admin","id":"f8365013-5c59-4e04-afe9-9d847c3ebb3a"}}
2019-04-18T14:29:47.771+0000|UNKNOWN|UNKNOWN|anonymous|jfrt@01d8qtzt523pjz1zsnh74b0bqb|C|TKN|{"added":{"owner":"jfrt@01d8qtzt523pjz1zsnh74b0bqb","created":"1555597787620","subject":"jfrt@01d8qtzt523pjz1zsnh74b0bqb","scope":"admin","id":"ad7cb563-26a6-408b-96cf-64a09e3574ab"}}
2019-04-18T14:36:54.765+0000|UNKNOWN|UNKNOWN|anonymous|jfrt@01d8qtzt523pjz1zsnh74b0bqb|C|TKN|{"added":{"owner":"jfrt@01d8qtzt523pjz1zsnh74b0bqb","created":"1555598214644","subject":"jfrt@01d8qtzt523pjz1zsnh74b0bqb","scope":"admin","id":"f400e868-75a9-4b15-8bb6-678a5815c90c"}}
2019-04-19T08:40:13.388+0000|UNKNOWN|UNKNOWN|anonymous|jfrt@01d8qtzt523pjz1zsnh74b0bqb|C|TKN|{"added":{"owner":"jfrt@01d8qtzt523pjz1zsnh74b0bqb","created":"1555663213228","subject":"jfrt@01d8qtzt523pjz1zsnh74b0bqb","scope":"admin","id":"8f4a8095-5b07-4cb6-88c8-9e79762afaac"}}
2019-04-19T08:44:55.611+0000|UNKNOWN|UNKNOWN|anonymous|jfrt@01d8qtzt523pjz1zsnh74b0bqb|C|TKN|{"added":{"owner":"jfrt@01d8qtzt523pjz1zsnh74b0bqb","created":"1555663495428","subject":"jfrt@01d8qtzt523pjz1zsnh74b0bqb","scope":"admin","id":"6c028a6e-e2be-4f67-a6c4-096e7c4f05c2"}}
2019-04-19T08:54:04.915+0000|UNKNOWN|UNKNOWN|anonymous|jfrt@01d8qtzt523pjz1zsnh74b0bqb|C|TKN|{"added":{"owner":"jfrt@01d8qtzt523pjz1zsnh74b0bqb","created":"1555664044766","subject":"jfrt@01d8qtzt523pjz1zsnh74b0bqb","scope":"admin","id":"02e386ff-55fd-41bd-8138-059c5e39bf12"}}
2019-04-19T09:10:54.608+0000|UNKNOWN|UNKNOWN|anonymous|jfrt@01d8qtzt523pjz1zsnh74b0bqb|C|TKN|{"added":{"owner":"jfrt@01d8qtzt523pjz1zsnh74b0bqb","created":"1555665054439","subject":"jfrt@01d8qtzt523pjz1zsnh74b0bqb","scope":"admin","id":"7ded321f-ca24-4a54-9907-3e5a7651a621"}}
2019-04-19T09:16:00.098+0000|UNKNOWN|UNKNOWN|anonymous|jfrt@01d8qtzt523pjz1zsnh74b0bqb|C|TKN|{"added":{"owner":"jfrt@01d8qtzt523pjz1zsnh74b0bqb","created":"1555665359954","subject":"jfrt@01d8qtzt523pjz1zsnh74b0bqb","scope":"admin","id":"08dc88b5-a82f-421a-ac61-aaf5ba03afc4"}}
2019-04-19T09:28:33.327+0000|UNKNOWN|UNKNOWN|anonymous|jfrt@01d8qtzt523pjz1zsnh74b0bqb|C|TKN|{"added":{"owner":"jfrt@01d8qtzt523pjz1zsnh74b0bqb","created":"1555666113123","subject":"jfrt@01d8qtzt523pjz1zsnh74b0bqb","scope":"admin","id":"9c8055b6-f29f-450c-9159-afb934532122"}}
2019-04-19T13:11:50.174+0000|UNKNOWN|UNKNOWN|anonymous|jfrt@01d8qtzt523pjz1zsnh74b0bqb|C|TKN|{"added":{"owner":"jfrt@01d8qtzt523pjz1zsnh74b0bqb","created":"1555679509991","subject":"jfrt@01d8qtzt523pjz1zsnh74b0bqb","scope":"admin","id":"d346ba63-d07b-4c5a-9e8c-889cd5b62de4"}}
2019-04-19T15:15:09.660+0000|UNKNOWN|UNKNOWN|anonymous|jfrt@01d8qtzt523pjz1zsnh74b0bqb|C|TKN|{"added":{"owner":"jfrt@01d8qtzt523pjz1zsnh74b0bqb","created":"1555686909514","subject":"jfrt@01d8qtzt523pjz1zsnh74b0bqb","scope":"admin","id":"981260ab-29dd-4252-8fb8-3efd088eec8f"}}
2019-04-23T07:46:51.202+0000|UNKNOWN|UNKNOWN|anonymous|jfrt@01d8qtzt523pjz1zsnh74b0bqb|C|TKN|{"added":{"owner":"jfrt@01d8qtzt523pjz1zsnh74b0bqb","created":"1556005610979","subject":"jfrt@01d8qtzt523pjz1zsnh74b0bqb","scope":"admin","id":"57f790f0-449c-4ac1-9c4f-06a9b53582f3"}}
2019-04-23T08:29:04.144+0000|UNKNOWN|UNKNOWN|anonymous|jfrt@01d8qtzt523pjz1zsnh74b0bqb|C|TKN|{"added":{"owner":"jfrt@01d8qtzt523pjz1zsnh74b0bqb","created":"1556008143997","subject":"jfrt@01d8qtzt523pjz1zsnh74b0bqb","scope":"admin","id":"688320c5-d561-48a3-b915-4476c8091cf7"}}
2019-04-23T08:37:00.066+0000|UNKNOWN|UNKNOWN|anonymous|jfrt@01d8qtzt523pjz1zsnh74b0bqb|C|TKN|{"added":{"owner":"jfrt@01d8qtzt523pjz1zsnh74b0bqb","created":"1556008619887","subject":"jfrt@01d8qtzt523pjz1zsnh74b0bqb","scope":"admin","id":"24c9c9e1-e7ff-40e3-8e91-57dd500f05a4"}}
2019-04-24T07:52:43.545+0000|UNKNOWN|UNKNOWN|anonymous|jfrt@01d8qtzt523pjz1zsnh74b0bqb|C|TKN|{"added":{"owner":"jfrt@01d8qtzt523pjz1zsnh74b0bqb","created":"1556092363381","subject":"jfrt@01d8qtzt523pjz1zsnh74b0bqb","scope":"admin","id":"3cf1b5ea-8151-4a32-ac08-8c494de683dc"}}
2019-04-26T12:13:20.569+0000|UNKNOWN|UNKNOWN|anonymous|jfrt@01d8qtzt523pjz1zsnh74b0bqb|C|TKN|{"added":{"owner":"jfrt@01d8qtzt523pjz1zsnh74b0bqb","created":"1556280800368","subject":"jfrt@01d8qtzt523pjz1zsnh74b0bqb","scope":"admin","id":"7c095f7d-8aeb-4f99-8e2b-f2c751388936"}}
2019-04-26T12:18:47.284+0000|UNKNOWN|UNKNOWN|anonymous|jfrt@01d8qtzt523pjz1zsnh74b0bqb|C|TKN|{"added":{"owner":"jfrt@01d8qtzt523pjz1zsnh74b0bqb","created":"1556281127093","subject":"jfrt@01d8qtzt523pjz1zsnh74b0bqb","scope":"admin","id":"ecfea162-903f-4c10-9ccc-1a080f27640a"}}
2019-04-26T12:33:21.316+0000|UNKNOWN|UNKNOWN|anonymous|jfrt@01d8qtzt523pjz1zsnh74b0bqb|C|TKN|{"added":{"owner":"jfrt@01d8qtzt523pjz1zsnh74b0bqb","created":"1556282001193","subject":"jfrt@01d8qtzt523pjz1zsnh74b0bqb","scope":"admin","id":"74a1346d-a367-4fd8-9233-fa299fabd175"}}
2019-04-26T12:43:16.044+0000|UNKNOWN|UNKNOWN|anonymous|jfrt@01d8qtzt523pjz1zsnh74b0bqb|C|TKN|{"added":{"owner":"jfrt@01d8qtzt523pjz1zsnh74b0bqb","created":"1556282595881","subject":"jfrt@01d8qtzt523pjz1zsnh74b0bqb","scope":"admin","id":"a0879245-642e-4214-a29e-7c58901c9459"}}
2019-04-26T12:48:40.964+0000|UNKNOWN|UNKNOWN|anonymous|jfrt@01d8qtzt523pjz1zsnh74b0bqb|C|TKN|{"added":{"owner":"jfrt@01d8qtzt523pjz1zsnh74b0bqb","created":"1556282920846","subject":"jfrt@01d8qtzt523pjz1zsnh74b0bqb","scope":"admin","id":"601ba7a6-408e-494c-b5ab-68f1bbf2603f"}}
2019-04-26T12:57:30.621+0000|UNKNOWN|UNKNOWN|anonymous|jfrt@01d8qtzt523pjz1zsnh74b0bqb|C|TKN|{"added":{"owner":"jfrt@01d8qtzt523pjz1zsnh74b0bqb","created":"1556283450431","subject":"jfrt@01d8qtzt523pjz1zsnh74b0bqb","scope":"admin","id":"b44789b3-b2fb-4105-ac8a-8c0dbaa8457e"}}
2019-04-26T13:06:42.286+0000|UNKNOWN|UNKNOWN|anonymous|jfrt@01d8qtzt523pjz1zsnh74b0bqb|C|TKN|{"added":{"owner":"jfrt@01d8qtzt523pjz1zsnh74b0bqb","created":"1556284002120","subject":"jfrt@01d8qtzt523pjz1zsnh74b0bqb","scope":"admin","id":"f3678f11-c3c7-4982-99e8-619c1ca8c348"}}
2019-04-26T13:34:21.756+0000|UNKNOWN|UNKNOWN|anonymous|jfrt@01d8qtzt523pjz1zsnh74b0bqb|C|TKN|{"added":{"owner":"jfrt@01d8qtzt523pjz1zsnh74b0bqb","created":"1556285661589","subject":"jfrt@01d8qtzt523pjz1zsnh74b0bqb","scope":"admin","id":"2b05cf7e-2b45-46d2-9f01-a3f8e608117d"}}
2019-04-26T14:23:59.580+0000|UNKNOWN|UNKNOWN|anonymous|jfrt@01d8qtzt523pjz1zsnh74b0bqb|C|TKN|{"added":{"owner":"jfrt@01d8qtzt523pjz1zsnh74b0bqb","created":"1556288639445","subject":"jfrt@01d8qtzt523pjz1zsnh74b0bqb","scope":"admin","id":"48494cea-1752-4216-846f-0eb563bc1e28"}}
2019-04-26T14:28:07.910+0000|UNKNOWN|UNKNOWN|anonymous|jfrt@01d8qtzt523pjz1zsnh74b0bqb|C|TKN|{"added":{"owner":"jfrt@01d8qtzt523pjz1zsnh74b0bqb","created":"1556288887764","subject":"jfrt@01d8qtzt523pjz1zsnh74b0bqb","scope":"admin","id":"538e0f97-4a2a-4e21-aec2-4bf51057bf1a"}}
2019-04-26T14:35:18.727+0000|UNKNOWN|UNKNOWN|anonymous|jfrt@01d8qtzt523pjz1zsnh74b0bqb|C|TKN|{"added":{"owner":"jfrt@01d8qtzt523pjz1zsnh74b0bqb","created":"1556289318464","subject":"jfrt@01d8qtzt523pjz1zsnh74b0bqb","scope":"admin","id":"375f2d1e-f727-4730-8ba9-b6415bcb43e6"}}
2019-04-26T15:20:58.594+0000|UNKNOWN|UNKNOWN|anonymous|jfrt@01d8qtzt523pjz1zsnh74b0bqb|C|TKN|{"added":{"owner":"jfrt@01d8qtzt523pjz1zsnh74b0bqb","created":"1556292058402","subject":"jfrt@01d8qtzt523pjz1zsnh74b0bqb","scope":"admin","id":"a732fa75-55ad-45f2-ab2a-24563f99e076"}}
2019-04-26T15:25:21.627+0000|UNKNOWN|UNKNOWN|anonymous|jfrt@01d8qtzt523pjz1zsnh74b0bqb|C|TKN|{"added":{"owner":"jfrt@01d8qtzt523pjz1zsnh74b0bqb","created":"1556292321480","subject":"jfrt@01d8qtzt523pjz1zsnh74b0bqb","scope":"admin","id":"997b5c66-af71-43ab-ae99-7ba89a9ddcfe"}}
2019-04-29T09:44:49.399+0000|UNKNOWN|UNKNOWN|anonymous|jfrt@01d8qtzt523pjz1zsnh74b0bqb|C|TKN|{"added":{"owner":"jfrt@01d8qtzt523pjz1zsnh74b0bqb","created":"1556531089256","subject":"jfrt@01d8qtzt523pjz1zsnh74b0bqb","scope":"admin","id":"69d9b648-7dd6-487a-9cf1-7defa1f54468"}}
2019-04-29T14:30:37.165+0000|UNKNOWN|UNKNOWN|anonymous|jfrt@01d8qtzt523pjz1zsnh74b0bqb|C|TKN|{"added":{"owner":"jfrt@01d8qtzt523pjz1zsnh74b0bqb","created":"1556548236819","subject":"jfrt@01d8qtzt523pjz1zsnh74b0bqb","scope":"admin","id":"c44cd9d4-f556-4e07-a07d-ec19ac527045"}}
2019-04-30T09:26:03.222+0000|UNKNOWN|UNKNOWN|anonymous|jfrt@01d8qtzt523pjz1zsnh74b0bqb|C|TKN|{"added":{"owner":"jfrt@01d8qtzt523pjz1zsnh74b0bqb","created":"1556616363057","subject":"jfrt@01d8qtzt523pjz1zsnh74b0bqb","scope":"admin","id":"00fc86d7-60eb-46b5-8459-aff112248a4b"}}
2019-04-30T12:03:03.680+0000|UNKNOWN|UNKNOWN|anonymous|jfrt@01d8qtzt523pjz1zsnh74b0bqb|C|TKN|{"added":{"owner":"jfrt@01d8qtzt523pjz1zsnh74b0bqb","created":"1556625783503","subject":"jfrt@01d8qtzt523pjz1zsnh74b0bqb","scope":"admin","id":"e6937cc7-05a6-43db-a4ef-e2d3433d1627"}}
2019-05-02T07:20:47.714+0000|UNKNOWN|UNKNOWN|anonymous|jfrt@01d8qtzt523pjz1zsnh74b0bqb|C|TKN|{"added":{"owner":"jfrt@01d8qtzt523pjz1zsnh74b0bqb","created":"1556781647411","subject":"jfrt@01d8qtzt523pjz1zsnh74b0bqb","scope":"admin","id":"b7fba58e-fdf3-479e-914b-aca3c761b66a"}}
2019-05-02T09:24:08.516+0000|172.19.0.1|admin|jfrt@01d8qtzt523pjz1zsnh74b0bqb|admin|U|USR|{"added":{"customData.gen_password_key":"*","customData.private_key":"*","customData.public_key":"*"}}
2019-05-03T08:45:49.031+0000|UNKNOWN|UNKNOWN|anonymous|jfrt@01d8qtzt523pjz1zsnh74b0bqb|C|TKN|{"added":{"owner":"jfrt@01d8qtzt523pjz1zsnh74b0bqb","created":"1556873148964","subject":"jfrt@01d8qtzt523pjz1zsnh74b0bqb","scope":"admin","id":"98c36f00-e83b-42de-80f0-0ee42e2b584f"}}
2019-05-03T09:01:54.615+0000|UNKNOWN|UNKNOWN|anonymous|jfrt@01d8qtzt523pjz1zsnh74b0bqb|C|TKN|{"added":{"owner":"jfrt@01d8qtzt523pjz1zsnh74b0bqb","created":"1556874114451","subject":"jfrt@01d8qtzt523pjz1zsnh74b0bqb","scope":"admin","id":"6e0545ef-3e39-4007-a665-e31d3b260344"}}
2019-05-06T13:27:54.438+0000|UNKNOWN|UNKNOWN|anonymous|jfrt@01d8qtzt523pjz1zsnh74b0bqb|C|TKN|{"added":{"owner":"jfrt@01d8qtzt523pjz1zsnh74b0bqb","created":"1557149274308","subject":"jfrt@01d8qtzt523pjz1zsnh74b0bqb","scope":"admin","id":"94db3d37-58f9-48ad-8c39-8aae7c8c5a47"}}
2019-05-06T13:39:01.052+0000|UNKNOWN|UNKNOWN|anonymous|jfrt@01d8qtzt523pjz1zsnh74b0bqb|C|TKN|{"added":{"owner":"jfrt@01d8qtzt523pjz1zsnh74b0bqb","created":"1557149940974","subject":"jfrt@01d8qtzt523pjz1zsnh74b0bqb","scope":"admin","id":"61fe578f-f4a0-4ce9-9d53-9bdad8837ec8"}}
2019-05-06T13:43:38.915+0000|UNKNOWN|UNKNOWN|anonymous|jfrt@01d8qtzt523pjz1zsnh74b0bqb|C|TKN|{"added":{"owner":"jfrt@01d8qtzt523pjz1zsnh74b0bqb","created":"1557150218812","subject":"jfrt@01d8qtzt523pjz1zsnh74b0bqb","scope":"admin","id":"db3a4485-f575-479d-b14d-7ab781d89270"}}
2019-05-06T13:48:19.760+0000|UNKNOWN|UNKNOWN|anonymous|jfrt@01d8qtzt523pjz1zsnh74b0bqb|C|TKN|{"added":{"owner":"jfrt@01d8qtzt523pjz1zsnh74b0bqb","created":"1557150499644","subject":"jfrt@01d8qtzt523pjz1zsnh74b0bqb","scope":"admin","id":"6fee741f-e583-4bbc-a27a-c62545c04097"}}
2019-05-06T14:17:03.826+0000|UNKNOWN|UNKNOWN|anonymous|jfrt@01d8qtzt523pjz1zsnh74b0bqb|C|TKN|{"added":{"owner":"jfrt@01d8qtzt523pjz1zsnh74b0bqb","created":"1557152223741","subject":"jfrt@01d8qtzt523pjz1zsnh74b0bqb","scope":"admin","id":"aaa820c0-5c7c-49ea-abb7-ee1c0ec35c16"}}
2019-05-06T14:24:03.507+0000|UNKNOWN|UNKNOWN|anonymous|jfrt@01d8qtzt523pjz1zsnh74b0bqb|C|TKN|{"added":{"owner":"jfrt@01d8qtzt523pjz1zsnh74b0bqb","created":"1557152643357","subject":"jfrt@01d8qtzt523pjz1zsnh74b0bqb","scope":"admin","id":"de951e1c-10d4-461b-b031-116d4fc57545"}}
2019-05-06T14:29:25.665+0000|UNKNOWN|UNKNOWN|anonymous|jfrt@01d8qtzt523pjz1zsnh74b0bqb|C|TKN|{"added":{"owner":"jfrt@01d8qtzt523pjz1zsnh74b0bqb","created":"1557152965534","subject":"jfrt@01d8qtzt523pjz1zsnh74b0bqb","scope":"admin","id":"2607dc63-3c8e-462a-ad71-76f8d5161f2b"}}
2019-05-06T14:34:23.221+0000|UNKNOWN|UNKNOWN|anonymous|jfrt@01d8qtzt523pjz1zsnh74b0bqb|C|TKN|{"added":{"owner":"jfrt@01d8qtzt523pjz1zsnh74b0bqb","created":"1557153263133","subject":"jfrt@01d8qtzt523pjz1zsnh74b0bqb","scope":"admin","id":"3adfb4b5-f7cf-4b22-90f4-cac821a697b2"}}
2019-05-06T14:49:39.060+0000|UNKNOWN|UNKNOWN|anonymous|jfrt@01d8qtzt523pjz1zsnh74b0bqb|C|TKN|{"added":{"owner":"jfrt@01d8qtzt523pjz1zsnh74b0bqb","created":"1557154178978","subject":"jfrt@01d8qtzt523pjz1zsnh74b0bqb","scope":"admin","id":"1800c683-2d31-4c67-b07f-b98e5393444c"}}
2019-05-06T14:52:28.664+0000|UNKNOWN|UNKNOWN|anonymous|jfrt@01d8qtzt523pjz1zsnh74b0bqb|C|TKN|{"added":{"owner":"jfrt@01d8qtzt523pjz1zsnh74b0bqb","created":"1557154348531","subject":"jfrt@01d8qtzt523pjz1zsnh74b0bqb","scope":"admin","id":"25308202-7706-480b-a23a-5d270b6efc94"}}
2019-05-06T14:57:28.370+0000|UNKNOWN|UNKNOWN|anonymous|jfrt@01d8qtzt523pjz1zsnh74b0bqb|C|TKN|{"added":{"owner":"jfrt@01d8qtzt523pjz1zsnh74b0bqb","created":"1557154648265","subject":"jfrt@01d8qtzt523pjz1zsnh74b0bqb","scope":"admin","id":"4a02ca09-2243-4057-8e0b-20111e3a8d2d"}}
2019-05-06T15:05:09.894+0000|UNKNOWN|UNKNOWN|anonymous|jfrt@01d8qtzt523pjz1zsnh74b0bqb|C|TKN|{"added":{"owner":"jfrt@01d8qtzt523pjz1zsnh74b0bqb","created":"1557155109788","subject":"jfrt@01d8qtzt523pjz1zsnh74b0bqb","scope":"admin","id":"17f748f7-4be1-44e7-981c-70ff1ba6a4d6"}}
2019-05-06T15:26:56.370+0000|UNKNOWN|UNKNOWN|anonymous|jfrt@01d8qtzt523pjz1zsnh74b0bqb|C|TKN|{"added":{"owner":"jfrt@01d8qtzt523pjz1zsnh74b0bqb","created":"1557156416252","subject":"jfrt@01d8qtzt523pjz1zsnh74b0bqb","scope":"admin","id":"f8565269-eb70-4fb8-99b0-317e6a83ed42"}}
2019-05-06T15:30:35.955+0000|UNKNOWN|UNKNOWN|anonymous|jfrt@01d8qtzt523pjz1zsnh74b0bqb|C|TKN|{"added":{"owner":"jfrt@01d8qtzt523pjz1zsnh74b0bqb","created":"1557156635836","subject":"jfrt@01d8qtzt523pjz1zsnh74b0bqb","scope":"admin","id":"3084ce95-4f01-4352-92c9-8e8bcf7b01ab"}}
2019-05-07T08:09:52.670+0000|UNKNOWN|UNKNOWN|anonymous|jfrt@01d8qtzt523pjz1zsnh74b0bqb|C|TKN|{"added":{"owner":"jfrt@01d8qtzt523pjz1zsnh74b0bqb","created":"1557216592573","subject":"jfrt@01d8qtzt523pjz1zsnh74b0bqb","scope":"admin","id":"02127387-9ef2-4d1e-a770-52174803f4af"}}
2019-05-07T08:19:08.081+0000|UNKNOWN|UNKNOWN|anonymous|jfrt@01d8qtzt523pjz1zsnh74b0bqb|C|TKN|{"added":{"owner":"jfrt@01d8qtzt523pjz1zsnh74b0bqb","created":"1557217147969","subject":"jfrt@01d8qtzt523pjz1zsnh74b0bqb","scope":"admin","id":"5dc68c48-4de9-42e7-8409-d10224c7af3c"}}
2019-05-07T08:29:59.767+0000|UNKNOWN|UNKNOWN|anonymous|jfrt@01d8qtzt523pjz1zsnh74b0bqb|C|TKN|{"added":{"owner":"jfrt@01d8qtzt523pjz1zsnh74b0bqb","created":"1557217799634","subject":"jfrt@01d8qtzt523pjz1zsnh74b0bqb","scope":"admin","id":"497e7764-efd9-41fc-91ae-3711e85b00db"}}
2019-05-07T08:34:33.975+0000|UNKNOWN|UNKNOWN|anonymous|jfrt@01d8qtzt523pjz1zsnh74b0bqb|C|TKN|{"added":{"owner":"jfrt@01d8qtzt523pjz1zsnh74b0bqb","created":"1557218073715","subject":"jfrt@01d8qtzt523pjz1zsnh74b0bqb","scope":"admin","id":"b7268ccd-27c3-4c3e-9fea-5a8fa5a9b264"}}
2019-05-07T08:46:03.369+0000|UNKNOWN|UNKNOWN|anonymous|jfrt@01d8qtzt523pjz1zsnh74b0bqb|C|TKN|{"added":{"owner":"jfrt@01d8qtzt523pjz1zsnh74b0bqb","created":"1557218763260","subject":"jfrt@01d8qtzt523pjz1zsnh74b0bqb","scope":"admin","id":"e45c17f3-2592-4d3f-94aa-b4e9e3d46c5a"}}
2019-05-07T08:58:27.099+0000|UNKNOWN|UNKNOWN|anonymous|jfrt@01d8qtzt523pjz1zsnh74b0bqb|C|TKN|{"added":{"owner":"jfrt@01d8qtzt523pjz1zsnh74b0bqb","created":"1557219506978","subject":"jfrt@01d8qtzt523pjz1zsnh74b0bqb","scope":"admin","id":"62023897-2bf8-4de8-9ac5-9732ad589cd9"}}
2019-05-07T09:10:55.664+0000|UNKNOWN|UNKNOWN|anonymous|jfrt@01d8qtzt523pjz1zsnh74b0bqb|C|TKN|{"added":{"owner":"jfrt@01d8qtzt523pjz1zsnh74b0bqb","created":"1557220255572","subject":"jfrt@01d8qtzt523pjz1zsnh74b0bqb","scope":"admin","id":"62dd41b6-27a4-4570-91c3-f05b1b8ee782"}}
2019-05-07T09:24:45.212+0000|UNKNOWN|UNKNOWN|anonymous|jfrt@01d8qtzt523pjz1zsnh74b0bqb|C|TKN|{"added":{"owner":"jfrt@01d8qtzt523pjz1zsnh74b0bqb","created":"1557221085078","subject":"jfrt@01d8qtzt523pjz1zsnh74b0bqb","scope":"admin","id":"e00390f9-2944-47c0-a143-a7d7b44b2d03"}}
2019-05-07T09:30:10.771+0000|UNKNOWN|UNKNOWN|anonymous|jfrt@01d8qtzt523pjz1zsnh74b0bqb|C|TKN|{"added":{"owner":"jfrt@01d8qtzt523pjz1zsnh74b0bqb","created":"1557221410641","subject":"jfrt@01d8qtzt523pjz1zsnh74b0bqb","scope":"admin","id":"f3bb406e-136e-4e13-b305-79a098c45356"}}
2019-05-20T08:45:33.946+0000|UNKNOWN|UNKNOWN|anonymous|jfrt@01d8qtzt523pjz1zsnh74b0bqb|C|TKN|{"added":{"owner":"jfrt@01d8qtzt523pjz1zsnh74b0bqb","created":"1558341933762","subject":"jfrt@01d8qtzt523pjz1zsnh74b0bqb","scope":"admin","id":"fd1f0160-fa5a-4144-ae18-b67697774228"}}
2019-05-20T09:23:33.684+0000|UNKNOWN|UNKNOWN|anonymous|jfrt@01d8qtzt523pjz1zsnh74b0bqb|C|TKN|{"added":{"owner":"jfrt@01d8qtzt523pjz1zsnh74b0bqb","created":"1558344213537","subject":"jfrt@01d8qtzt523pjz1zsnh74b0bqb","scope":"admin","id":"4224dcfc-6ece-4b61-a76b-5882e3979b91"}}
2019-05-20T09:36:29.296+0000|UNKNOWN|UNKNOWN|anonymous|jfrt@01d8qtzt523pjz1zsnh74b0bqb|C|TKN|{"added":{"owner":"jfrt@01d8qtzt523pjz1zsnh74b0bqb","created":"1558344989114","subject":"jfrt@01d8qtzt523pjz1zsnh74b0bqb","scope":"admin","id":"403f4810-719b-4881-9260-66a3b21528f3"}}
2019-05-20T09:57:46.675+0000|UNKNOWN|UNKNOWN|anonymous|jfrt@01d8qtzt523pjz1zsnh74b0bqb|C|TKN|{"added":{"owner":"jfrt@01d8qtzt523pjz1zsnh74b0bqb","created":"1558346266392","subject":"jfrt@01d8qtzt523pjz1zsnh74b0bqb","scope":"admin","id":"91182c9e-0430-4446-a55e-53d0e423f386"}}
2019-05-20T12:34:15.541+0000|UNKNOWN|UNKNOWN|anonymous|jfrt@01d8qtzt523pjz1zsnh74b0bqb|C|TKN|{"added":{"owner":"jfrt@01d8qtzt523pjz1zsnh74b0bqb","created":"1558355655438","subject":"jfrt@01d8qtzt523pjz1zsnh74b0bqb","scope":"admin","id":"11edb507-a2c6-4ec0-9af4-3d01672a8e73"}}
2019-05-20T13:47:00.506+0000|UNKNOWN|UNKNOWN|anonymous|jfrt@01d8qtzt523pjz1zsnh74b0bqb|C|TKN|{"added":{"owner":"jfrt@01d8qtzt523pjz1zsnh74b0bqb","created":"1558360020386","subject":"jfrt@01d8qtzt523pjz1zsnh74b0bqb","scope":"admin","id":"db5a8641-0306-448b-99a2-a6d46eba9082"}}
2019-05-21T14:14:05.814+0000|UNKNOWN|UNKNOWN|anonymous|jfrt@01d8qtzt523pjz1zsnh74b0bqb|C|TKN|{"added":{"owner":"jfrt@01d8qtzt523pjz1zsnh74b0bqb","created":"1558448045679","subject":"jfrt@01d8qtzt523pjz1zsnh74b0bqb","scope":"admin","id":"52ed9f20-058f-49d3-8895-b7280f6a5381"}}
2019-05-21T14:19:50.942+0000|UNKNOWN|UNKNOWN|anonymous|jfrt@01d8qtzt523pjz1zsnh74b0bqb|C|TKN|{"added":{"owner":"jfrt@01d8qtzt523pjz1zsnh74b0bqb","created":"1558448390825","subject":"jfrt@01d8qtzt523pjz1zsnh74b0bqb","scope":"admin","id":"21729805-2d62-42fa-82b8-49ac2266ef2b"}}
2019-05-21T14:55:58.630+0000|UNKNOWN|UNKNOWN|anonymous|jfrt@01d8qtzt523pjz1zsnh74b0bqb|C|TKN|{"added":{"owner":"jfrt@01d8qtzt523pjz1zsnh74b0bqb","created":"1558450558457","subject":"jfrt@01d8qtzt523pjz1zsnh74b0bqb","scope":"admin","id":"3663455a-5ef9-443a-834d-e965e05fa078"}}
2019-05-22T08:25:32.861+0000|UNKNOWN|UNKNOWN|anonymous|jfrt@01d8qtzt523pjz1zsnh74b0bqb|C|TKN|{"added":{"owner":"jfrt@01d8qtzt523pjz1zsnh74b0bqb","created":"1558513532753","subject":"jfrt@01d8qtzt523pjz1zsnh74b0bqb","scope":"admin","id":"949fa53f-3502-4b98-a701-cb473d3d843e"}}
2019-05-22T13:05:32.817+0000|UNKNOWN|UNKNOWN|anonymous|jfrt@01d8qtzt523pjz1zsnh74b0bqb|C|TKN|{"added":{"owner":"jfrt@01d8qtzt523pjz1zsnh74b0bqb","created":"1558530332669","subject":"jfrt@01d8qtzt523pjz1zsnh74b0bqb","scope":"admin","id":"905aef74-6b8a-454d-8fbd-ff0b30541fff"}}
2019-05-22T13:11:12.993+0000|UNKNOWN|UNKNOWN|anonymous|jfrt@01d8qtzt523pjz1zsnh74b0bqb|C|TKN|{"added":{"owner":"jfrt@01d8qtzt523pjz1zsnh74b0bqb","created":"1558530672855","subject":"jfrt@01d8qtzt523pjz1zsnh74b0bqb","scope":"admin","id":"78c0007c-67b6-4d99-ad85-37855cddd715"}}
2019-05-27T07:29:30.147+0000|UNKNOWN|UNKNOWN|anonymous|jfrt@01d8qtzt523pjz1zsnh74b0bqb|C|TKN|{"added":{"owner":"jfrt@01d8qtzt523pjz1zsnh74b0bqb","created":"1558942170017","subject":"jfrt@01d8qtzt523pjz1zsnh74b0bqb","scope":"admin","id":"3d2d02b9-7b2d-47f2-81f6-584859574127"}}
2019-05-27T07:59:02.024+0000|UNKNOWN|UNKNOWN|anonymous|jfrt@01d8qtzt523pjz1zsnh74b0bqb|C|TKN|{"added":{"owner":"jfrt@01d8qtzt523pjz1zsnh74b0bqb","created":"1558943941923","subject":"jfrt@01d8qtzt523pjz1zsnh74b0bqb","scope":"admin","id":"c5df8af6-96ea-4e89-816e-34b2e7468934"}}
2019-05-27T09:29:00.387+0000|UNKNOWN|UNKNOWN|anonymous|jfrt@01d8qtzt523pjz1zsnh74b0bqb|C|TKN|{"added":{"owner":"jfrt@01d8qtzt523pjz1zsnh74b0bqb","created":"1558949340276","subject":"jfrt@01d8qtzt523pjz1zsnh74b0bqb","scope":"admin","id":"2f5a91e6-9d84-4edc-9ddd-7f33ed5756fb"}}
2019-05-31T08:27:21.954+0000|UNKNOWN|UNKNOWN|anonymous|jfrt@01d8qtzt523pjz1zsnh74b0bqb|C|TKN|{"added":{"owner":"jfrt@01d8qtzt523pjz1zsnh74b0bqb","created":"1559291241828","subject":"jfrt@01d8qtzt523pjz1zsnh74b0bqb","scope":"admin","id":"6f18dbfe-c682-4fb6-ba5f-7cdf962b70dc"}}
2019-05-31T08:34:50.408+0000|UNKNOWN|UNKNOWN|anonymous|jfrt@01d8qtzt523pjz1zsnh74b0bqb|C|TKN|{"added":{"owner":"jfrt@01d8qtzt523pjz1zsnh74b0bqb","created":"1559291690258","subject":"jfrt@01d8qtzt523pjz1zsnh74b0bqb","scope":"admin","id":"c47b4945-727d-4433-a6c0-e406214f75f5"}}
