Started at Thu May 30 06:25:26 UTC 2019
Checking evaluate_models
Checking model_production_deployment
Checking prepare_data
Checking run_training
Checking scan_models
Checking web_server_deployment
Checking scan_models » model_1
Checking scan_models » model_2
Finished at Thu May 30 06:25:26 UTC 2019. 38ms
Started at Fri May 31 06:23:43 UTC 2019
Checking evaluate_models
Checking model_production_deployment
Checking prepare_data
Checking run_training
Checking scan_models
Checking web_server_deployment
Checking scan_models » model_1
Checking scan_models » model_2
Finished at Fri May 31 06:23:43 UTC 2019. 27ms
